<?xml version="1.0" encoding="utf-8"?><testsuites name="pytest tests"><testsuite name="pytest" errors="0" failures="2" skipped="0" tests="24" time="13.222" timestamp="2026-01-26T00:15:26.814876+00:00" hostname="agent-env-85cd7990-0ffb-4a8c-aea2-456007b54d34"><testcase classname="tests.test_agency_success_automation.TestHealthCheck" name="test_health_endpoint" time="12.167" /><testcase classname="tests.test_agency_success_automation.TestOnboardingWorkflows" name="test_create_onboarding_workflow" time="0.052" /><testcase classname="tests.test_agency_success_automation.TestOnboardingWorkflows" name="test_list_onboarding_workflows" time="0.029" /><testcase classname="tests.test_agency_success_automation.TestOnboardingWorkflows" name="test_get_onboarding_stats" time="0.028" /><testcase classname="tests.test_agency_success_automation.TestContractManagement" name="test_create_contract" time="0.029" /><testcase classname="tests.test_agency_success_automation.TestContractManagement" name="test_list_contracts" time="0.029" /><testcase classname="tests.test_agency_success_automation.TestContractManagement" name="test_get_contract_stats" time="0.030" /><testcase classname="tests.test_agency_success_automation.TestBookingManagement" name="test_create_booking" time="0.028" /><testcase classname="tests.test_agency_success_automation.TestBookingManagement" name="test_list_bookings" time="0.029" /><testcase classname="tests.test_agency_success_automation.TestBookingManagement" name="test_get_booking_stats" time="0.031" /><testcase classname="tests.test_agency_success_automation.TestKPIDashboard" name="test_get_agency_kpis" time="0.032" /><testcase classname="tests.test_agency_success_automation.TestKPIDashboard" name="test_get_kpis_quarterly" time="0.032" /><testcase classname="tests.test_agency_success_automation.TestRevenueForecast" name="test_get_monthly_forecast" time="0.031" /><testcase classname="tests.test_agency_success_automation.TestRevenueForecast" name="test_get_quarterly_forecast" time="0.032" /><testcase classname="tests.test_agency_success_automation.TestRevenueForecast" name="test_get_yearly_forecast" time="0.028" /><testcase classname="tests.test_agency_success_automation.TestAlerts" name="test_list_alerts" time="0.031" /><testcase classname="tests.test_agency_success_automation.TestAlerts" name="test_list_unread_alerts" time="0.024" /><testcase classname="tests.test_agency_success_automation.TestDashboard" name="test_get_automation_dashboard" time="0.053" /><testcase classname="tests.test_agency_success_automation.TestCRUDWorkflows" name="test_onboarding_create_and_verify" time="0.047" /><testcase classname="tests.test_agency_success_automation.TestCRUDWorkflows" name="test_contract_create_and_verify" time="0.051" /><testcase classname="tests.test_agency_success_automation.TestCRUDWorkflows" name="test_booking_create_and_verify" time="0.049" /><testcase classname="tests.test_agency_success_automation.TestEdgeCases" name="test_missing_agency_id" time="0.025" /><testcase classname="tests.test_agency_success_automation.TestEdgeCases" name="test_invalid_booking_type" time="0.024"><failure message="assert 520 in [422, 500]&#10; +  where 520 = &lt;Response [520]&gt;.status_code">tests/test_agency_success_automation.py:581: in test_invalid_booking_type
    assert response.status_code in [422, 500]
E   assert 520 in [422, 500]
E    +  where 520 = &lt;Response [520]&gt;.status_code</failure></testcase><testcase classname="tests.test_agency_success_automation.TestEdgeCases" name="test_invalid_contract_type" time="0.025"><failure message="assert 520 in [422, 500]&#10; +  where 520 = &lt;Response [520]&gt;.status_code">tests/test_agency_success_automation.py:600: in test_invalid_contract_type
    assert response.status_code in [422, 500]
E   assert 520 in [422, 500]
E    +  where 520 = &lt;Response [520]&gt;.status_code</failure></testcase></testsuite></testsuites>