<?xml version="1.0" encoding="utf-8"?><testsuites name="pytest tests"><testsuite name="pytest" errors="0" failures="0" skipped="0" tests="18" time="21.944" timestamp="2026-04-09T18:41:41.492188+00:00" hostname="agent-env-e8ecea74-ef9d-44c0-9da2-ad0b197883da"><testcase classname="tests.test_analytics_forecasting_democking.TestAnalyticsForecastingDemocking" name="test_revenue_analytics_returns_real_data" time="16.822" /><testcase classname="tests.test_analytics_forecasting_democking.TestAnalyticsForecastingDemocking" name="test_revenue_analytics_has_real_values" time="0.211" /><testcase classname="tests.test_analytics_forecasting_democking.TestAnalyticsForecastingDemocking" name="test_performance_metrics_returns_real_data" time="0.201" /><testcase classname="tests.test_analytics_forecasting_democking.TestAnalyticsForecastingDemocking" name="test_performance_metrics_has_audience_demographics" time="0.258" /><testcase classname="tests.test_analytics_forecasting_democking.TestAnalyticsForecastingDemocking" name="test_roi_analysis_returns_real_data" time="0.158" /><testcase classname="tests.test_analytics_forecasting_democking.TestAnalyticsForecastingDemocking" name="test_roi_analysis_investment_is_10_percent" time="0.185" /><testcase classname="tests.test_analytics_forecasting_democking.TestAnalyticsForecastingDemocking" name="test_trend_analysis_returns_real_data" time="0.183" /><testcase classname="tests.test_analytics_forecasting_democking.TestAnalyticsForecastingDemocking" name="test_trend_analysis_has_change_percentage" time="0.177" /><testcase classname="tests.test_analytics_forecasting_democking.TestAnalyticsForecastingDemocking" name="test_forecast_returns_real_data" time="0.146" /><testcase classname="tests.test_analytics_forecasting_democking.TestAnalyticsForecastingDemocking" name="test_forecast_has_historical_and_predicted_data" time="0.160" /><testcase classname="tests.test_analytics_forecasting_democking.TestAnalyticsForecastingDemocking" name="test_no_random_values_in_revenue" time="0.185" /><testcase classname="tests.test_analytics_forecasting_democking.TestAnalyticsForecastingDemocking" name="test_no_random_values_in_performance" time="0.210" /><testcase classname="tests.test_analytics_forecasting_democking.TestAnalyticsEndpointRegression" name="test_demographics_endpoint_still_works" time="0.550" /><testcase classname="tests.test_analytics_forecasting_democking.TestAnalyticsEndpointRegression" name="test_geo_endpoint_still_works" time="0.743" /><testcase classname="tests.test_analytics_forecasting_democking.TestAnalyticsEndpointRegression" name="test_best_times_endpoint_still_works" time="0.643" /><testcase classname="tests.test_analytics_forecasting_democking.TestAnalyticsEndpointRegression" name="test_revenue_overview_endpoint_still_works" time="0.525" /><testcase classname="tests.test_analytics_forecasting_democking.TestMongoDBDataVerification" name="test_revenue_tracking_collection_has_data" time="0.234" /><testcase classname="tests.test_analytics_forecasting_democking.TestMongoDBDataVerification" name="test_analytics_events_collection_has_data" time="0.197" /></testsuite></testsuites>