<?xml version="1.0" encoding="utf-8"?><testsuites name="pytest tests"><testsuite name="pytest" errors="0" failures="0" skipped="0" tests="28" time="32.512" timestamp="2026-04-09T18:17:07.833359+00:00" hostname="agent-env-6548af40-2cb0-4793-92a2-0c1c7b8cf2d2"><testcase classname="tests.test_analytics_democking.TestAnalyticsDemocking" name="test_seed_data_endpoint_exists" time="17.756" /><testcase classname="tests.test_analytics_democking.TestAnalyticsDemocking" name="test_demographics_endpoint_returns_200" time="0.542" /><testcase classname="tests.test_analytics_democking.TestAnalyticsDemocking" name="test_demographics_has_data_source_field" time="0.539" /><testcase classname="tests.test_analytics_democking.TestAnalyticsDemocking" name="test_demographics_has_data_points_field" time="0.530" /><testcase classname="tests.test_analytics_democking.TestAnalyticsDemocking" name="test_demographics_has_age_groups" time="0.568" /><testcase classname="tests.test_analytics_democking.TestAnalyticsDemocking" name="test_demographics_has_gender_split" time="0.492" /><testcase classname="tests.test_analytics_democking.TestAnalyticsDemocking" name="test_demographics_has_devices" time="0.522" /><testcase classname="tests.test_analytics_democking.TestAnalyticsDemocking" name="test_demographics_has_interests" time="0.511" /><testcase classname="tests.test_analytics_democking.TestAnalyticsDemocking" name="test_geo_endpoint_returns_200" time="0.505" /><testcase classname="tests.test_analytics_democking.TestAnalyticsDemocking" name="test_geo_has_data_source_field" time="0.551" /><testcase classname="tests.test_analytics_democking.TestAnalyticsDemocking" name="test_geo_has_data_points_field" time="0.564" /><testcase classname="tests.test_analytics_democking.TestAnalyticsDemocking" name="test_geo_has_countries" time="0.533" /><testcase classname="tests.test_analytics_democking.TestAnalyticsDemocking" name="test_geo_has_us_cities" time="0.582" /><testcase classname="tests.test_analytics_democking.TestAnalyticsDemocking" name="test_geo_has_primary_market" time="0.520" /><testcase classname="tests.test_analytics_democking.TestAnalyticsDemocking" name="test_best_times_endpoint_returns_200" time="0.493" /><testcase classname="tests.test_analytics_democking.TestAnalyticsDemocking" name="test_best_times_has_data_source_field" time="0.502" /><testcase classname="tests.test_analytics_democking.TestAnalyticsDemocking" name="test_best_times_has_heatmap" time="0.498" /><testcase classname="tests.test_analytics_democking.TestAnalyticsDemocking" name="test_best_times_has_recommendations" time="0.585" /><testcase classname="tests.test_analytics_democking.TestAnalyticsDemocking" name="test_best_times_has_top_slots" time="0.507" /><testcase classname="tests.test_analytics_democking.TestAnalyticsDemocking" name="test_overview_endpoint_returns_200" time="0.522" /><testcase classname="tests.test_analytics_democking.TestAnalyticsDemocking" name="test_overview_has_content_stats" time="0.657" /><testcase classname="tests.test_analytics_democking.TestAnalyticsDemocking" name="test_content_performance_endpoint_returns_200" time="0.545" /><testcase classname="tests.test_analytics_democking.TestAnalyticsDemocking" name="test_content_performance_has_items" time="0.501" /><testcase classname="tests.test_analytics_democking.TestAnalyticsDemocking" name="test_revenue_overview_endpoint_returns_200" time="0.495" /><testcase classname="tests.test_analytics_democking.TestAnalyticsDemocking" name="test_revenue_overview_has_total_revenue" time="0.568" /><testcase classname="tests.test_analytics_democking.TestAnalyticsDemocking" name="test_demographics_percentages_sum_to_100" time="0.508" /><testcase classname="tests.test_analytics_democking.TestAnalyticsDemocking" name="test_geo_percentages_sum_to_100" time="0.510" /><testcase classname="tests.test_analytics_democking.TestAnalyticsDemocking" name="test_data_points_match_between_endpoints" time="0.659" /></testsuite></testsuites>