<?xml version="1.0" encoding="utf-8"?><testsuites name="pytest tests"><testsuite name="pytest" errors="0" failures="0" skipped="0" tests="17" time="23.827" timestamp="2026-03-11T22:56:32.886760+00:00" hostname="agent-env-b2aae86c-a14d-4451-a569-2a7f482cc682"><testcase classname="tests.test_api_documentation.TestAPIDocumentation" name="test_swagger_ui_returns_200" time="17.762" /><testcase classname="tests.test_api_documentation.TestAPIDocumentation" name="test_swagger_ui_contains_api_title" time="0.183" /><testcase classname="tests.test_api_documentation.TestAPIDocumentation" name="test_redoc_returns_200" time="0.131" /><testcase classname="tests.test_api_documentation.TestAPIDocumentation" name="test_openapi_json_returns_valid_json" time="2.891" /><testcase classname="tests.test_api_documentation.TestAPIDocumentation" name="test_openapi_spec_has_correct_title" time="0.302" /><testcase classname="tests.test_api_documentation.TestAPIDocumentation" name="test_openapi_spec_has_correct_version" time="0.227" /><testcase classname="tests.test_api_documentation.TestAPIDocumentation" name="test_openapi_spec_has_tags_array" time="0.310" /><testcase classname="tests.test_api_documentation.TestAPIDocumentation" name="test_openapi_spec_has_paths_object" time="0.273" /><testcase classname="tests.test_api_documentation.TestAPIDocumentation" name="test_openapi_spec_has_contact_info" time="0.274" /><testcase classname="tests.test_api_documentation.TestAPIDocumentation" name="test_openapi_spec_has_license_info" time="0.246" /><testcase classname="tests.test_api_documentation.TestAPIDocumentation" name="test_openapi_spec_has_terms_of_service" time="0.223" /><testcase classname="tests.test_api_documentation.TestAPIDocumentation" name="test_openapi_spec_description_has_key_capabilities" time="0.277" /><testcase classname="tests.test_api_documentation.TestCoreAPIEndpoints" name="test_health_endpoint_returns_healthy" time="0.163" /><testcase classname="tests.test_api_documentation.TestCoreAPIEndpoints" name="test_auth_login_with_valid_credentials" time="0.442" /><testcase classname="tests.test_api_documentation.TestDeveloperOnboardingGuide" name="test_onboarding_guide_exists" time="0.000" /><testcase classname="tests.test_api_documentation.TestDeveloperOnboardingGuide" name="test_onboarding_guide_has_required_sections" time="0.001" /><testcase classname="tests.test_api_documentation.TestDeveloperOnboardingGuide" name="test_onboarding_guide_has_table_of_contents" time="0.001" /></testsuite></testsuites>