<?xml version="1.0" encoding="utf-8"?><testsuites name="pytest tests"><testsuite name="pytest" errors="0" failures="0" skipped="0" tests="10" time="19.299" timestamp="2026-03-11T22:21:33.592861+00:00" hostname="agent-env-91332554-c011-4dfd-9660-bcf8b1baf5d7"><testcase classname="tests.test_app_base_url_delivery.TestAdaptersEndpoint" name="test_adapters_returns_app_base_url" time="16.665" /><testcase classname="tests.test_app_base_url_delivery.TestAdaptersEndpoint" name="test_adapters_returns_all_10_platforms" time="0.156" /><testcase classname="tests.test_app_base_url_delivery.TestAdaptersEndpoint" name="test_adapters_includes_helpful_message" time="0.151" /><testcase classname="tests.test_app_base_url_delivery.TestDistributionDeliverySourceUrl" name="test_distribution_creates_deliveries_with_app_base_url" time="0.705" /><testcase classname="tests.test_app_base_url_delivery.TestDistributionDeliverySourceUrl" name="test_distribution_response_includes_live_adapters" time="0.278" /><testcase classname="tests.test_app_base_url_delivery.TestBatchProgress" name="test_batch_progress_returns_correct_structure" time="0.340" /><testcase classname="tests.test_app_base_url_delivery.TestBatchProgress" name="test_nonexistent_batch_returns_empty_progress" time="0.189" /><testcase classname="tests.test_app_base_url_delivery.TestDeliveryHistorySourceUrl" name="test_deliveries_have_source_url" time="0.135" /><testcase classname="tests.test_app_base_url_delivery.TestPlatformAdaptersUrlResolution" name="test_adapters_endpoint_has_correct_url" time="0.145" /><testcase classname="tests.test_app_base_url_delivery.TestExportPackageSourceUrl" name="test_export_package_includes_source_url" time="0.401" /></testsuite></testsuites>