<?xml version="1.0" encoding="utf-8"?><testsuites name="pytest tests"><testsuite name="pytest" errors="0" failures="0" skipped="0" tests="16" time="6.903" timestamp="2026-03-08T16:26:34.294053+00:00" hostname="agent-env-03d09862-cbc9-4165-b3af-b869e134bc5f"><testcase classname="tests.test_auth_lockout.TestLoginSuccess" name="test_login_with_valid_credentials" time="0.394" /><testcase classname="tests.test_auth_lockout.TestLoginSuccess" name="test_successful_login_resets_failed_attempts" time="0.283" /><testcase classname="tests.test_auth_lockout.TestFailedLoginWithRemainingAttempts" name="test_failed_login_shows_remaining_attempts" time="0.279" /><testcase classname="tests.test_auth_lockout.TestFailedLoginWithRemainingAttempts" name="test_failed_attempts_decrement_correctly" time="0.603" /><testcase classname="tests.test_auth_lockout.TestAutoExpiredLockoutReset" name="test_expired_lockout_auto_clears_failed_attempts" time="0.291" /><testcase classname="tests.test_auth_lockout.TestAutoExpiredLockoutReset" name="test_expired_lockout_allows_successful_login" time="0.283" /><testcase classname="tests.test_auth_lockout.TestAccountLockAfter10Attempts" name="test_account_locks_after_10_failed_attempts" time="2.810" /><testcase classname="tests.test_auth_lockout.TestLockedAccountResponse" name="test_locked_account_returns_423_with_time_remaining" time="0.046" /><testcase classname="tests.test_auth_lockout.TestAdminUnlockEndpoints" name="test_get_locked_accounts_requires_admin" time="0.057" /><testcase classname="tests.test_auth_lockout.TestAdminUnlockEndpoints" name="test_get_locked_accounts_returns_list" time="0.328" /><testcase classname="tests.test_auth_lockout.TestAdminUnlockEndpoints" name="test_admin_unlock_account_success" time="0.048" /><testcase classname="tests.test_auth_lockout.TestAdminUnlockEndpoints" name="test_admin_unlock_nonexistent_user_returns_404" time="0.049" /><testcase classname="tests.test_auth_lockout.TestAdminUnlockEndpoints" name="test_admin_unlock_requires_email" time="0.044" /><testcase classname="tests.test_auth_lockout.TestPasswordResetClearsLockout" name="test_forgot_password_endpoint_works" time="0.334" /><testcase classname="tests.test_auth_lockout.TestPasswordResetClearsLockout" name="test_password_reset_clears_lockout" time="0.780" /><testcase classname="tests.test_auth_lockout.TestInvalidCredentials" name="test_nonexistent_email_returns_401" time="0.046" /></testsuite></testsuites>