<?xml version="1.0" encoding="utf-8"?><testsuites name="pytest tests"><testsuite name="pytest" errors="0" failures="0" skipped="0" tests="18" time="23.349" timestamp="2026-03-15T18:12:49.683064+00:00" hostname="agent-env-66fa91c6-7c16-4358-b159-543940d28275"><testcase classname="tests.test_aws_connect_migration.TestCommsStatus" name="test_status_returns_connect_not_pinpoint" time="19.897" /><testcase classname="tests.test_aws_connect_migration.TestCommsStatus" name="test_status_connect_has_correct_fields" time="0.257" /><testcase classname="tests.test_aws_connect_migration.TestPinpointRoutesRemoved" name="test_pinpoint_applications_removed" time="0.162" /><testcase classname="tests.test_aws_connect_migration.TestPinpointRoutesRemoved" name="test_pinpoint_segments_removed" time="0.191" /><testcase classname="tests.test_aws_connect_migration.TestPinpointRoutesRemoved" name="test_pinpoint_campaigns_removed" time="0.202" /><testcase classname="tests.test_aws_connect_migration.TestPinpointRoutesRemoved" name="test_pinpoint_send_email_removed" time="0.200" /><testcase classname="tests.test_aws_connect_migration.TestPinpointRoutesRemoved" name="test_pinpoint_send_sms_removed" time="0.181" /><testcase classname="tests.test_aws_connect_migration.TestConnectInstances" name="test_list_connect_instances" time="0.239" /><testcase classname="tests.test_aws_connect_migration.TestConnectQueues" name="test_list_queues_requires_instance_id" time="0.191" /><testcase classname="tests.test_aws_connect_migration.TestConnectQueues" name="test_list_queues_with_fake_instance" time="0.266" /><testcase classname="tests.test_aws_connect_migration.TestConnectContactFlows" name="test_contact_flows_requires_instance_id" time="0.213" /><testcase classname="tests.test_aws_connect_migration.TestConnectHoursOfOperation" name="test_hours_requires_instance_id" time="0.152" /><testcase classname="tests.test_aws_connect_migration.TestConnectUsers" name="test_connect_users_requires_instance_id" time="0.163" /><testcase classname="tests.test_aws_connect_migration.TestConnectRoutingProfiles" name="test_routing_profiles_requires_instance_id" time="0.157" /><testcase classname="tests.test_aws_connect_migration.TestWorkMailStillWorks" name="test_workmail_organizations" time="0.211" /><testcase classname="tests.test_aws_connect_migration.TestAuthenticationRequired" name="test_status_requires_auth" time="0.153" /><testcase classname="tests.test_aws_connect_migration.TestAuthenticationRequired" name="test_connect_instances_requires_auth" time="0.182" /><testcase classname="tests.test_aws_connect_migration.TestAuthenticationRequired" name="test_workmail_orgs_requires_auth" time="0.178" /></testsuite></testsuites>