<?xml version="1.0" encoding="utf-8"?><testsuites name="pytest tests"><testsuite name="pytest" errors="0" failures="0" skipped="0" tests="16" time="5.146" timestamp="2026-03-14T22:09:56.810611+00:00" hostname="agent-env-88fb59cb-b6d3-4175-8abe-ff3e46a7a776"><testcase classname="tests.test_aws_waf_secrets.TestAWSWafSecretsAPI" name="test_aws_security_status" time="0.891" /><testcase classname="tests.test_aws_waf_secrets.TestAWSWafSecretsAPI" name="test_status_requires_auth" time="0.133" /><testcase classname="tests.test_aws_waf_secrets.TestAWSWafSecretsAPI" name="test_list_web_acls" time="0.166" /><testcase classname="tests.test_aws_waf_secrets.TestAWSWafSecretsAPI" name="test_list_web_acls_requires_auth" time="0.129" /><testcase classname="tests.test_aws_waf_secrets.TestAWSWafSecretsAPI" name="test_list_ip_sets" time="0.175" /><testcase classname="tests.test_aws_waf_secrets.TestAWSWafSecretsAPI" name="test_list_ip_sets_requires_auth" time="0.121" /><testcase classname="tests.test_aws_waf_secrets.TestAWSWafSecretsAPI" name="test_list_managed_rules" time="0.218" /><testcase classname="tests.test_aws_waf_secrets.TestAWSWafSecretsAPI" name="test_list_managed_rules_requires_auth" time="0.153" /><testcase classname="tests.test_aws_waf_secrets.TestAWSWafSecretsAPI" name="test_list_secrets" time="0.188" /><testcase classname="tests.test_aws_waf_secrets.TestAWSWafSecretsAPI" name="test_list_secrets_requires_auth" time="0.129" /><testcase classname="tests.test_aws_waf_secrets.TestAWSWafSecretsAPI" name="test_describe_secret" time="0.368" /><testcase classname="tests.test_aws_waf_secrets.TestAWSWafSecretsAPI" name="test_describe_secret_requires_auth" time="0.125" /><testcase classname="tests.test_aws_waf_secrets.TestAWSWafSecretsAPI" name="test_create_web_acl" time="1.030" /><testcase classname="tests.test_aws_waf_secrets.TestAWSWafSecretsAPI" name="test_create_ip_set" time="0.527" /><testcase classname="tests.test_aws_waf_secrets.TestAWSWafSecretsAPI" name="test_create_secret" time="0.526" /><testcase classname="tests.test_aws_waf_secrets.TestAWSWafSecretsAPI" name="test_create_secret_requires_auth" time="0.155" /></testsuite></testsuites>