<?xml version="1.0" encoding="utf-8"?><testsuites name="pytest tests"><testsuite name="pytest" errors="0" failures="0" skipped="0" tests="14" time="28.937" timestamp="2026-04-09T16:30:26.615994+00:00" hostname="agent-env-93e6a9b4-2c4f-4ab4-8828-c38bafee318d"><testcase classname="tests.test_aws_dns_health.TestAWSDNSHealthAuth" name="test_targets_requires_auth" time="17.423" /><testcase classname="tests.test_aws_dns_health.TestAWSDNSHealthAuth" name="test_aws_checks_requires_auth" time="0.157" /><testcase classname="tests.test_aws_dns_health.TestAWSDNSHealthTargets" name="test_list_targets" time="0.572" /><testcase classname="tests.test_aws_dns_health.TestAWSDNSHealthTargets" name="test_list_aws_checks" time="0.416" /><testcase classname="tests.test_aws_dns_health.TestAWSDNSHealthCRUD" name="test_register_target" time="1.413" /><testcase classname="tests.test_aws_dns_health.TestAWSDNSHealthCRUD" name="test_register_target_validation" time="0.152" /><testcase classname="tests.test_aws_dns_health.TestAWSDNSHealthCRUD" name="test_refresh_target_status" time="5.242" /><testcase classname="tests.test_aws_dns_health.TestAWSDNSHealthCRUD" name="test_refresh_nonexistent_target" time="0.142" /><testcase classname="tests.test_aws_dns_health.TestAWSDNSHealthCRUD" name="test_delete_target" time="1.227" /><testcase classname="tests.test_aws_dns_health.TestAWSDNSHealthCRUD" name="test_delete_nonexistent_target" time="0.782" /><testcase classname="tests.test_aws_dns_health.TestExistingDNSEndpoints" name="test_dns_lookup" time="0.579" /><testcase classname="tests.test_aws_dns_health.TestExistingDNSEndpoints" name="test_dns_health_check" time="0.350" /><testcase classname="tests.test_aws_dns_health.TestExistingDNSEndpoints" name="test_dns_monitors_list" time="0.160" /><testcase classname="tests.test_aws_dns_health.TestExistingDNSEndpoints" name="test_dns_history" time="0.183" /></testsuite></testsuites>