<?xml version="1.0" encoding="utf-8"?><testsuites name="pytest tests"><testsuite name="pytest" errors="0" failures="0" skipped="0" tests="19" time="29.095" timestamp="2026-03-15T16:44:07.380059+00:00" hostname="agent-env-dfab7a65-eb81-431b-887c-d37790256a1a"><testcase classname="tests.test_aws_phase_f_integrations.TestAWSAIContentStatus" name="test_ai_content_status_returns_all_4_services" time="19.214" /><testcase classname="tests.test_aws_phase_f_integrations.TestTranslateService" name="test_translate_text_success" time="0.637" /><testcase classname="tests.test_aws_phase_f_integrations.TestTranslateService" name="test_translate_languages_list" time="0.175" /><testcase classname="tests.test_aws_phase_f_integrations.TestPollyService" name="test_polly_voices_list" time="0.607" /><testcase classname="tests.test_aws_phase_f_integrations.TestSageMakerService" name="test_sagemaker_notebooks_list" time="0.553" /><testcase classname="tests.test_aws_phase_f_integrations.TestSageMakerService" name="test_sagemaker_models_list" time="0.227" /><testcase classname="tests.test_aws_phase_f_integrations.TestAWSMessagingStatus" name="test_messaging_status_returns_all_4_services" time="1.476" /><testcase classname="tests.test_aws_phase_f_integrations.TestKinesisService" name="test_kinesis_streams_list" time="0.561" /><testcase classname="tests.test_aws_phase_f_integrations.TestSNSService" name="test_sns_topics_list" time="0.718" /><testcase classname="tests.test_aws_phase_f_integrations.TestSQSService" name="test_sqs_queues_list" time="0.697" /><testcase classname="tests.test_aws_phase_f_integrations.TestEventBridgeService" name="test_eventbridge_buses_list" time="0.555" /><testcase classname="tests.test_aws_phase_f_integrations.TestEventBridgeService" name="test_eventbridge_rules_list" time="0.198" /><testcase classname="tests.test_aws_phase_f_integrations.TestAWSInfraStatus" name="test_infra_status_returns_all_3_services" time="1.247" /><testcase classname="tests.test_aws_phase_f_integrations.TestStepFunctionsService" name="test_stepfunctions_state_machines_list" time="0.542" /><testcase classname="tests.test_aws_phase_f_integrations.TestElastiCacheService" name="test_elasticache_clusters_list" time="0.587" /><testcase classname="tests.test_aws_phase_f_integrations.TestNeptuneService" name="test_neptune_clusters_list" time="0.571" /><testcase classname="tests.test_aws_phase_f_integrations.TestUnauthenticatedAccess" name="test_ai_content_status_requires_auth" time="0.118" /><testcase classname="tests.test_aws_phase_f_integrations.TestUnauthenticatedAccess" name="test_messaging_status_requires_auth" time="0.116" /><testcase classname="tests.test_aws_phase_f_integrations.TestUnauthenticatedAccess" name="test_infra_status_requires_auth" time="0.125" /></testsuite></testsuites>