<?xml version="1.0" encoding="utf-8"?><testsuites name="pytest tests"><testsuite name="pytest" errors="0" failures="0" skipped="0" tests="17" time="59.978" timestamp="2026-01-25T23:48:15.284963+00:00" hostname="agent-env-3b58bb6f-676d-42b5-9400-140e8510b2de"><testcase classname="backend.tests.test_aws_enterprise_mapping.TestAWSEnterpriseHealth" name="test_health_endpoint" time="13.093" /><testcase classname="backend.tests.test_aws_enterprise_mapping.TestAWSResourceDiscovery" name="test_list_ec2_instances" time="0.370" /><testcase classname="backend.tests.test_aws_enterprise_mapping.TestAWSResourceDiscovery" name="test_list_s3_buckets" time="5.118" /><testcase classname="backend.tests.test_aws_enterprise_mapping.TestAWSResourceDiscovery" name="test_list_rds_instances" time="0.395" /><testcase classname="backend.tests.test_aws_enterprise_mapping.TestAWSResourceDiscovery" name="test_list_lambda_functions" time="0.304" /><testcase classname="backend.tests.test_aws_enterprise_mapping.TestAWSResourceDiscovery" name="test_list_cloudfront_distributions" time="0.347" /><testcase classname="backend.tests.test_aws_enterprise_mapping.TestAWSResourceDiscovery" name="test_list_iam_roles" time="4.934" /><testcase classname="backend.tests.test_aws_enterprise_mapping.TestAWSInfrastructureMap" name="test_get_infrastructure_map" time="11.546" /><testcase classname="backend.tests.test_aws_enterprise_mapping.TestAWSCostManagement" name="test_get_cost_breakdown" time="0.457" /><testcase classname="backend.tests.test_aws_enterprise_mapping.TestAWSEnterpriseMetrics" name="test_get_enterprise_metrics" time="12.157" /><testcase classname="backend.tests.test_aws_enterprise_mapping.TestAWSReferenceData" name="test_get_service_types" time="0.045" /><testcase classname="backend.tests.test_aws_enterprise_mapping.TestAWSReferenceData" name="test_get_regions" time="0.025" /><testcase classname="backend.tests.test_aws_enterprise_mapping.TestAWSResourceCounts" name="test_s3_bucket_count" time="4.744" /><testcase classname="backend.tests.test_aws_enterprise_mapping.TestAWSResourceCounts" name="test_lambda_function_count" time="0.285" /><testcase classname="backend.tests.test_aws_enterprise_mapping.TestAWSResourceCounts" name="test_rds_instance_count" time="0.392" /><testcase classname="backend.tests.test_aws_enterprise_mapping.TestAWSResourceCounts" name="test_cloudfront_distribution_count" time="0.343" /><testcase classname="backend.tests.test_aws_enterprise_mapping.TestAWSResourceCounts" name="test_iam_role_count" time="5.129" /></testsuite></testsuites>