<?xml version="1.0" encoding="utf-8"?><testsuites name="pytest tests"><testsuite name="pytest" errors="0" failures="0" skipped="0" tests="31" time="27.707" timestamp="2026-03-15T16:14:44.535042+00:00" hostname="agent-env-353c5367-472f-4e1b-b5a7-aa55f9eb4396"><testcase classname="tests.test_aws_phase_e_integrations.TestAWSAIStatus" name="test_get_ai_status" time="18.203" /><testcase classname="tests.test_aws_phase_e_integrations.TestComprehendEndpoints" name="test_comprehend_sentiment" time="0.573" /><testcase classname="tests.test_aws_phase_e_integrations.TestComprehendEndpoints" name="test_comprehend_entities" time="0.202" /><testcase classname="tests.test_aws_phase_e_integrations.TestComprehendEndpoints" name="test_comprehend_key_phrases" time="0.203" /><testcase classname="tests.test_aws_phase_e_integrations.TestComprehendEndpoints" name="test_comprehend_pii" time="0.223" /><testcase classname="tests.test_aws_phase_e_integrations.TestComprehendEndpoints" name="test_comprehend_language" time="0.192" /><testcase classname="tests.test_aws_phase_e_integrations.TestComprehendEndpoints" name="test_comprehend_syntax" time="0.200" /><testcase classname="tests.test_aws_phase_e_integrations.TestComprehendEndpoints" name="test_comprehend_batch_sentiment" time="0.209" /><testcase classname="tests.test_aws_phase_e_integrations.TestComprehendEndpoints" name="test_comprehend_endpoints_list" time="0.173" /><testcase classname="tests.test_aws_phase_e_integrations.TestComprehendEndpoints" name="test_comprehend_history" time="0.137" /><testcase classname="tests.test_aws_phase_e_integrations.TestPersonalizeEndpoints" name="test_personalize_dataset_groups" time="0.590" /><testcase classname="tests.test_aws_phase_e_integrations.TestPersonalizeEndpoints" name="test_personalize_campaigns" time="0.188" /><testcase classname="tests.test_aws_phase_e_integrations.TestPersonalizeEndpoints" name="test_personalize_solutions" time="0.209" /><testcase classname="tests.test_aws_phase_e_integrations.TestPersonalizeEndpoints" name="test_personalize_recipes" time="0.208" /><testcase classname="tests.test_aws_phase_e_integrations.TestPersonalizeEndpoints" name="test_personalize_datasets" time="0.182" /><testcase classname="tests.test_aws_phase_e_integrations.TestPersonalizeEndpoints" name="test_personalize_event_trackers" time="0.200" /><testcase classname="tests.test_aws_phase_e_integrations.TestDataAnalyticsStatus" name="test_get_data_status" time="1.176" /><testcase classname="tests.test_aws_phase_e_integrations.TestQuickSightEndpoints" name="test_quicksight_dashboards" time="0.614" /><testcase classname="tests.test_aws_phase_e_integrations.TestQuickSightEndpoints" name="test_quicksight_datasets" time="0.138" /><testcase classname="tests.test_aws_phase_e_integrations.TestQuickSightEndpoints" name="test_quicksight_data_sources" time="0.196" /><testcase classname="tests.test_aws_phase_e_integrations.TestQuickSightEndpoints" name="test_quicksight_analyses" time="0.147" /><testcase classname="tests.test_aws_phase_e_integrations.TestAthenaEndpoints" name="test_athena_work_groups" time="0.590" /><testcase classname="tests.test_aws_phase_e_integrations.TestAthenaEndpoints" name="test_athena_databases" time="0.254" /><testcase classname="tests.test_aws_phase_e_integrations.TestAthenaEndpoints" name="test_athena_executions" time="0.183" /><testcase classname="tests.test_aws_phase_e_integrations.TestAthenaEndpoints" name="test_athena_saved_queries" time="0.193" /><testcase classname="tests.test_aws_phase_e_integrations.TestBlockchainStatus" name="test_get_blockchain_status" time="0.767" /><testcase classname="tests.test_aws_phase_e_integrations.TestBlockchainEndpoints" name="test_blockchain_networks" time="0.633" /><testcase classname="tests.test_aws_phase_e_integrations.TestBlockchainEndpoints" name="test_blockchain_accessors" time="0.205" /><testcase classname="tests.test_aws_phase_e_integrations.TestAuthenticationRequired" name="test_ai_status_requires_auth" time="0.142" /><testcase classname="tests.test_aws_phase_e_integrations.TestAuthenticationRequired" name="test_data_status_requires_auth" time="0.136" /><testcase classname="tests.test_aws_phase_e_integrations.TestAuthenticationRequired" name="test_blockchain_status_requires_auth" time="0.119" /></testsuite></testsuites>