<?xml version="1.0" encoding="utf-8"?><testsuites name="pytest tests"><testsuite name="pytest" errors="0" failures="3" skipped="0" tests="11" time="21.983" timestamp="2026-03-14T21:48:59.700280+00:00" hostname="agent-env-355062ff-76c8-4234-ac99-d02a254e6817"><testcase classname="tests.test_aws_workmail_pinpoint.TestAWSCommsStatus" name="test_get_comms_status" time="18.498" /><testcase classname="tests.test_aws_workmail_pinpoint.TestWorkMailOrganizations" name="test_list_organizations" time="0.165" /><testcase classname="tests.test_aws_workmail_pinpoint.TestPinpointApplications" name="test_list_pinpoint_apps" time="0.208" /><testcase classname="tests.test_aws_workmail_pinpoint.TestPinpointApplications" name="test_create_pinpoint_app" time="0.644" /><testcase classname="tests.test_aws_workmail_pinpoint.TestPinpointApplications" name="test_delete_pinpoint_app" time="0.601" /><testcase classname="tests.test_aws_workmail_pinpoint.TestPinpointSegments" name="test_list_segments" time="0.422"><failure message="AssertionError: List segments failed: {&quot;detail&quot;:&quot;Failed to list segments: An error occurred (ForbiddenException) when calling the GetSegments operation: Forbidden:On October 30, 2026, AWS will end support for the Amazon Pinpoint engagement features (e.g., segments, message templates, campaigns, journeys, analytics). We recommend customers to migrate to Amazon Connect for engagement capabilities.&quot;}&#10;assert 500 == 200&#10; +  where 500 = &lt;Response [500]&gt;.status_code">tests/test_aws_workmail_pinpoint.py:186: in test_list_segments
    assert response.status_code == 200, f"List segments failed: {response.text}"
E   AssertionError: List segments failed: {"detail":"Failed to list segments: An error occurred (ForbiddenException) when calling the GetSegments operation: Forbidden:On October 30, 2026, AWS will end support for the Amazon Pinpoint engagement features (e.g., segments, message templates, campaigns, journeys, analytics). We recommend customers to migrate to Amazon Connect for engagement capabilities."}
E   assert 500 == 200
E    +  where 500 = &lt;Response [500]&gt;.status_code</failure></testcase><testcase classname="tests.test_aws_workmail_pinpoint.TestPinpointSegments" name="test_create_segment" time="0.424"><failure message="AssertionError: Create segment failed: {&quot;detail&quot;:&quot;Failed to create segment: An error occurred (ForbiddenException) when calling the CreateSegment operation: Forbidden:On October 30, 2026, AWS will end support for the Amazon Pinpoint engagement features (e.g., segments, message templates, campaigns, journeys, analytics). We recommend customers to migrate to Amazon Connect for engagement capabilities.&quot;}&#10;assert 500 == 200&#10; +  where 500 = &lt;Response [500]&gt;.status_code">tests/test_aws_workmail_pinpoint.py:217: in test_create_segment
    assert response.status_code == 200, f"Create segment failed: {response.text}"
E   AssertionError: Create segment failed: {"detail":"Failed to create segment: An error occurred (ForbiddenException) when calling the CreateSegment operation: Forbidden:On October 30, 2026, AWS will end support for the Amazon Pinpoint engagement features (e.g., segments, message templates, campaigns, journeys, analytics). We recommend customers to migrate to Amazon Connect for engagement capabilities."}
E   assert 500 == 200
E    +  where 500 = &lt;Response [500]&gt;.status_code</failure></testcase><testcase classname="tests.test_aws_workmail_pinpoint.TestPinpointCampaigns" name="test_list_campaigns" time="0.407"><failure message="AssertionError: List campaigns failed: {&quot;detail&quot;:&quot;Failed to list campaigns: An error occurred (ForbiddenException) when calling the GetCampaigns operation: Forbidden:On October 30, 2026, AWS will end support for the Amazon Pinpoint engagement features (e.g., segments, message templates, campaigns, journeys, analytics). We recommend customers to migrate to Amazon Connect for engagement capabilities.&quot;}&#10;assert 500 == 200&#10; +  where 500 = &lt;Response [500]&gt;.status_code">tests/test_aws_workmail_pinpoint.py:258: in test_list_campaigns
    assert response.status_code == 200, f"List campaigns failed: {response.text}"
E   AssertionError: List campaigns failed: {"detail":"Failed to list campaigns: An error occurred (ForbiddenException) when calling the GetCampaigns operation: Forbidden:On October 30, 2026, AWS will end support for the Amazon Pinpoint engagement features (e.g., segments, message templates, campaigns, journeys, analytics). We recommend customers to migrate to Amazon Connect for engagement capabilities."}
E   assert 500 == 200
E    +  where 500 = &lt;Response [500]&gt;.status_code</failure></testcase><testcase classname="tests.test_aws_workmail_pinpoint.TestUnauthenticated" name="test_status_requires_auth" time="0.124" /><testcase classname="tests.test_aws_workmail_pinpoint.TestUnauthenticated" name="test_workmail_orgs_requires_auth" time="0.152" /><testcase classname="tests.test_aws_workmail_pinpoint.TestUnauthenticated" name="test_pinpoint_apps_requires_auth" time="0.153" /></testsuite></testsuites>