<?xml version="1.0" encoding="utf-8"?><testsuites name="pytest tests"><testsuite name="pytest" errors="0" failures="0" skipped="0" tests="8" time="20.780" timestamp="2026-03-14T20:51:24.128654+00:00" hostname="agent-env-04792153-0fd0-41f8-b75b-8f8bde827ade"><testcase classname="tests.test_aws_media_processing.TestAWSMediaProcessingAPIs" name="test_aws_media_status_returns_available" time="19.371" /><testcase classname="tests.test_aws_media_processing.TestAWSMediaProcessingAPIs" name="test_mediaconvert_presets_returns_7_options" time="0.152" /><testcase classname="tests.test_aws_media_processing.TestAWSMediaProcessingAPIs" name="test_transcribe_languages_returns_13_languages" time="0.147" /><testcase classname="tests.test_aws_media_processing.TestAWSMediaProcessingAPIs" name="test_mediaconvert_jobs_list" time="0.345" /><testcase classname="tests.test_aws_media_processing.TestAWSMediaProcessingAPIs" name="test_transcribe_jobs_list" time="0.202" /><testcase classname="tests.test_aws_media_processing.TestAWSMediaProcessingAPIs" name="test_mediaconvert_invalid_preset_returns_400" time="0.165" /><testcase classname="tests.test_aws_media_processing.TestAWSMediaProcessingAPIs" name="test_status_requires_auth" time="0.136" /><testcase classname="tests.test_aws_media_processing.TestAWSMediaProcessingAPIs" name="test_presets_requires_auth" time="0.148" /></testsuite></testsuites>