<?xml version="1.0" encoding="utf-8"?><testsuites name="pytest tests"><testsuite name="pytest" errors="0" failures="0" skipped="0" tests="12" time="24.702" timestamp="2026-03-29T21:48:54.336960+00:00" hostname="agent-env-0c08af2f-38a7-400f-8556-7beb5329cbed"><testcase classname="tests.test_catalog_csv_import.TestCatalogCSVImport" name="test_csv_template_download_success" time="18.403" /><testcase classname="tests.test_catalog_csv_import.TestCatalogCSVImport" name="test_csv_template_requires_auth" time="0.525" /><testcase classname="tests.test_catalog_csv_import.TestCatalogCSVImport" name="test_csv_preview_valid_file" time="0.527" /><testcase classname="tests.test_catalog_csv_import.TestCatalogCSVImport" name="test_csv_preview_missing_title" time="0.517" /><testcase classname="tests.test_catalog_csv_import.TestCatalogCSVImport" name="test_csv_preview_empty_file" time="0.496" /><testcase classname="tests.test_catalog_csv_import.TestCatalogCSVImport" name="test_csv_preview_missing_title_column" time="0.519" /><testcase classname="tests.test_catalog_csv_import.TestCatalogCSVImport" name="test_csv_preview_non_csv_file" time="0.515" /><testcase classname="tests.test_catalog_csv_import.TestCatalogCSVImport" name="test_csv_import_success" time="0.505" /><testcase classname="tests.test_catalog_csv_import.TestCatalogCSVImport" name="test_csv_import_duplicate_detection" time="0.669" /><testcase classname="tests.test_catalog_csv_import.TestCatalogCSVImport" name="test_csv_import_validation_errors" time="0.500" /><testcase classname="tests.test_catalog_csv_import.TestCatalogCSVImport" name="test_csv_import_invalid_label" time="0.550" /><testcase classname="tests.test_catalog_csv_import.TestCatalogCSVImport" name="test_full_import_workflow" time="0.823" /></testsuite></testsuites>