<?xml version="1.0" encoding="utf-8"?><testsuites name="pytest tests"><testsuite name="pytest" errors="0" failures="0" skipped="0" tests="25" time="31.062" timestamp="2026-02-19T01:34:55.169733+00:00" hostname="agent-env-f079e1b6-5af4-45f0-ac7d-30eb35fd8bfe"><testcase classname="tests.test_cdk_terraform_endpoints.TestCDKConstructsEndpoint" name="test_cdk_constructs_endpoint_returns_200" time="22.963" /><testcase classname="tests.test_cdk_terraform_endpoints.TestCDKConstructsEndpoint" name="test_cdk_constructs_exists_true" time="0.462" /><testcase classname="tests.test_cdk_terraform_endpoints.TestCDKConstructsEndpoint" name="test_cdk_constructs_count_is_8" time="0.184" /><testcase classname="tests.test_cdk_terraform_endpoints.TestCDKConstructsEndpoint" name="test_cdk_services_count_is_20" time="0.147" /><testcase classname="tests.test_cdk_terraform_endpoints.TestCDKConstructsEndpoint" name="test_cdk_constructs_list_names" time="0.157" /><testcase classname="tests.test_cdk_terraform_endpoints.TestCDKConstructsEndpoint" name="test_cdk_construct_has_required_fields" time="0.188" /><testcase classname="tests.test_cdk_terraform_endpoints.TestCDKConstructsEndpoint" name="test_cdk_stack_file_present" time="0.146" /><testcase classname="tests.test_cdk_terraform_endpoints.TestCDKConstructsEndpoint" name="test_cdk_entry_file_present" time="0.134" /><testcase classname="tests.test_cdk_terraform_endpoints.TestCDKConstructsEndpoint" name="test_cdk_config_files_present" time="0.175" /><testcase classname="tests.test_cdk_terraform_endpoints.TestCDKConstructsEndpoint" name="test_cdk_auth_construct_details" time="0.140" /><testcase classname="tests.test_cdk_terraform_endpoints.TestCDKConstructsEndpoint" name="test_cdk_lambdas_construct_details" time="0.164" /><testcase classname="tests.test_cdk_terraform_endpoints.TestTerraformModulesEndpoint" name="test_terraform_modules_endpoint_returns_200" time="0.160" /><testcase classname="tests.test_cdk_terraform_endpoints.TestTerraformModulesEndpoint" name="test_terraform_modules_exists_true" time="0.186" /><testcase classname="tests.test_cdk_terraform_endpoints.TestTerraformModulesEndpoint" name="test_terraform_modules_count_is_12" time="0.162" /><testcase classname="tests.test_cdk_terraform_endpoints.TestTerraformModulesEndpoint" name="test_terraform_resources_count_is_40" time="0.256" /><testcase classname="tests.test_cdk_terraform_endpoints.TestTerraformModulesEndpoint" name="test_terraform_modules_list_names" time="0.164" /><testcase classname="tests.test_cdk_terraform_endpoints.TestTerraformModulesEndpoint" name="test_terraform_vpc_module_exists" time="0.170" /><testcase classname="tests.test_cdk_terraform_endpoints.TestTerraformModulesEndpoint" name="test_terraform_vpc_module_category" time="0.162" /><testcase classname="tests.test_cdk_terraform_endpoints.TestTerraformModulesEndpoint" name="test_terraform_vpc_module_resources_count" time="0.145" /><testcase classname="tests.test_cdk_terraform_endpoints.TestTerraformModulesEndpoint" name="test_terraform_vpc_module_resources_list" time="0.210" /><testcase classname="tests.test_cdk_terraform_endpoints.TestTerraformModulesEndpoint" name="test_terraform_vpc_module_files" time="0.186" /><testcase classname="tests.test_cdk_terraform_endpoints.TestTerraformModulesEndpoint" name="test_terraform_module_has_required_fields" time="0.160" /><testcase classname="tests.test_cdk_terraform_endpoints.TestExistingEndpoints" name="test_overview_endpoint" time="0.702" /><testcase classname="tests.test_cdk_terraform_endpoints.TestExistingEndpoints" name="test_live_status_endpoint" time="0.640" /><testcase classname="tests.test_cdk_terraform_endpoints.TestExistingEndpoints" name="test_lambda_live_endpoint" time="2.738" /></testsuite></testsuites>