<?xml version="1.0" encoding="utf-8"?><testsuites name="pytest tests"><testsuite name="pytest" errors="0" failures="0" skipped="0" tests="16" time="19.992" timestamp="2026-02-09T20:40:52.209162+00:00" hostname="agent-env-0a2fbb11-4377-4138-b55b-4fabae5c90f7"><testcase classname="tests.test_creative_studio_collab_ai.TestCollabHealth" name="test_collab_health_returns_healthy" time="19.037" /><testcase classname="tests.test_creative_studio_collab_ai.TestAIAssetsHealth" name="test_ai_assets_health_returns_healthy" time="0.046" /><testcase classname="tests.test_creative_studio_collab_ai.TestAITextGeneration" name="test_generate_text_headline" time="0.106" /><testcase classname="tests.test_creative_studio_collab_ai.TestAITextGeneration" name="test_generate_text_caption" time="0.071" /><testcase classname="tests.test_creative_studio_collab_ai.TestAITextGeneration" name="test_generate_text_tagline" time="0.086" /><testcase classname="tests.test_creative_studio_collab_ai.TestAIColorPalette" name="test_generate_palette_modern_mood" time="0.059" /><testcase classname="tests.test_creative_studio_collab_ai.TestAIColorPalette" name="test_generate_palette_warm_mood" time="0.064" /><testcase classname="tests.test_creative_studio_collab_ai.TestAIColorPalette" name="test_generate_palette_cool_mood" time="0.058" /><testcase classname="tests.test_creative_studio_collab_ai.TestAILayoutSuggestions" name="test_suggest_layouts_instagram" time="0.020" /><testcase classname="tests.test_creative_studio_collab_ai.TestAILayoutSuggestions" name="test_suggest_layouts_youtube_thumbnail" time="0.022" /><testcase classname="tests.test_creative_studio_collab_ai.TestCollaborationActivity" name="test_get_activity_feed" time="0.052" /><testcase classname="tests.test_creative_studio_collab_ai.TestCollaborationVersions" name="test_get_versions" time="0.024" /><testcase classname="tests.test_creative_studio_collab_ai.TestCollaborationPresence" name="test_get_presence" time="0.021" /><testcase classname="tests.test_creative_studio_collab_ai.TestCollaborationComments" name="test_get_comments" time="0.021" /><testcase classname="tests.test_creative_studio_collab_ai.TestCollaborationComments" name="test_add_comment" time="0.024" /><testcase classname="tests.test_creative_studio_collab_ai.TestCollaborationComments" name="test_add_comment_and_verify_in_list" time="0.091" /></testsuite></testsuites>