<?xml version="1.0" encoding="utf-8"?><testsuites name="pytest tests"><testsuite name="pytest" errors="0" failures="0" skipped="0" tests="13" time="16.776" timestamp="2026-03-09T16:42:24.594906+00:00" hostname="agent-env-c428b1f1-677e-42b3-adfd-9a26781f180a"><testcase classname="tests.test_comment_notifications.TestCommentEndpoints" name="test_add_comment_requires_auth" time="12.184" /><testcase classname="tests.test_comment_notifications.TestCommentEndpoints" name="test_add_comment_success" time="1.131" /><testcase classname="tests.test_comment_notifications.TestCommentEndpoints" name="test_add_comment_invalid_content_id" time="0.185" /><testcase classname="tests.test_comment_notifications.TestCommentEndpoints" name="test_add_comment_nonexistent_content" time="0.143" /><testcase classname="tests.test_comment_notifications.TestCommentEndpoints" name="test_list_comments" time="0.160" /><testcase classname="tests.test_comment_notifications.TestCommentEndpoints" name="test_list_comments_pagination" time="0.168" /><testcase classname="tests.test_comment_notifications.TestCommentEndpoints" name="test_delete_own_comment" time="0.265" /><testcase classname="tests.test_comment_notifications.TestCommentEndpoints" name="test_delete_comment_unauthorized" time="0.273" /><testcase classname="tests.test_comment_notifications.TestCommentEndpoints" name="test_delete_comment_not_found" time="0.136" /><testcase classname="tests.test_comment_notifications.TestCommentNotifications" name="test_notification_created_for_cross_user_comment" time="0.585" /><testcase classname="tests.test_comment_notifications.TestCommentNotifications" name="test_no_notification_for_self_comment" time="0.434" /><testcase classname="tests.test_comment_notifications.TestCommentCountOnContent" name="test_comment_count_increments" time="0.434" /><testcase classname="tests.test_comment_notifications.TestCommentCountOnContent" name="test_comment_count_decrements" time="0.542" /></testsuite></testsuites>