<?xml version="1.0" encoding="utf-8"?><testsuites name="pytest tests"><testsuite name="pytest" errors="0" failures="0" skipped="0" tests="21" time="2.386" timestamp="2026-01-25T22:41:19.383368+00:00" hostname="agent-env-7556caa8-b356-4554-9cf3-d643af74e23e"><testcase classname="tests.test_zero_trust_compliance.TestReleaseVerification" name="test_verify_release_with_all_consents" time="0.476" /><testcase classname="tests.test_zero_trust_compliance.TestReleaseVerification" name="test_verify_release_missing_model_consent" time="0.089" /><testcase classname="tests.test_zero_trust_compliance.TestReleaseVerification" name="test_verify_release_minor_without_guardian_consent" time="0.092" /><testcase classname="tests.test_zero_trust_compliance.TestIdentityVerification" name="test_verify_identity_complete_data" time="0.036" /><testcase classname="tests.test_zero_trust_compliance.TestIdentityVerification" name="test_verify_identity_minor" time="0.044" /><testcase classname="tests.test_zero_trust_compliance.TestIdentityVerification" name="test_verify_identity_missing_documents" time="0.040" /><testcase classname="tests.test_zero_trust_compliance.TestUsageRightsValidation" name="test_validate_commercial_usage" time="0.317" /><testcase classname="tests.test_zero_trust_compliance.TestUsageRightsValidation" name="test_validate_exclusive_worldwide_usage" time="0.079" /><testcase classname="tests.test_zero_trust_compliance.TestUsageRightsValidation" name="test_validate_long_duration_usage" time="0.106" /><testcase classname="tests.test_zero_trust_compliance.TestFraudDetection" name="test_detect_fraud_clean_upload" time="0.101" /><testcase classname="tests.test_zero_trust_compliance.TestFraudDetection" name="test_detect_fraud_zero_size_file" time="0.094" /><testcase classname="tests.test_zero_trust_compliance.TestFraudDetection" name="test_detect_fraud_api_upload" time="0.116" /><testcase classname="tests.test_zero_trust_compliance.TestPrivacyCompliance" name="test_check_privacy_gdpr_compliant" time="0.142" /><testcase classname="tests.test_zero_trust_compliance.TestPrivacyCompliance" name="test_check_privacy_ccpa_region" time="0.105" /><testcase classname="tests.test_zero_trust_compliance.TestPrivacyCompliance" name="test_check_privacy_multiple_regions" time="0.091" /><testcase classname="tests.test_zero_trust_compliance.TestPrivacyCompliance" name="test_check_privacy_non_compliant" time="0.082" /><testcase classname="tests.test_zero_trust_compliance.TestAuditTrail" name="test_get_audit_trail" time="0.034" /><testcase classname="tests.test_zero_trust_compliance.TestAuditTrail" name="test_get_audit_trail_compliance_only" time="0.029" /><testcase classname="tests.test_zero_trust_compliance.TestLicenseExpiry" name="test_get_expiring_licenses" time="0.071" /><testcase classname="tests.test_zero_trust_compliance.TestLicenseExpiry" name="test_auto_expire_licenses" time="0.035" /><testcase classname="tests.test_zero_trust_compliance.TestAuditChainIntegrity" name="test_verify_audit_chain" time="0.033" /></testsuite></testsuites>