<?xml version="1.0" encoding="utf-8"?><testsuites name="pytest tests"><testsuite name="pytest" errors="0" failures="1" skipped="0" tests="21" time="12.034" timestamp="2026-01-25T22:40:13.879835+00:00" hostname="agent-env-7556caa8-b356-4554-9cf3-d643af74e23e"><testcase classname="tests.test_zero_trust_compliance.TestReleaseVerification" name="test_verify_release_with_all_consents" time="10.415" /><testcase classname="tests.test_zero_trust_compliance.TestReleaseVerification" name="test_verify_release_missing_model_consent" time="0.106" /><testcase classname="tests.test_zero_trust_compliance.TestReleaseVerification" name="test_verify_release_minor_without_guardian_consent" time="0.083" /><testcase classname="tests.test_zero_trust_compliance.TestIdentityVerification" name="test_verify_identity_complete_data" time="0.024" /><testcase classname="tests.test_zero_trust_compliance.TestIdentityVerification" name="test_verify_identity_minor" time="0.067"><failure message="assert False == True">tests/test_zero_trust_compliance.py:146: in test_verify_identity_minor
    assert data["is_minor"] == True
E   assert False == True</failure></testcase><testcase classname="tests.test_zero_trust_compliance.TestIdentityVerification" name="test_verify_identity_missing_documents" time="0.030" /><testcase classname="tests.test_zero_trust_compliance.TestUsageRightsValidation" name="test_validate_commercial_usage" time="0.091" /><testcase classname="tests.test_zero_trust_compliance.TestUsageRightsValidation" name="test_validate_exclusive_worldwide_usage" time="0.119" /><testcase classname="tests.test_zero_trust_compliance.TestUsageRightsValidation" name="test_validate_long_duration_usage" time="0.086" /><testcase classname="tests.test_zero_trust_compliance.TestFraudDetection" name="test_detect_fraud_clean_upload" time="0.073" /><testcase classname="tests.test_zero_trust_compliance.TestFraudDetection" name="test_detect_fraud_zero_size_file" time="0.092" /><testcase classname="tests.test_zero_trust_compliance.TestFraudDetection" name="test_detect_fraud_api_upload" time="0.086" /><testcase classname="tests.test_zero_trust_compliance.TestPrivacyCompliance" name="test_check_privacy_gdpr_compliant" time="0.083" /><testcase classname="tests.test_zero_trust_compliance.TestPrivacyCompliance" name="test_check_privacy_ccpa_region" time="0.074" /><testcase classname="tests.test_zero_trust_compliance.TestPrivacyCompliance" name="test_check_privacy_multiple_regions" time="0.082" /><testcase classname="tests.test_zero_trust_compliance.TestPrivacyCompliance" name="test_check_privacy_non_compliant" time="0.090" /><testcase classname="tests.test_zero_trust_compliance.TestAuditTrail" name="test_get_audit_trail" time="0.031" /><testcase classname="tests.test_zero_trust_compliance.TestAuditTrail" name="test_get_audit_trail_compliance_only" time="0.026" /><testcase classname="tests.test_zero_trust_compliance.TestLicenseExpiry" name="test_get_expiring_licenses" time="0.031" /><testcase classname="tests.test_zero_trust_compliance.TestLicenseExpiry" name="test_auto_expire_licenses" time="0.029" /><testcase classname="tests.test_zero_trust_compliance.TestAuditChainIntegrity" name="test_verify_audit_chain" time="0.040" /></testsuite></testsuites>