<?xml version="1.0" encoding="utf-8"?><testsuites name="pytest tests"><testsuite name="pytest" errors="0" failures="0" skipped="0" tests="21" time="13.480" timestamp="2026-01-27T23:24:52.650163+00:00" hostname="agent-env-d0527e99-49ee-4c3e-b7c8-6bd2345856a0"><testcase classname="backend.tests.test_creative_studio.TestCreativeStudioHealth" name="test_health_endpoint" time="12.296" /><testcase classname="backend.tests.test_creative_studio.TestCreativeStudioHealth" name="test_stats_endpoint" time="0.052" /><testcase classname="backend.tests.test_creative_studio.TestTemplates" name="test_get_templates_list" time="0.030" /><testcase classname="backend.tests.test_creative_studio.TestTemplates" name="test_template_has_required_fields" time="0.032" /><testcase classname="backend.tests.test_creative_studio.TestTemplates" name="test_filter_templates_by_category" time="0.034" /><testcase classname="backend.tests.test_creative_studio.TestTemplates" name="test_filter_templates_by_platform" time="0.076" /><testcase classname="backend.tests.test_creative_studio.TestBrandKits" name="test_get_brand_kits_list" time="0.033" /><testcase classname="backend.tests.test_creative_studio.TestBrandKits" name="test_create_brand_kit" time="0.069" /><testcase classname="backend.tests.test_creative_studio.TestBrandKits" name="test_get_nonexistent_brand_kit" time="0.029" /><testcase classname="backend.tests.test_creative_studio.TestProjects" name="test_get_projects_list" time="0.032" /><testcase classname="backend.tests.test_creative_studio.TestProjects" name="test_create_project" time="0.062" /><testcase classname="backend.tests.test_creative_studio.TestProjects" name="test_create_project_with_template" time="0.054" /><testcase classname="backend.tests.test_creative_studio.TestProjects" name="test_get_nonexistent_project" time="0.026" /><testcase classname="backend.tests.test_creative_studio.TestPlatforms" name="test_get_platforms_list" time="0.023" /><testcase classname="backend.tests.test_creative_studio.TestPlatforms" name="test_platform_dimensions" time="0.025" /><testcase classname="backend.tests.test_creative_studio.TestAIGeneration" name="test_get_ai_styles" time="0.024" /><testcase classname="backend.tests.test_creative_studio.TestAIGeneration" name="test_ai_generate_endpoint" time="0.125" /><testcase classname="backend.tests.test_creative_studio.TestCategories" name="test_get_categories" time="0.029" /><testcase classname="backend.tests.test_creative_studio.TestPlatformDimensions" name="test_get_platform_dimensions" time="0.029" /><testcase classname="backend.tests.test_creative_studio.TestDataIntegrity" name="test_create_brand_kit_and_verify" time="0.051" /><testcase classname="backend.tests.test_creative_studio.TestDataIntegrity" name="test_create_project_and_verify" time="0.094" /></testsuite></testsuites>