<?xml version="1.0" encoding="utf-8"?><testsuites name="pytest tests"><testsuite name="pytest" errors="0" failures="0" skipped="0" tests="14" time="19.550" timestamp="2026-03-11T21:43:14.555749+00:00" hostname="agent-env-0966ca71-1c33-4d0a-913c-d7b47e91bbef"><testcase classname="tests.test_creator_analytics.TestAnalyticsOverview" name="test_get_overview" time="18.345" /><testcase classname="tests.test_creator_analytics.TestAnalyticsOverview" name="test_get_content_performance" time="0.061" /><testcase classname="tests.test_creator_analytics.TestAnalyticsOverview" name="test_get_audience" time="0.073" /><testcase classname="tests.test_creator_analytics.TestAnomalyDetection" name="test_run_anomaly_scan" time="0.067" /><testcase classname="tests.test_creator_analytics.TestAnomalyDetection" name="test_get_anomaly_alerts" time="0.069" /><testcase classname="tests.test_creator_analytics.TestAnomalyDetection" name="test_get_anomaly_alerts_include_dismissed" time="0.060" /><testcase classname="tests.test_creator_analytics.TestAnomalyDetection" name="test_dismiss_anomaly_alert" time="0.131" /><testcase classname="tests.test_creator_analytics.TestAudienceDemographics" name="test_get_demographics" time="0.074" /><testcase classname="tests.test_creator_analytics.TestBestTimesToPost" name="test_get_best_times" time="0.076" /><testcase classname="tests.test_creator_analytics.TestGeographicDistribution" name="test_get_geo_distribution" time="0.063" /><testcase classname="tests.test_creator_analytics.TestRevenueTracking" name="test_get_revenue_overview" time="0.061" /><testcase classname="tests.test_creator_analytics.TestRevenueTracking" name="test_get_platform_revenue_detail" time="0.072" /><testcase classname="tests.test_creator_analytics.TestRevenueTracking" name="test_record_revenue_entry" time="0.068" /><testcase classname="tests.test_creator_analytics.TestBasicRevenue" name="test_get_basic_revenue" time="0.073" /></testsuite></testsuites>