<?xml version="1.0" encoding="utf-8"?><testsuites name="pytest tests"><testsuite name="pytest" errors="0" failures="0" skipped="0" tests="14" time="20.525" timestamp="2026-03-12T00:17:47.909370+00:00" hostname="agent-env-8e041e11-f6f5-4986-b446-673a5c9fa1cf"><testcase classname="tests.test_credentials_guide.TestCredentialsGuideEndpoint" name="test_credentials_guide_returns_200" time="17.609" /><testcase classname="tests.test_credentials_guide.TestCredentialsGuideEndpoint" name="test_credentials_guide_returns_10_platforms" time="0.166" /><testcase classname="tests.test_credentials_guide.TestCredentialsGuideEndpoint" name="test_all_expected_platforms_present" time="0.222" /><testcase classname="tests.test_credentials_guide.TestCredentialsGuideEndpoint" name="test_each_adapter_has_required_fields" time="0.177" /><testcase classname="tests.test_credentials_guide.TestCredentialsGuideEndpoint" name="test_each_adapter_has_correct_credential_fields" time="0.169" /><testcase classname="tests.test_credentials_guide.TestCredentialsGuideEndpoint" name="test_credential_fields_have_required_properties" time="0.155" /><testcase classname="tests.test_credentials_guide.TestCredentialsGuideEndpoint" name="test_developer_portals_are_valid_urls" time="0.132" /><testcase classname="tests.test_credentials_guide.TestCredentialsGuideEndpoint" name="test_telegram_has_bot_token_and_chat_id" time="0.145" /><testcase classname="tests.test_credentials_guide.TestCredentialsGuideEndpoint" name="test_bluesky_has_handle_and_app_password" time="0.174" /><testcase classname="tests.test_credentials_guide.TestPlatformConnectionsAuth" name="test_connect_platform_requires_auth" time="0.160" /><testcase classname="tests.test_credentials_guide.TestPlatformConnectionsAuth" name="test_get_connected_platforms_requires_auth" time="0.149" /><testcase classname="tests.test_credentials_guide.TestPlatformConnectionsAuth" name="test_disconnect_platform_requires_auth" time="0.140" /><testcase classname="tests.test_credentials_guide.TestPlatformConnectionsAuth" name="test_get_connected_platforms_with_auth" time="0.543" /><testcase classname="tests.test_credentials_guide.TestPlatformConnectionsAuth" name="test_connect_and_disconnect_platform" time="0.470" /></testsuite></testsuites>