<?xml version="1.0" encoding="utf-8"?><testsuites name="pytest tests"><testsuite name="pytest" errors="0" failures="0" skipped="0" tests="25" time="12.064" timestamp="2026-01-26T00:47:33.903403+00:00" hostname="agent-env-aa12919c-5e1e-4cd0-9951-11ceed387180"><testcase classname="backend.tests.test_dao_governance_v2.TestDAOV2Health" name="test_health_endpoint" time="11.092" /><testcase classname="backend.tests.test_dao_governance_v2.TestDAOV2Proposals" name="test_get_proposals_list" time="0.044" /><testcase classname="backend.tests.test_dao_governance_v2.TestDAOV2Proposals" name="test_get_single_proposal" time="0.030" /><testcase classname="backend.tests.test_dao_governance_v2.TestDAOV2Proposals" name="test_get_nonexistent_proposal" time="0.029" /><testcase classname="backend.tests.test_dao_governance_v2.TestDAOV2Proposals" name="test_filter_proposals_by_state" time="0.048" /><testcase classname="backend.tests.test_dao_governance_v2.TestDAOV2Proposals" name="test_filter_proposals_by_network" time="0.026" /><testcase classname="backend.tests.test_dao_governance_v2.TestDAOV2Proposals" name="test_create_proposal" time="0.028" /><testcase classname="backend.tests.test_dao_governance_v2.TestDAOV2Voting" name="test_cast_vote_for" time="0.046" /><testcase classname="backend.tests.test_dao_governance_v2.TestDAOV2Voting" name="test_get_proposal_votes" time="0.023" /><testcase classname="backend.tests.test_dao_governance_v2.TestDAOV2Treasury" name="test_get_treasury" time="0.024" /><testcase classname="backend.tests.test_dao_governance_v2.TestDAOV2Treasury" name="test_treasury_has_flow_chart" time="0.023" /><testcase classname="backend.tests.test_dao_governance_v2.TestDAOV2Treasury" name="test_treasury_has_insights" time="0.035" /><testcase classname="backend.tests.test_dao_governance_v2.TestDAOV2Metrics" name="test_get_governance_metrics" time="0.024" /><testcase classname="backend.tests.test_dao_governance_v2.TestDAOV2Metrics" name="test_metrics_has_token_info" time="0.021" /><testcase classname="backend.tests.test_dao_governance_v2.TestDAOV2Metrics" name="test_metrics_has_participation_trends" time="0.025" /><testcase classname="backend.tests.test_dao_governance_v2.TestDAOV2Metrics" name="test_metrics_has_top_voters" time="0.030" /><testcase classname="backend.tests.test_dao_governance_v2.TestDAOV2Delegates" name="test_get_delegates_list" time="0.024" /><testcase classname="backend.tests.test_dao_governance_v2.TestDAOV2Delegates" name="test_delegate_votes" time="0.024" /><testcase classname="backend.tests.test_dao_governance_v2.TestDAOV2Council" name="test_get_council_members" time="0.022" /><testcase classname="backend.tests.test_dao_governance_v2.TestDAOV2Members" name="test_get_member_profile" time="0.021" /><testcase classname="backend.tests.test_dao_governance_v2.TestDAOV2Networks" name="test_get_supported_networks" time="0.064" /><testcase classname="backend.tests.test_dao_governance_v2.TestDAOV2Config" name="test_get_governance_config" time="0.024" /><testcase classname="backend.tests.test_dao_governance_v2.TestDAOV2Config" name="test_config_has_contracts" time="0.023" /><testcase classname="backend.tests.test_dao_governance_v2.TestDAOV2DataIntegrity" name="test_create_proposal_and_verify" time="0.035" /><testcase classname="backend.tests.test_dao_governance_v2.TestDAOV2DataIntegrity" name="test_treasury_value_consistency" time="0.023" /></testsuite></testsuites>