<?xml version="1.0" encoding="utf-8"?><testsuites name="pytest tests"><testsuite name="pytest" errors="0" failures="0" skipped="0" tests="15" time="20.018" timestamp="2026-04-09T17:42:59.898554+00:00" hostname="agent-env-453cbdf0-3bf1-4028-a794-e28c977c828d"><testcase classname="tests.test_date_range_picker.TestDateRangePickerBackend" name="test_auth_works" time="13.159" /><testcase classname="tests.test_date_range_picker.TestDateRangePickerBackend" name="test_transactions_without_date_filter" time="0.489" /><testcase classname="tests.test_date_range_picker.TestDateRangePickerBackend" name="test_transactions_with_date_from_only" time="0.516" /><testcase classname="tests.test_date_range_picker.TestDateRangePickerBackend" name="test_transactions_with_date_to_only" time="0.472" /><testcase classname="tests.test_date_range_picker.TestDateRangePickerBackend" name="test_transactions_with_date_range" time="0.505" /><testcase classname="tests.test_date_range_picker.TestDateRangePickerBackend" name="test_transactions_with_date_range_and_platform_filter" time="0.479" /><testcase classname="tests.test_date_range_picker.TestDateRangePickerBackend" name="test_transactions_with_date_range_and_source_filter" time="0.450" /><testcase classname="tests.test_date_range_picker.TestDateRangePickerBackend" name="test_transactions_empty_date_range" time="0.483" /><testcase classname="tests.test_date_range_picker.TestDateRangePickerBackend" name="test_export_without_date_filter" time="0.468" /><testcase classname="tests.test_date_range_picker.TestDateRangePickerBackend" name="test_export_with_date_from_only" time="0.448" /><testcase classname="tests.test_date_range_picker.TestDateRangePickerBackend" name="test_export_with_date_to_only" time="0.435" /><testcase classname="tests.test_date_range_picker.TestDateRangePickerBackend" name="test_export_with_date_range" time="0.435" /><testcase classname="tests.test_date_range_picker.TestDateRangePickerBackend" name="test_export_with_date_range_and_platform_filter" time="0.589" /><testcase classname="tests.test_date_range_picker.TestDateRangePickerBackend" name="test_export_data_matches_transactions_count" time="0.525" /><testcase classname="tests.test_date_range_picker.TestDateRangePickerBackend" name="test_export_empty_date_range" time="0.432" /></testsuite></testsuites>