<?xml version="1.0" encoding="utf-8"?><testsuites name="pytest tests"><testsuite name="pytest" errors="0" failures="0" skipped="0" tests="33" time="25.568" timestamp="2026-02-27T17:54:56.869662+00:00" hostname="agent-env-31cb99bc-27c6-4ca6-9027-c11ce9d89327"><testcase classname="tests.test_deep_refactoring_regression.TestHealthEndpoints" name="test_api_health_endpoint" time="17.396" /><testcase classname="tests.test_deep_refactoring_regression.TestHealthEndpoints" name="test_payment_health" time="0.172" /><testcase classname="tests.test_deep_refactoring_regression.TestHealthEndpoints" name="test_stripe_health" time="0.163" /><testcase classname="tests.test_deep_refactoring_regression.TestHealthEndpoints" name="test_mlc_health" time="0.161" /><testcase classname="tests.test_deep_refactoring_regression.TestHealthEndpoints" name="test_licensing_health" time="0.172" /><testcase classname="tests.test_deep_refactoring_regression.TestHealthEndpoints" name="test_api_status" time="0.154" /><testcase classname="tests.test_deep_refactoring_regression.TestAuthRoutes" name="test_login_success" time="0.387" /><testcase classname="tests.test_deep_refactoring_regression.TestAuthRoutes" name="test_login_invalid_credentials" time="0.139" /><testcase classname="tests.test_deep_refactoring_regression.TestAuthRoutes" name="test_auth_me_with_token" time="0.539" /><testcase classname="tests.test_deep_refactoring_regression.TestAuthRoutes" name="test_auth_me_without_token" time="0.140" /><testcase classname="tests.test_deep_refactoring_regression.TestAgencyRoutes" name="test_agency_status" time="0.160" /><testcase classname="tests.test_deep_refactoring_regression.TestBusinessRoutes" name="test_business_identifiers" time="0.556" /><testcase classname="tests.test_deep_refactoring_regression.TestBusinessRoutes" name="test_generate_upc" time="0.127" /><testcase classname="tests.test_deep_refactoring_regression.TestDAORoutes" name="test_dao_health" time="0.146" /><testcase classname="tests.test_deep_refactoring_regression.TestDAORoutes" name="test_dao_contracts" time="0.125" /><testcase classname="tests.test_deep_refactoring_regression.TestDistributionRoutes" name="test_distribution_platforms" time="0.146" /><testcase classname="tests.test_deep_refactoring_regression.TestCVEEndpoints" name="test_cve_dashboard" time="0.547" /><testcase classname="tests.test_deep_refactoring_regression.TestCVEEndpoints" name="test_cve_sla_dashboard" time="0.150" /><testcase classname="tests.test_deep_refactoring_regression.TestCVEEndpoints" name="test_cve_reporting_summary" time="0.156" /><testcase classname="tests.test_deep_refactoring_regression.TestCVEEndpoints" name="test_cve_iac_overview" time="0.885" /><testcase classname="tests.test_deep_refactoring_regression.TestMediaRoutes" name="test_media_search" time="0.554" /><testcase classname="tests.test_deep_refactoring_regression.TestMediaRoutes" name="test_media_library" time="0.172" /><testcase classname="tests.test_deep_refactoring_regression.TestAdminRoutes" name="test_admin_notification_requires_admin" time="0.544" /><testcase classname="tests.test_deep_refactoring_regression.TestSystemRoutes" name="test_performance_stats" time="0.254" /><testcase classname="tests.test_deep_refactoring_regression.TestLicensingRoutes" name="test_licensing_comprehensive" time="0.161" /><testcase classname="tests.test_deep_refactoring_regression.TestLicensingRoutes" name="test_rights_compliance" time="0.155" /><testcase classname="tests.test_deep_refactoring_regression.TestRouterIntegration" name="test_routes_auth_router" time="0.247" /><testcase classname="tests.test_deep_refactoring_regression.TestRouterIntegration" name="test_routes_agency_router" time="0.144" /><testcase classname="tests.test_deep_refactoring_regression.TestRouterIntegration" name="test_routes_dao_router" time="0.159" /><testcase classname="tests.test_deep_refactoring_regression.TestRouterIntegration" name="test_routes_distribution_router" time="0.136" /><testcase classname="tests.test_deep_refactoring_regression.TestRouterIntegration" name="test_routes_health_router" time="0.142" /><testcase classname="tests.test_deep_refactoring_regression.TestRouterIntegration" name="test_routes_licensing_router" time="0.164" /><testcase classname="tests.test_deep_refactoring_regression.TestRouterIntegration" name="test_routes_system_router" time="0.123" /></testsuite></testsuites>