<?xml version="1.0" encoding="utf-8"?><testsuites name="pytest tests"><testsuite name="pytest" errors="0" failures="4" skipped="0" tests="33" time="24.450" timestamp="2026-02-27T17:52:55.308599+00:00" hostname="agent-env-31cb99bc-27c6-4ca6-9027-c11ce9d89327"><testcase classname="tests.test_deep_refactoring_regression.TestHealthEndpoints" name="test_api_health_endpoint" time="16.482" /><testcase classname="tests.test_deep_refactoring_regression.TestHealthEndpoints" name="test_payment_health" time="0.175" /><testcase classname="tests.test_deep_refactoring_regression.TestHealthEndpoints" name="test_stripe_health" time="0.136" /><testcase classname="tests.test_deep_refactoring_regression.TestHealthEndpoints" name="test_mlc_health" time="0.149"><failure message="AssertionError: assert 'unhealthy' == 'healthy'&#10;  &#10;  - healthy&#10;  + unhealthy&#10;  ? ++">tests/test_deep_refactoring_regression.py:66: in test_mlc_health
    assert data["status"] == "healthy"
E   AssertionError: assert 'unhealthy' == 'healthy'
E     
E     - healthy
E     + unhealthy
E     ? ++</failure></testcase><testcase classname="tests.test_deep_refactoring_regression.TestHealthEndpoints" name="test_licensing_health" time="0.137" /><testcase classname="tests.test_deep_refactoring_regression.TestHealthEndpoints" name="test_api_status" time="0.137" /><testcase classname="tests.test_deep_refactoring_regression.TestAuthRoutes" name="test_login_success" time="0.409" /><testcase classname="tests.test_deep_refactoring_regression.TestAuthRoutes" name="test_login_invalid_credentials" time="0.136" /><testcase classname="tests.test_deep_refactoring_regression.TestAuthRoutes" name="test_auth_me_with_token" time="0.574" /><testcase classname="tests.test_deep_refactoring_regression.TestAuthRoutes" name="test_auth_me_without_token" time="0.141" /><testcase classname="tests.test_deep_refactoring_regression.TestAgencyRoutes" name="test_agency_status" time="0.178" /><testcase classname="tests.test_deep_refactoring_regression.TestBusinessRoutes" name="test_business_identifiers" time="0.507" /><testcase classname="tests.test_deep_refactoring_regression.TestBusinessRoutes" name="test_generate_upc" time="0.159"><failure message="assert 500 == 200&#10; +  where 500 = &lt;Response [500]&gt;.status_code">tests/test_deep_refactoring_regression.py:192: in test_generate_upc
    assert response.status_code == 200
E   assert 500 == 200
E    +  where 500 = &lt;Response [500]&gt;.status_code</failure></testcase><testcase classname="tests.test_deep_refactoring_regression.TestDAORoutes" name="test_dao_health" time="0.124" /><testcase classname="tests.test_deep_refactoring_regression.TestDAORoutes" name="test_dao_contracts" time="0.136"><failure message="assert False == True">tests/test_deep_refactoring_regression.py:220: in test_dao_contracts
    assert data["success"] == True
E   assert False == True</failure></testcase><testcase classname="tests.test_deep_refactoring_regression.TestDistributionRoutes" name="test_distribution_platforms" time="0.141" /><testcase classname="tests.test_deep_refactoring_regression.TestCVEEndpoints" name="test_cve_dashboard" time="0.514" /><testcase classname="tests.test_deep_refactoring_regression.TestCVEEndpoints" name="test_cve_sla_dashboard" time="0.142" /><testcase classname="tests.test_deep_refactoring_regression.TestCVEEndpoints" name="test_cve_reporting_summary" time="0.156" /><testcase classname="tests.test_deep_refactoring_regression.TestCVEEndpoints" name="test_cve_iac_overview" time="0.780" /><testcase classname="tests.test_deep_refactoring_regression.TestMediaRoutes" name="test_media_search" time="0.569" /><testcase classname="tests.test_deep_refactoring_regression.TestMediaRoutes" name="test_media_library" time="0.131" /><testcase classname="tests.test_deep_refactoring_regression.TestAdminRoutes" name="test_admin_notification_requires_admin" time="0.524" /><testcase classname="tests.test_deep_refactoring_regression.TestSystemRoutes" name="test_performance_stats" time="0.126"><failure message="assert 500 == 200&#10; +  where 500 = &lt;Response [500]&gt;.status_code">tests/test_deep_refactoring_regression.py:383: in test_performance_stats
    assert response.status_code == 200
E   assert 500 == 200
E    +  where 500 = &lt;Response [500]&gt;.status_code</failure></testcase><testcase classname="tests.test_deep_refactoring_regression.TestLicensingRoutes" name="test_licensing_comprehensive" time="0.139" /><testcase classname="tests.test_deep_refactoring_regression.TestLicensingRoutes" name="test_rights_compliance" time="0.134" /><testcase classname="tests.test_deep_refactoring_regression.TestRouterIntegration" name="test_routes_auth_router" time="0.371" /><testcase classname="tests.test_deep_refactoring_regression.TestRouterIntegration" name="test_routes_agency_router" time="0.165" /><testcase classname="tests.test_deep_refactoring_regression.TestRouterIntegration" name="test_routes_dao_router" time="0.167" /><testcase classname="tests.test_deep_refactoring_regression.TestRouterIntegration" name="test_routes_distribution_router" time="0.165" /><testcase classname="tests.test_deep_refactoring_regression.TestRouterIntegration" name="test_routes_health_router" time="0.126" /><testcase classname="tests.test_deep_refactoring_regression.TestRouterIntegration" name="test_routes_licensing_router" time="0.163" /><testcase classname="tests.test_deep_refactoring_regression.TestRouterIntegration" name="test_routes_system_router" time="0.125" /></testsuite></testsuites>