<?xml version="1.0" encoding="utf-8"?><testsuites name="pytest tests"><testsuite name="pytest" errors="0" failures="0" skipped="0" tests="23" time="21.619" timestamp="2026-04-09T19:20:42.084433+00:00" hostname="agent-env-8e142a72-9353-42ef-a8d0-1842594e46bb"><testcase classname="tests.test_democked_modules.TestContentManagerService" name="test_content_stats_returns_real_data" time="17.737" /><testcase classname="tests.test_democked_modules.TestContentManagerService" name="test_content_assets_returns_real_data" time="0.188" /><testcase classname="tests.test_democked_modules.TestContentManagerService" name="test_content_folders_returns_real_data" time="0.168" /><testcase classname="tests.test_democked_modules.TestContentManagerService" name="test_content_search_returns_real_data" time="0.139" /><testcase classname="tests.test_democked_modules.TestComplianceCenterService" name="test_compliance_status_returns_real_data" time="0.208" /><testcase classname="tests.test_democked_modules.TestComplianceCenterService" name="test_compliance_alerts_returns_real_data" time="0.158" /><testcase classname="tests.test_democked_modules.TestSponsorshipCampaignsService" name="test_campaigns_returns_real_data" time="0.173" /><testcase classname="tests.test_democked_modules.TestSponsorshipCampaignsService" name="test_campaign_analytics_returns_real_data" time="0.166" /><testcase classname="tests.test_democked_modules.TestSponsorshipCampaignsService" name="test_sponsorship_opportunities_returns_real_data" time="0.161" /><testcase classname="tests.test_democked_modules.TestContributorHubService" name="test_contributors_search_returns_real_data" time="0.175" /><testcase classname="tests.test_democked_modules.TestContributorHubService" name="test_contributor_stats_returns_real_data" time="0.166" /><testcase classname="tests.test_democked_modules.TestContributorHubService" name="test_contributor_collaborations_returns_real_data" time="0.148" /><testcase classname="tests.test_democked_modules.TestContributorHubService" name="test_contributor_requests_returns_real_data" time="0.218" /><testcase classname="tests.test_democked_modules.TestContributorHubService" name="test_contributor_payments_returns_real_data" time="0.161" /><testcase classname="tests.test_democked_modules.TestAnalyticsEndpointsRegression" name="test_analytics_revenue_still_works" time="0.154" /><testcase classname="tests.test_democked_modules.TestAnalyticsEndpointsRegression" name="test_analytics_performance_still_works" time="0.232" /><testcase classname="tests.test_democked_modules.TestAnalyticsEndpointsRegression" name="test_analytics_roi_still_works" time="0.145" /><testcase classname="tests.test_democked_modules.TestAnalyticsEndpointsRegression" name="test_analytics_trends_still_works" time="0.152" /><testcase classname="tests.test_democked_modules.TestAnalyticsEndpointsRegression" name="test_analytics_forecast_still_works" time="0.150" /><testcase classname="tests.test_democked_modules.TestNoMongoIdInResponses" name="test_content_assets_no_mongo_id" time="0.139" /><testcase classname="tests.test_democked_modules.TestNoMongoIdInResponses" name="test_campaigns_no_mongo_id" time="0.140" /><testcase classname="tests.test_democked_modules.TestNoMongoIdInResponses" name="test_contributors_no_mongo_id" time="0.196" /><testcase classname="tests.test_democked_modules.TestNoMongoIdInResponses" name="test_payments_no_mongo_id" time="0.161" /></testsuite></testsuites>