<?xml version="1.0" encoding="utf-8"?><testsuites name="pytest tests"><testsuite name="pytest" errors="0" failures="0" skipped="0" tests="17" time="24.802" timestamp="2026-03-11T18:57:28.672584+00:00" hostname="agent-env-52594fed-afa9-4766-8f2b-e9aed91d1738"><testcase classname="tests.test_distribution_hub.TestDistributionHubAPIs" name="test_get_platforms_returns_all_categories" time="16.188" /><testcase classname="tests.test_distribution_hub.TestDistributionHubAPIs" name="test_create_content_with_full_metadata" time="0.478" /><testcase classname="tests.test_distribution_hub.TestDistributionHubAPIs" name="test_get_content_library" time="0.434" /><testcase classname="tests.test_distribution_hub.TestDistributionHubAPIs" name="test_get_content_by_id" time="0.515" /><testcase classname="tests.test_distribution_hub.TestDistributionHubAPIs" name="test_update_content_metadata" time="0.535" /><testcase classname="tests.test_distribution_hub.TestDistributionHubAPIs" name="test_delete_content" time="0.611" /><testcase classname="tests.test_distribution_hub.TestDistributionHubAPIs" name="test_distribute_to_platforms" time="0.553" /><testcase classname="tests.test_distribution_hub.TestDistributionHubAPIs" name="test_get_deliveries" time="0.473" /><testcase classname="tests.test_distribution_hub.TestDistributionHubAPIs" name="test_get_deliveries_by_status_filter" time="0.457" /><testcase classname="tests.test_distribution_hub.TestDistributionHubAPIs" name="test_get_delivery_batch" time="0.553" /><testcase classname="tests.test_distribution_hub.TestDistributionHubAPIs" name="test_generate_export_package" time="0.587" /><testcase classname="tests.test_distribution_hub.TestDistributionHubAPIs" name="test_update_delivery_status" time="0.672" /><testcase classname="tests.test_distribution_hub.TestDistributionHubAPIs" name="test_connect_platform" time="0.463" /><testcase classname="tests.test_distribution_hub.TestDistributionHubAPIs" name="test_get_connected_platforms" time="0.460" /><testcase classname="tests.test_distribution_hub.TestDistributionHubAPIs" name="test_disconnect_platform" time="0.585" /><testcase classname="tests.test_distribution_hub.TestDistributionHubAPIs" name="test_get_hub_stats" time="0.528" /><testcase classname="tests.test_distribution_hub.TestDistributionHubAPIs" name="test_upload_content_file" time="0.533" /></testsuite></testsuites>