<?xml version="1.0" encoding="utf-8"?><testsuites name="pytest tests"><testsuite name="pytest" errors="2" failures="0" skipped="0" tests="38" time="19.110" timestamp="2026-03-11T19:51:38.299109+00:00" hostname="agent-env-2d22e767-7f0d-452c-bdf1-027e94dca559"><testcase classname="tests.test_distribution_hub_120_platforms.TestPlatformCounts" name="test_total_platforms_is_120" time="17.037" /><testcase classname="tests.test_distribution_hub_120_platforms.TestPlatformCounts" name="test_audio_streaming_has_14_platforms" time="0.001" /><testcase classname="tests.test_distribution_hub_120_platforms.TestPlatformCounts" name="test_commercial_radio_has_6_platforms" time="0.000" /><testcase classname="tests.test_distribution_hub_120_platforms.TestPlatformCounts" name="test_video_platforms_has_8" time="0.000" /><testcase classname="tests.test_distribution_hub_120_platforms.TestPlatformCounts" name="test_film_movie_has_9_platforms" time="0.000" /><testcase classname="tests.test_distribution_hub_120_platforms.TestPlatformCounts" name="test_social_media_has_9_platforms" time="0.000" /><testcase classname="tests.test_distribution_hub_120_platforms.TestPlatformCounts" name="test_podcast_has_5_platforms" time="0.000" /><testcase classname="tests.test_distribution_hub_120_platforms.TestPlatformCounts" name="test_modeling_agencies_has_12_platforms" time="0.000" /><testcase classname="tests.test_distribution_hub_120_platforms.TestPlatformCounts" name="test_dooh_programmatic_has_10_platforms" time="0.000" /><testcase classname="tests.test_distribution_hub_120_platforms.TestPlatformCounts" name="test_web3_blockchain_has_8_platforms" time="0.000" /><testcase classname="tests.test_distribution_hub_120_platforms.TestPlatformCounts" name="test_rights_licensing_has_7_platforms" time="0.000" /><testcase classname="tests.test_distribution_hub_120_platforms.TestPlatformCounts" name="test_international_streaming_has_8_platforms" time="0.000" /><testcase classname="tests.test_distribution_hub_120_platforms.TestPlatformCounts" name="test_live_streaming_has_4_platforms" time="0.001" /><testcase classname="tests.test_distribution_hub_120_platforms.TestPlatformCounts" name="test_entertainment_media_has_8_platforms" time="0.000" /><testcase classname="tests.test_distribution_hub_120_platforms.TestPlatformCounts" name="test_creator_platforms_has_4_platforms" time="0.000" /><testcase classname="tests.test_distribution_hub_120_platforms.TestPlatformCounts" name="test_alternative_social_has_8_platforms" time="0.000" /><testcase classname="tests.test_distribution_hub_120_platforms.TestPlatformCounts" name="test_15_categories_exist" time="0.001" /><testcase classname="tests.test_distribution_hub_120_platforms.TestSystemTemplates" name="test_12_system_templates_exist" time="0.662" /><testcase classname="tests.test_distribution_hub_120_platforms.TestSystemTemplates" name="test_original_6_templates_exist" time="0.001" /><testcase classname="tests.test_distribution_hub_120_platforms.TestSystemTemplates" name="test_new_6_templates_exist" time="0.001" /><testcase classname="tests.test_distribution_hub_120_platforms.TestSystemTemplates" name="test_tpl_all_modeling_has_12_platforms" time="0.001" /><testcase classname="tests.test_distribution_hub_120_platforms.TestSystemTemplates" name="test_tpl_dooh_blast_has_10_platforms" time="0.001" /><testcase classname="tests.test_distribution_hub_120_platforms.TestSystemTemplates" name="test_tpl_web3_distribution_has_8_platforms" time="0.001" /><testcase classname="tests.test_distribution_hub_120_platforms.TestSystemTemplates" name="test_tpl_entertainment_media_has_8_platforms" time="0.001" /><testcase classname="tests.test_distribution_hub_120_platforms.TestSystemTemplates" name="test_tpl_global_streaming_has_8_platforms" time="0.001" /><testcase classname="tests.test_distribution_hub_120_platforms.TestSystemTemplates" name="test_tpl_rights_licensing_has_7_platforms" time="0.001" /><testcase classname="tests.test_distribution_hub_120_platforms.TestDistributionFlow" name="test_create_test_content" time="0.585" /><testcase classname="tests.test_distribution_hub_120_platforms.TestDistributionFlow" name="test_distribute_to_modeling_agencies" time="0.000"><error message="failed on setup with &quot;file /app/backend/tests/test_distribution_hub_120_platforms.py, line 338&#10;      def test_distribute_to_modeling_agencies(self, headers, test_create_test_content):&#10;E       fixture 'test_create_test_content' not found&#10;&gt;       available fixtures: _class_scoped_runner, _function_scoped_runner, _module_scoped_runner, _package_scoped_runner, _session_scoped_runner, anyio_backend, anyio_backend_name, anyio_backend_options, auth_token, cache, capfd, capfdbinary, caplog, capsys, capsysbinary, capteesys, doctest_namespace, event_loop_policy, free_tcp_port, free_tcp_port_factory, free_udp_port, free_udp_port_factory, headers, monkeypatch, pytestconfig, record_property, record_testsuite_property, record_xml_attribute, recwarn, tmp_path, tmp_path_factory, tmpdir, tmpdir_factory, unused_tcp_port, unused_tcp_port_factory, unused_udp_port, unused_udp_port_factory&#10;&gt;       use 'pytest --fixtures [testpath]' for help on them.&#10;&#10;/app/backend/tests/test_distribution_hub_120_platforms.py:338&quot;">file /app/backend/tests/test_distribution_hub_120_platforms.py, line 338
      def test_distribute_to_modeling_agencies(self, headers, test_create_test_content):
E       fixture 'test_create_test_content' not found
&gt;       available fixtures: _class_scoped_runner, _function_scoped_runner, _module_scoped_runner, _package_scoped_runner, _session_scoped_runner, anyio_backend, anyio_backend_name, anyio_backend_options, auth_token, cache, capfd, capfdbinary, caplog, capsys, capsysbinary, capteesys, doctest_namespace, event_loop_policy, free_tcp_port, free_tcp_port_factory, free_udp_port, free_udp_port_factory, headers, monkeypatch, pytestconfig, record_property, record_testsuite_property, record_xml_attribute, recwarn, tmp_path, tmp_path_factory, tmpdir, tmpdir_factory, unused_tcp_port, unused_tcp_port_factory, unused_udp_port, unused_udp_port_factory
&gt;       use 'pytest --fixtures [testpath]' for help on them.

/app/backend/tests/test_distribution_hub_120_platforms.py:338</error></testcase><testcase classname="tests.test_distribution_hub_120_platforms.TestDistributionFlow" name="test_distribute_to_dooh_platforms" time="0.000"><error message="failed on setup with &quot;file /app/backend/tests/test_distribution_hub_120_platforms.py, line 359&#10;      def test_distribute_to_dooh_platforms(self, headers, test_create_test_content):&#10;E       fixture 'test_create_test_content' not found&#10;&gt;       available fixtures: _class_scoped_runner, _function_scoped_runner, _module_scoped_runner, _package_scoped_runner, _session_scoped_runner, anyio_backend, anyio_backend_name, anyio_backend_options, auth_token, cache, capfd, capfdbinary, caplog, capsys, capsysbinary, capteesys, doctest_namespace, event_loop_policy, free_tcp_port, free_tcp_port_factory, free_udp_port, free_udp_port_factory, headers, monkeypatch, pytestconfig, record_property, record_testsuite_property, record_xml_attribute, recwarn, tmp_path, tmp_path_factory, tmpdir, tmpdir_factory, unused_tcp_port, unused_tcp_port_factory, unused_udp_port, unused_udp_port_factory&#10;&gt;       use 'pytest --fixtures [testpath]' for help on them.&#10;&#10;/app/backend/tests/test_distribution_hub_120_platforms.py:359&quot;">file /app/backend/tests/test_distribution_hub_120_platforms.py, line 359
      def test_distribute_to_dooh_platforms(self, headers, test_create_test_content):
E       fixture 'test_create_test_content' not found
&gt;       available fixtures: _class_scoped_runner, _function_scoped_runner, _module_scoped_runner, _package_scoped_runner, _session_scoped_runner, anyio_backend, anyio_backend_name, anyio_backend_options, auth_token, cache, capfd, capfdbinary, caplog, capsys, capsysbinary, capteesys, doctest_namespace, event_loop_policy, free_tcp_port, free_tcp_port_factory, free_udp_port, free_udp_port_factory, headers, monkeypatch, pytestconfig, record_property, record_testsuite_property, record_xml_attribute, recwarn, tmp_path, tmp_path_factory, tmpdir, tmpdir_factory, unused_tcp_port, unused_tcp_port_factory, unused_udp_port, unused_udp_port_factory
&gt;       use 'pytest --fixtures [testpath]' for help on them.

/app/backend/tests/test_distribution_hub_120_platforms.py:359</error></testcase><testcase classname="tests.test_distribution_hub_120_platforms.TestDistributionFlow" name="test_hub_stats_show_120_platforms" time="0.199" /><testcase classname="tests.test_distribution_hub_120_platforms.TestModelingAgenciesPlatformDetails" name="test_img_models_platform" time="0.186" /><testcase classname="tests.test_distribution_hub_120_platforms.TestModelingAgenciesPlatformDetails" name="test_elite_model_platform" time="0.000" /><testcase classname="tests.test_distribution_hub_120_platforms.TestModelingAgenciesPlatformDetails" name="test_ford_models_platform" time="0.000" /><testcase classname="tests.test_distribution_hub_120_platforms.TestModelingAgenciesPlatformDetails" name="test_wilhelmina_platform" time="0.000" /><testcase classname="tests.test_distribution_hub_120_platforms.TestModelingAgenciesPlatformDetails" name="test_dna_models_platform" time="0.001" /><testcase classname="tests.test_distribution_hub_120_platforms.TestDOOHPlatformDetails" name="test_clear_channel_platform" time="0.161" /><testcase classname="tests.test_distribution_hub_120_platforms.TestDOOHPlatformDetails" name="test_jcdecaux_platform" time="0.000" /><testcase classname="tests.test_distribution_hub_120_platforms.TestDOOHPlatformDetails" name="test_blip_billboards_platform" time="0.000" /></testsuite></testsuites>