<?xml version="1.0" encoding="utf-8"?><testsuites name="pytest tests"><testsuite name="pytest" errors="0" failures="0" skipped="0" tests="17" time="26.427" timestamp="2026-03-11T19:31:44.079087+00:00" hostname="agent-env-52594fed-afa9-4766-8f2b-e9aed91d1738"><testcase classname="tests.test_distribution_templates.TestDistributionTemplates" name="test_get_templates_returns_system_and_custom" time="17.609" /><testcase classname="tests.test_distribution_templates.TestDistributionTemplates" name="test_get_templates_system_templates_have_correct_structure" time="0.647" /><testcase classname="tests.test_distribution_templates.TestDistributionTemplates" name="test_get_templates_verify_all_radio_template" time="0.511" /><testcase classname="tests.test_distribution_templates.TestDistributionTemplates" name="test_get_templates_verify_major_streaming_template" time="0.493" /><testcase classname="tests.test_distribution_templates.TestDistributionTemplates" name="test_get_system_template_by_id" time="0.463" /><testcase classname="tests.test_distribution_templates.TestDistributionTemplates" name="test_get_nonexistent_template_returns_404" time="0.507" /><testcase classname="tests.test_distribution_templates.TestDistributionTemplates" name="test_create_custom_template" time="0.504" /><testcase classname="tests.test_distribution_templates.TestDistributionTemplates" name="test_create_template_without_name_fails" time="0.475" /><testcase classname="tests.test_distribution_templates.TestDistributionTemplates" name="test_get_custom_template_by_id" time="0.498" /><testcase classname="tests.test_distribution_templates.TestDistributionTemplates" name="test_update_custom_template" time="0.591" /><testcase classname="tests.test_distribution_templates.TestDistributionTemplates" name="test_update_system_template_fails" time="0.724" /><testcase classname="tests.test_distribution_templates.TestDistributionTemplates" name="test_delete_custom_template" time="0.650" /><testcase classname="tests.test_distribution_templates.TestDistributionTemplates" name="test_delete_system_template_fails" time="0.503" /><testcase classname="tests.test_distribution_templates.TestDistributionTemplates" name="test_verify_social_blast_template" time="0.468" /><testcase classname="tests.test_distribution_templates.TestDistributionTemplates" name="test_verify_video_everywhere_template" time="0.455" /><testcase classname="tests.test_distribution_templates.TestDistributionTemplates" name="test_verify_film_distribution_template" time="0.570" /><testcase classname="tests.test_distribution_templates.TestDistributionTemplates" name="test_verify_podcast_push_template" time="0.504" /></testsuite></testsuites>