<?xml version="1.0" encoding="utf-8"?><testsuites name="pytest tests"><testsuite name="pytest" errors="0" failures="0" skipped="0" tests="18" time="27.673" timestamp="2026-03-29T20:39:09.052371+00:00" hostname="agent-env-c0619124-9f8d-46bb-8d5d-039677663640"><testcase classname="tests.test_dns_health.TestDNSHealthEndpoints" name="test_dns_lookup_basic" time="17.298" /><testcase classname="tests.test_dns_health.TestDNSHealthEndpoints" name="test_dns_lookup_with_record_types" time="0.503" /><testcase classname="tests.test_dns_health.TestDNSHealthEndpoints" name="test_dns_lookup_all_record_types" time="0.622" /><testcase classname="tests.test_dns_health.TestDNSHealthEndpoints" name="test_dns_lookup_empty_domain" time="0.473" /><testcase classname="tests.test_dns_health.TestDNSHealthEndpoints" name="test_dns_lookup_nonexistent_domain" time="0.686" /><testcase classname="tests.test_dns_health.TestDNSHealthEndpoints" name="test_health_check_basic" time="0.543" /><testcase classname="tests.test_dns_health.TestDNSHealthEndpoints" name="test_health_check_empty_domain" time="0.521" /><testcase classname="tests.test_dns_health.TestDNSHealthEndpoints" name="test_health_check_response_structure" time="0.676" /><testcase classname="tests.test_dns_health.TestDNSHealthEndpoints" name="test_history_get" time="0.530" /><testcase classname="tests.test_dns_health.TestDNSHealthEndpoints" name="test_history_limit" time="0.497" /><testcase classname="tests.test_dns_health.TestDNSHealthEndpoints" name="test_monitor_add" time="0.572" /><testcase classname="tests.test_dns_health.TestDNSHealthEndpoints" name="test_monitor_add_duplicate" time="0.631" /><testcase classname="tests.test_dns_health.TestDNSHealthEndpoints" name="test_monitor_list" time="0.792" /><testcase classname="tests.test_dns_health.TestDNSHealthEndpoints" name="test_monitor_delete" time="0.589" /><testcase classname="tests.test_dns_health.TestDNSHealthEndpoints" name="test_monitor_delete_not_found" time="0.459" /><testcase classname="tests.test_dns_health.TestDNSHealthEndpoints" name="test_monitor_refresh" time="0.649" /><testcase classname="tests.test_dns_health.TestDNSHealthEndpoints" name="test_monitor_refresh_not_found" time="0.540" /><testcase classname="tests.test_dns_health.TestDNSHealthEndpoints" name="test_endpoints_require_auth" time="0.934" /></testsuite></testsuites>