<?xml version="1.0" encoding="utf-8"?><testsuites name="pytest tests"><testsuite name="pytest" errors="0" failures="0" skipped="0" tests="8" time="21.111" timestamp="2026-03-01T03:34:20.187628+00:00" hostname="agent-env-f5106eb9-b96e-4881-8ce8-c212feea5242"><testcase classname="tests.test_domain_routes_refactoring.TestDomainRoutesRefactoring" name="test_domain_status_endpoint" time="17.479" /><testcase classname="tests.test_domain_routes_refactoring.TestDomainRoutesRefactoring" name="test_aws_health_endpoint_moved_to_health_routes" time="0.678" /><testcase classname="tests.test_domain_routes_refactoring.TestDomainRoutesRefactoring" name="test_phase2_status_endpoint_in_aws_routes" time="0.145" /><testcase classname="tests.test_domain_routes_refactoring.TestDomainRoutesRefactoring" name="test_route53_records_endpoint" time="0.367" /><testcase classname="tests.test_domain_routes_refactoring.TestDomainRoutesRefactoring" name="test_dns_guide_endpoint" time="0.177" /><testcase classname="tests.test_domain_routes_refactoring.TestRoutingIntegrity" name="test_domain_router_included" time="0.788" /><testcase classname="tests.test_domain_routes_refactoring.TestRoutingIntegrity" name="test_health_router_with_aws_health" time="0.820" /><testcase classname="tests.test_domain_routes_refactoring.TestRoutingIntegrity" name="test_aws_router_with_phase2_status" time="0.531" /></testsuite></testsuites>