<?xml version="1.0" encoding="utf-8"?><testsuites name="pytest tests"><testsuite name="pytest" errors="0" failures="0" skipped="0" tests="13" time="24.625" timestamp="2026-02-14T16:45:45.736822+00:00" hostname="agent-env-5ef8cbe6-6b3d-423d-8ddc-0a0a40e54ff8"><testcase classname="tests.test_email_notifications.TestEmailStatus" name="test_email_status_returns_correct_fields" time="18.060" /><testcase classname="tests.test_email_notifications.TestEmailStatus" name="test_email_status_api_key_configured" time="0.625" /><testcase classname="tests.test_email_notifications.TestTestEmail" name="test_send_test_email_success" time="0.369" /><testcase classname="tests.test_email_notifications.TestTestEmail" name="test_send_test_email_without_recipient_uses_default" time="0.379" /><testcase classname="tests.test_email_notifications.TestMonitorConfigEmailFields" name="test_update_email_notifications_toggle_off" time="0.528" /><testcase classname="tests.test_email_notifications.TestMonitorConfigEmailFields" name="test_update_email_notifications_toggle_on" time="0.292" /><testcase classname="tests.test_email_notifications.TestMonitorConfigEmailFields" name="test_update_alert_email" time="0.455" /><testcase classname="tests.test_email_notifications.TestMonitorConfigEmailFields" name="test_update_both_email_fields_together" time="0.392" /><testcase classname="tests.test_email_notifications.TestEmailStatusReflectsConfig" name="test_email_status_reflects_notifications_toggle" time="0.330" /><testcase classname="tests.test_email_notifications.TestPreviousMonitoringFeatures" name="test_monitor_enable_disable" time="0.162" /><testcase classname="tests.test_email_notifications.TestPreviousMonitoringFeatures" name="test_scan_now" time="2.559" /><testcase classname="tests.test_email_notifications.TestPreviousMonitoringFeatures" name="test_alerts_endpoint" time="0.154" /><testcase classname="tests.test_email_notifications.TestPreviousMonitoringFeatures" name="test_audit_history" time="0.143" /></testsuite></testsuites>