<?xml version="1.0" encoding="utf-8"?><testsuites name="pytest tests"><testsuite name="pytest" errors="0" failures="0" skipped="0" tests="16" time="18.124" timestamp="2026-02-28T05:19:41.588589+00:00" hostname="agent-env-7930ab39-cba5-4d11-8f32-a4779c6e3194"><testcase classname="tests.test_emergent_removal_refactor.TestBackendHealth" name="test_health_endpoint_returns_healthy" time="16.203" /><testcase classname="tests.test_emergent_removal_refactor.TestBackendHealth" name="test_api_root_returns_big_mann_info" time="0.139" /><testcase classname="tests.test_emergent_removal_refactor.TestAuthentication" name="test_super_admin_login_success" time="0.392" /><testcase classname="tests.test_emergent_removal_refactor.TestAuthentication" name="test_invalid_login_returns_401" time="0.131" /><testcase classname="tests.test_emergent_removal_refactor.TestCVEEndpoints" name="test_cve_dashboard_returns_data" time="0.513" /><testcase classname="tests.test_emergent_removal_refactor.TestCVEEndpoints" name="test_sla_dashboard_returns_data" time="0.528" /><testcase classname="tests.test_emergent_removal_refactor.TestCodebaseRefactoring" name="test_no_emergentintegrations_imports_in_backend" time="0.055" /><testcase classname="tests.test_emergent_removal_refactor.TestCodebaseRefactoring" name="test_no_emergent_llm_key_in_backend" time="0.012" /><testcase classname="tests.test_emergent_removal_refactor.TestCodebaseRefactoring" name="test_google_api_key_in_env" time="0.001" /><testcase classname="tests.test_emergent_removal_refactor.TestCodebaseRefactoring" name="test_tracking_blocker_uses_bigmannentertainment" time="0.000" /><testcase classname="tests.test_emergent_removal_refactor.TestNativeIntegrationFiles" name="test_llm_service_exists" time="0.001" /><testcase classname="tests.test_emergent_removal_refactor.TestNativeIntegrationFiles" name="test_stripe_native_service_exists" time="0.001" /><testcase classname="tests.test_emergent_removal_refactor.TestNativeIntegrationFiles" name="test_services_import_from_llm_service" time="0.001" /><testcase classname="tests.test_emergent_removal_refactor.TestNativeIntegrationFiles" name="test_stripe_payment_service_imports_native" time="0.000" /><testcase classname="tests.test_emergent_removal_refactor.TestFrontendBranding" name="test_index_html_has_big_mann_branding" time="0.000" /><testcase classname="tests.test_emergent_removal_refactor.TestFrontendBranding" name="test_no_emergent_visible_text_in_index" time="0.001" /></testsuite></testsuites>