<?xml version="1.0" encoding="utf-8"?><testsuites name="pytest tests"><testsuite name="pytest" errors="0" failures="1" skipped="0" tests="16" time="17.245" timestamp="2026-02-28T05:19:06.398643+00:00" hostname="agent-env-7930ab39-cba5-4d11-8f32-a4779c6e3194"><testcase classname="tests.test_emergent_removal_refactor.TestBackendHealth" name="test_health_endpoint_returns_healthy" time="15.185" /><testcase classname="tests.test_emergent_removal_refactor.TestBackendHealth" name="test_api_root_returns_big_mann_info" time="0.166" /><testcase classname="tests.test_emergent_removal_refactor.TestAuthentication" name="test_super_admin_login_success" time="0.405" /><testcase classname="tests.test_emergent_removal_refactor.TestAuthentication" name="test_invalid_login_returns_401" time="0.159" /><testcase classname="tests.test_emergent_removal_refactor.TestCVEEndpoints" name="test_cve_dashboard_returns_data" time="0.510" /><testcase classname="tests.test_emergent_removal_refactor.TestCVEEndpoints" name="test_sla_dashboard_returns_data" time="0.562" /><testcase classname="tests.test_emergent_removal_refactor.TestCodebaseRefactoring" name="test_no_emergentintegrations_imports_in_backend" time="0.054" /><testcase classname="tests.test_emergent_removal_refactor.TestCodebaseRefactoring" name="test_no_emergent_llm_key_in_backend" time="0.011" /><testcase classname="tests.test_emergent_removal_refactor.TestCodebaseRefactoring" name="test_google_api_key_in_env" time="0.001" /><testcase classname="tests.test_emergent_removal_refactor.TestCodebaseRefactoring" name="test_tracking_blocker_uses_bigmannentertainment" time="0.001"><failure message="AssertionError: bigmannentertainment.com pattern not found&#10;assert 'bigmannentertainment.com' in '&lt;!doctype html&gt;\n&lt;html lang=&quot;en&quot;&gt;\n    &lt;head&gt;\n        &lt;meta charset=&quot;utf-8&quot; /&gt;\n        &lt;link rel=&quot;icon&quot; href=&quot;/big-mann-logo.png&quot; /&gt;\n        &lt;link rel=&quot;apple-touch-icon&quot; href=&quot;/big-mann-logo.png&quot; /&gt;\n        &lt;meta name=&quot;viewport&quot; content=&quot;width=device-width, initial-scale=1&quot; /&gt;\n        &lt;meta name=&quot;theme-color&quot; content=&quot;#7c3aed&quot; /&gt;\n        &lt;meta name=&quot;description&quot; content=&quot;Big Mann Entertainment - Professional Music Distribution Platform by John LeGerron Spivey&quot; /&gt;\n        &lt;meta property=&quot;og:image&quot; content=&quot;/big-mann-logo.png&quot; /&gt;\n        &lt;meta property=&quot;og:title&quot; content=&quot;Big Mann Entertainment | Professional Music Distribution Platform&quot; /&gt;\n        &lt;meta property=&quot;og:description&quot; content=&quot;Complete Media Distribution Empire - Professional Music Distribution Platform by John LeGerron Spivey&quot; /&gt;\n        &lt;meta name=&quot;twitter:card&quot; content=&quot;summary_large_image&quot; /&gt;\n        &lt;meta name=&quot;twitter:image&quot; content=&quot;/big-mann-logo.png&quot; /&gt;\n        &lt;!--\n      manifest.json provides metadata used when your web app is installed on a\n      user\'s mobile device or desktop. See https://developers.google.com/web/fundamentals/web-app-manifest/\n    --&gt;\n        &lt;!--\n      Notice the use o...                      e._i.push([i, s, a]);\n                        }),\n                        (e.__SV = 1));\n                })(document, window.posthog || []);\n                // Use environment variables for PostHog configuration\n                const posthogKey = \'%REACT_APP_POSTHOG_KEY%\' || \'phc_yJW1VjHGGwmCbbrtczfqqNxgBDbhlhOWcdzcIJEOTFE\';\n                const posthogHost = \'%REACT_APP_POSTHOG_HOST%\' || \'https://us.i.posthog.com\';\n                posthog.init(posthogKey, {\n                    api_host: posthogHost,\n                    person_profiles: &quot;identified_only&quot;,\n                });\n            } else {\n                // Create a stub for PostHog to prevent errors if code tries to use it\n                window.posthog = {\n                    init: function() {},\n                    capture: function() {},\n                    identify: function() {},\n                    reset: function() {},\n                    set: function() {},\n                    get_distinct_id: function() { return null; },\n                    isFeatureEnabled: function() { return false; }\n                };\n            }\n        &lt;/script&gt;\n    &lt;/body&gt;\n&lt;/html&gt;\n'">tests/test_emergent_removal_refactor.py:172: in test_tracking_blocker_uses_bigmannentertainment
    assert 'bigmannentertainment.com' in content, "bigmannentertainment.com pattern not found"
E   AssertionError: bigmannentertainment.com pattern not found
E   assert 'bigmannentertainment.com' in '&lt;!doctype html&gt;\n&lt;html lang="en"&gt;\n    &lt;head&gt;\n        &lt;meta charset="utf-8" /&gt;\n        &lt;link rel="icon" href="/big-mann-logo.png" /&gt;\n        &lt;link rel="apple-touch-icon" href="/big-mann-logo.png" /&gt;\n        &lt;meta name="viewport" content="width=device-width, initial-scale=1" /&gt;\n        &lt;meta name="theme-color" content="#7c3aed" /&gt;\n        &lt;meta name="description" content="Big Mann Entertainment - Professional Music Distribution Platform by John LeGerron Spivey" /&gt;\n        &lt;meta property="og:image" content="/big-mann-logo.png" /&gt;\n        &lt;meta property="og:title" content="Big Mann Entertainment | Professional Music Distribution Platform" /&gt;\n        &lt;meta property="og:description" content="Complete Media Distribution Empire - Professional Music Distribution Platform by John LeGerron Spivey" /&gt;\n        &lt;meta name="twitter:card" content="summary_large_image" /&gt;\n        &lt;meta name="twitter:image" content="/big-mann-logo.png" /&gt;\n        &lt;!--\n      manifest.json provides metadata used when your web app is installed on a\n      user\'s mobile device or desktop. See https://developers.google.com/web/fundamentals/web-app-manifest/\n    --&gt;\n        &lt;!--\n      Notice the use o...                      e._i.push([i, s, a]);\n                        }),\n                        (e.__SV = 1));\n                })(document, window.posthog || []);\n                // Use environment variables for PostHog configuration\n                const posthogKey = \'%REACT_APP_POSTHOG_KEY%\' || \'phc_yJW1VjHGGwmCbbrtczfqqNxgBDbhlhOWcdzcIJEOTFE\';\n                const posthogHost = \'%REACT_APP_POSTHOG_HOST%\' || \'https://us.i.posthog.com\';\n                posthog.init(posthogKey, {\n                    api_host: posthogHost,\n                    person_profiles: "identified_only",\n                });\n            } else {\n                // Create a stub for PostHog to prevent errors if code tries to use it\n                window.posthog = {\n                    init: function() {},\n                    capture: function() {},\n                    identify: function() {},\n                    reset: function() {},\n                    set: function() {},\n                    get_distinct_id: function() { return null; },\n                    isFeatureEnabled: function() { return false; }\n                };\n            }\n        &lt;/script&gt;\n    &lt;/body&gt;\n&lt;/html&gt;\n'</failure></testcase><testcase classname="tests.test_emergent_removal_refactor.TestNativeIntegrationFiles" name="test_llm_service_exists" time="0.001" /><testcase classname="tests.test_emergent_removal_refactor.TestNativeIntegrationFiles" name="test_stripe_native_service_exists" time="0.000" /><testcase classname="tests.test_emergent_removal_refactor.TestNativeIntegrationFiles" name="test_services_import_from_llm_service" time="0.001" /><testcase classname="tests.test_emergent_removal_refactor.TestNativeIntegrationFiles" name="test_stripe_payment_service_imports_native" time="0.000" /><testcase classname="tests.test_emergent_removal_refactor.TestFrontendBranding" name="test_index_html_has_big_mann_branding" time="0.000" /><testcase classname="tests.test_emergent_removal_refactor.TestFrontendBranding" name="test_no_emergent_visible_text_in_index" time="0.001" /></testsuite></testsuites>