<?xml version="1.0" encoding="utf-8"?><testsuites name="pytest tests"><testsuite name="pytest" errors="0" failures="0" skipped="0" tests="11" time="21.022" timestamp="2026-03-09T15:41:29.751792+00:00" hostname="agent-env-5f280bbf-9581-4049-82f2-6e30e0e39a4d"><testcase classname="tests.test_file_preview.TestFileServingEndpoint" name="test_serve_image_file_returns_correct_content_type" time="18.026" /><testcase classname="tests.test_file_preview.TestFileServingEndpoint" name="test_serve_audio_file_returns_correct_content_type" time="0.281" /><testcase classname="tests.test_file_preview.TestFileServingEndpoint" name="test_serve_nonexistent_file_returns_404" time="0.134" /><testcase classname="tests.test_file_preview.TestFileServingEndpoint" name="test_file_serving_is_public_no_auth_required" time="0.290" /><testcase classname="tests.test_file_preview.TestContentListingForPreview" name="test_content_list_includes_file_id" time="0.124" /><testcase classname="tests.test_file_preview.TestContentListingForPreview" name="test_content_list_filter_by_type" time="0.419" /><testcase classname="tests.test_file_preview.TestContentListingForPreview" name="test_content_includes_stats_and_metadata" time="0.140" /><testcase classname="tests.test_file_preview.TestUploadWithPreview" name="test_upload_image_for_preview" time="0.268" /><testcase classname="tests.test_file_preview.TestUploadWithPreview" name="test_upload_audio_for_player" time="0.264" /><testcase classname="tests.test_file_preview.TestContentManagementOperations" name="test_update_content_metadata" time="0.395" /><testcase classname="tests.test_file_preview.TestContentManagementOperations" name="test_delete_content_removes_file" time="0.534" /></testsuite></testsuites>