<?xml version="1.0" encoding="utf-8"?><testsuites name="pytest tests"><testsuite name="pytest" errors="0" failures="0" skipped="0" tests="15" time="6.838" timestamp="2026-03-11T22:43:27.257996+00:00" hostname="agent-env-c8420b9f-ff91-4a0f-83d4-fea3b9beb703"><testcase classname="tests.test_file_consolidation_refactor.TestHealthAndBasicEndpoints" name="test_health_endpoint" time="0.218" /><testcase classname="tests.test_file_consolidation_refactor.TestHealthAndBasicEndpoints" name="test_root_endpoint" time="0.148" /><testcase classname="tests.test_file_consolidation_refactor.TestAuthentication" name="test_login_owner_account" time="0.376" /><testcase classname="tests.test_file_consolidation_refactor.TestAuthentication" name="test_login_invalid_credentials" time="0.151" /><testcase classname="tests.test_file_consolidation_refactor.TestAuthenticatedAPIs" name="test_notifications_api" time="0.509" /><testcase classname="tests.test_file_consolidation_refactor.TestAuthenticatedAPIs" name="test_messages_conversations_api" time="0.517" /><testcase classname="tests.test_file_consolidation_refactor.TestAuthenticatedAPIs" name="test_analytics_overview_api" time="0.547" /><testcase classname="tests.test_file_consolidation_refactor.TestAuthenticatedAPIs" name="test_social_connections_api" time="0.618" /><testcase classname="tests.test_file_consolidation_refactor.TestAuthenticatedAPIs" name="test_distribution_hub_content_api" time="0.533" /><testcase classname="tests.test_file_consolidation_refactor.TestAuthenticatedAPIs" name="test_analytics_anomalies_api" time="0.537" /><testcase classname="tests.test_file_consolidation_refactor.TestAuthenticatedAPIs" name="test_revenue_overview_api" time="0.521" /><testcase classname="tests.test_file_consolidation_refactor.TestAdditionalEndpoints" name="test_distribution_hub_adapters" time="0.525" /><testcase classname="tests.test_file_consolidation_refactor.TestAdditionalEndpoints" name="test_distribution_hub_deliveries" time="0.503" /><testcase classname="tests.test_file_consolidation_refactor.TestAdditionalEndpoints" name="test_distribution_hub_platforms" time="0.512" /><testcase classname="tests.test_file_consolidation_refactor.TestAdditionalEndpoints" name="test_creator_profile" time="0.499" /></testsuite></testsuites>