<?xml version="1.0" encoding="utf-8"?><testsuites name="pytest tests"><testsuite name="pytest" errors="0" failures="0" skipped="0" tests="16" time="26.944" timestamp="2026-04-07T15:58:47.523253+00:00" hostname="agent-env-a3ba3103-8418-4e53-beed-3f87b4b73870"><testcase classname="tests.test_governance_drilldown.TestDisputeListEndpoint" name="test_list_disputes_no_filter" time="23.126" /><testcase classname="tests.test_governance_drilldown.TestDisputeListEndpoint" name="test_list_disputes_filter_by_status_open" time="0.186" /><testcase classname="tests.test_governance_drilldown.TestDisputeListEndpoint" name="test_list_disputes_filter_by_status_resolved" time="0.186" /><testcase classname="tests.test_governance_drilldown.TestDisputeListEndpoint" name="test_list_disputes_filter_by_status_closed" time="0.134" /><testcase classname="tests.test_governance_drilldown.TestDisputeListEndpoint" name="test_list_disputes_filter_by_priority_critical" time="0.126" /><testcase classname="tests.test_governance_drilldown.TestDisputeListEndpoint" name="test_list_disputes_filter_by_priority_high" time="0.153" /><testcase classname="tests.test_governance_drilldown.TestDisputeListEndpoint" name="test_list_disputes_pagination" time="0.125" /><testcase classname="tests.test_governance_drilldown.TestDisputeListEndpoint" name="test_list_disputes_combined_filters" time="0.142" /><testcase classname="tests.test_governance_drilldown.TestDisputeDetailEndpoint" name="test_get_dispute_detail_success" time="0.282" /><testcase classname="tests.test_governance_drilldown.TestDisputeDetailEndpoint" name="test_get_dispute_detail_not_found" time="0.148" /><testcase classname="tests.test_governance_drilldown.TestDisputeDetailEndpoint" name="test_dispute_detail_has_responses_field" time="0.313" /><testcase classname="tests.test_governance_drilldown.TestDisputeRespondEndpoint" name="test_respond_to_dispute_comment_only" time="0.314" /><testcase classname="tests.test_governance_drilldown.TestDisputeRespondEndpoint" name="test_respond_to_dispute_with_status_change" time="0.325" /><testcase classname="tests.test_governance_drilldown.TestDisputeRespondEndpoint" name="test_respond_to_dispute_not_found" time="0.129" /><testcase classname="tests.test_governance_drilldown.TestDisputeRespondEndpoint" name="test_respond_to_dispute_empty_message" time="0.326" /><testcase classname="tests.test_governance_drilldown.TestGovernanceOverviewIntegration" name="test_governance_overview_dispute_counts_match" time="0.445" /></testsuite></testsuites>