<?xml version="1.0" encoding="utf-8"?><testsuites name="pytest tests"><testsuite name="pytest" errors="0" failures="0" skipped="0" tests="9" time="19.812" timestamp="2026-04-07T15:40:48.733026+00:00" hostname="agent-env-c036ed5c-49ec-44a6-9744-bbe8c6187bd7"><testcase classname="tests.test_governance_overview.TestGovernanceOverviewEndpoint" name="test_governance_overview_returns_200" time="18.444" /><testcase classname="tests.test_governance_overview.TestGovernanceOverviewEndpoint" name="test_governance_overview_has_governance_key" time="0.206" /><testcase classname="tests.test_governance_overview.TestGovernanceOverviewEndpoint" name="test_governance_overview_has_disputes_key" time="0.147" /><testcase classname="tests.test_governance_overview.TestGovernanceOverviewEndpoint" name="test_disputes_by_priority_has_valid_keys" time="0.141" /><testcase classname="tests.test_governance_overview.TestGovernanceOverviewEndpoint" name="test_recent_disputes_structure" time="0.148" /><testcase classname="tests.test_governance_overview.TestGovernanceOverviewEndpoint" name="test_rules_by_type_structure" time="0.139" /><testcase classname="tests.test_governance_overview.TestGovernanceOverviewEndpoint" name="test_dispute_counts_sum_correctly" time="0.162" /><testcase classname="tests.test_governance_overview.TestGovernanceOverviewEndpoint" name="test_governance_overview_no_auth_required" time="0.149" /><testcase classname="tests.test_governance_overview.TestGovernanceOverviewDataValues" name="test_current_data_values" time="0.162" /></testsuite></testsuites>