<?xml version="1.0" encoding="utf-8"?><testsuites name="pytest tests"><testsuite name="pytest" errors="0" failures="0" skipped="0" tests="27" time="23.276" timestamp="2026-03-29T22:24:13.912619+00:00" hostname="agent-env-f444b88e-001a-4657-88fe-c5149809590d"><testcase classname="tests.test_gs1_business_identifiers.TestGS1Authentication" name="test_login_success" time="17.428" /><testcase classname="tests.test_gs1_business_identifiers.TestProtectedOwnerIdentifiers" name="test_get_protected_owner_identifiers" time="0.526" /><testcase classname="tests.test_gs1_business_identifiers.TestProtectedOwnerIdentifiers" name="test_protected_owner_requires_auth" time="0.141" /><testcase classname="tests.test_gs1_business_identifiers.TestIdentifierValidation" name="test_validate_gtin_valid" time="0.508" /><testcase classname="tests.test_gs1_business_identifiers.TestIdentifierValidation" name="test_validate_gtin_invalid_check_digit" time="0.150" /><testcase classname="tests.test_gs1_business_identifiers.TestIdentifierValidation" name="test_validate_gtin_wrong_length" time="0.139" /><testcase classname="tests.test_gs1_business_identifiers.TestIdentifierValidation" name="test_validate_gln_valid" time="0.132" /><testcase classname="tests.test_gs1_business_identifiers.TestIdentifierValidation" name="test_validate_gln_invalid_check_digit" time="0.214" /><testcase classname="tests.test_gs1_business_identifiers.TestIdentifierValidation" name="test_validate_isrc_valid" time="0.176" /><testcase classname="tests.test_gs1_business_identifiers.TestIdentifierValidation" name="test_validate_isrc_invalid" time="0.154" /><testcase classname="tests.test_gs1_business_identifiers.TestIdentifierValidation" name="test_validate_upc_valid" time="0.183" /><testcase classname="tests.test_gs1_business_identifiers.TestIdentifierValidation" name="test_validate_ein_valid" time="0.123" /><testcase classname="tests.test_gs1_business_identifiers.TestIdentifierValidation" name="test_validate_ein_invalid" time="0.135" /><testcase classname="tests.test_gs1_business_identifiers.TestIdentifierValidation" name="test_validate_duns_valid" time="0.133" /><testcase classname="tests.test_gs1_business_identifiers.TestIdentifierValidation" name="test_validate_gs1_company_prefix_valid" time="0.151" /><testcase classname="tests.test_gs1_business_identifiers.TestIdentifierValidation" name="test_validate_gs1_company_prefix_invalid" time="0.131" /><testcase classname="tests.test_gs1_business_identifiers.TestIdentifierValidation" name="test_validate_unknown_type" time="0.126" /><testcase classname="tests.test_gs1_business_identifiers.TestLabelIdentifiers" name="test_get_label_identifiers" time="0.489" /><testcase classname="tests.test_gs1_business_identifiers.TestLabelIdentifiers" name="test_get_label_compliance" time="0.135" /><testcase classname="tests.test_gs1_business_identifiers.TestLabelIdentifiers" name="test_update_protected_owner_identifiers_blocked" time="0.157" /><testcase classname="tests.test_gs1_business_identifiers.TestAssetCreationGS1Enforcement" name="test_asset_creation_without_gtin_rejected" time="0.478" /><testcase classname="tests.test_gs1_business_identifiers.TestAssetCreationGS1Enforcement" name="test_asset_creation_with_invalid_gtin_rejected" time="0.165" /><testcase classname="tests.test_gs1_business_identifiers.TestAssetCreationGS1Enforcement" name="test_asset_creation_with_wrong_check_digit_rejected" time="0.157" /><testcase classname="tests.test_gs1_business_identifiers.TestAssetCreationGS1Enforcement" name="test_asset_creation_with_valid_gtin_succeeds" time="0.150" /><testcase classname="tests.test_gs1_business_identifiers.TestEndpointCreationGS1Enforcement" name="test_endpoint_creation_without_gln_rejected" time="0.539" /><testcase classname="tests.test_gs1_business_identifiers.TestEndpointCreationGS1Enforcement" name="test_endpoint_creation_without_gs1_prefix_rejected" time="0.154" /><testcase classname="tests.test_gs1_business_identifiers.TestEndpointCreationGS1Enforcement" name="test_endpoint_creation_with_valid_gs1_succeeds" time="0.127" /></testsuite></testsuites>