<?xml version="1.0" encoding="utf-8"?><testsuites name="pytest tests"><testsuite name="pytest" errors="0" failures="0" skipped="0" tests="30" time="58.974" timestamp="2026-02-18T20:54:41.417051+00:00" hostname="agent-env-44c9640f-9bb1-430a-8701-c2f94624e05a"><testcase classname="tests.test_iac_live_endpoints.TestLiveStatus" name="test_live_status_returns_200" time="24.026" /><testcase classname="tests.test_iac_live_endpoints.TestLiveStatus" name="test_live_status_has_aws_lambda_connection" time="0.775" /><testcase classname="tests.test_iac_live_endpoints.TestLiveStatus" name="test_live_status_has_aws_s3_connection" time="0.680" /><testcase classname="tests.test_iac_live_endpoints.TestLiveStatus" name="test_live_status_has_github_connection" time="0.702" /><testcase classname="tests.test_iac_live_endpoints.TestLiveStatus" name="test_live_status_has_checked_at_timestamp" time="0.709" /><testcase classname="tests.test_iac_live_endpoints.TestLambdaLive" name="test_lambda_live_returns_200" time="2.768" /><testcase classname="tests.test_iac_live_endpoints.TestLambdaLive" name="test_lambda_live_connected" time="2.682" /><testcase classname="tests.test_iac_live_endpoints.TestLambdaLive" name="test_lambda_live_has_functions" time="2.776" /><testcase classname="tests.test_iac_live_endpoints.TestLambdaLive" name="test_lambda_live_has_total_count" time="2.913" /><testcase classname="tests.test_iac_live_endpoints.TestLambdaLive" name="test_lambda_live_function_details" time="2.724" /><testcase classname="tests.test_iac_live_endpoints.TestLambdaLive" name="test_lambda_live_function_metrics" time="2.803" /><testcase classname="tests.test_iac_live_endpoints.TestGitHubRuns" name="test_github_runs_returns_200" time="1.591" /><testcase classname="tests.test_iac_live_endpoints.TestGitHubRuns" name="test_github_runs_connected" time="2.286" /><testcase classname="tests.test_iac_live_endpoints.TestGitHubRuns" name="test_github_runs_has_runs_list" time="1.565" /><testcase classname="tests.test_iac_live_endpoints.TestGitHubRuns" name="test_github_runs_has_repo" time="1.683" /><testcase classname="tests.test_iac_live_endpoints.TestGitHubRuns" name="test_github_runs_run_details" time="1.696" /><testcase classname="tests.test_iac_live_endpoints.TestGitHubRuns" name="test_github_runs_limit_param" time="1.980" /><testcase classname="tests.test_iac_live_endpoints.TestTerraformState" name="test_terraform_state_returns_200" time="0.397" /><testcase classname="tests.test_iac_live_endpoints.TestTerraformState" name="test_terraform_state_connected" time="0.372" /><testcase classname="tests.test_iac_live_endpoints.TestTerraformState" name="test_terraform_state_has_error_or_resources" time="0.315" /><testcase classname="tests.test_iac_live_endpoints.TestTerraformState" name="test_terraform_state_invalid_env_returns_400" time="0.148" /><testcase classname="tests.test_iac_live_endpoints.TestOverviewLiveConnections" name="test_overview_has_live_connections" time="0.841" /><testcase classname="tests.test_iac_live_endpoints.TestOverviewLiveConnections" name="test_overview_live_connections_structure" time="0.696" /><testcase classname="tests.test_iac_live_endpoints.TestOverviewLiveConnections" name="test_overview_live_connections_values" time="0.636" /><testcase classname="tests.test_iac_live_endpoints.TestExistingEndpointsStillWork" name="test_terraform_endpoint_works" time="0.159" /><testcase classname="tests.test_iac_live_endpoints.TestExistingEndpointsStillWork" name="test_lambda_endpoint_works" time="0.157" /><testcase classname="tests.test_iac_live_endpoints.TestExistingEndpointsStillWork" name="test_workflow_endpoint_works" time="0.175" /><testcase classname="tests.test_iac_live_endpoints.TestExistingEndpointsStillWork" name="test_deployments_get_works" time="0.201" /><testcase classname="tests.test_iac_live_endpoints.TestExistingEndpointsStillWork" name="test_deployments_post_works" time="0.177" /><testcase classname="tests.test_iac_live_endpoints.TestExistingEndpointsStillWork" name="test_commands_dev_endpoint_works" time="0.168" /></testsuite></testsuites>