<?xml version="1.0" encoding="utf-8"?><testsuites name="pytest tests"><testsuite name="pytest" errors="0" failures="0" skipped="0" tests="28" time="21.368" timestamp="2026-02-18T19:42:46.101988+00:00" hostname="agent-env-38e4f662-1630-44eb-ac61-21a3ceefd3bb"><testcase classname="tests.test_iac_endpoints.TestIaCOverview" name="test_overview_returns_200" time="15.755" /><testcase classname="tests.test_iac_endpoints.TestIaCOverview" name="test_overview_has_terraform_status" time="0.185" /><testcase classname="tests.test_iac_endpoints.TestIaCOverview" name="test_overview_has_lambda_status" time="0.171" /><testcase classname="tests.test_iac_endpoints.TestIaCOverview" name="test_overview_has_github_actions_status" time="0.193" /><testcase classname="tests.test_iac_endpoints.TestIaCOverview" name="test_overview_has_environments" time="0.154" /><testcase classname="tests.test_iac_endpoints.TestIaCOverview" name="test_overview_has_deployment_count" time="0.153" /><testcase classname="tests.test_iac_endpoints.TestIaCTerraform" name="test_terraform_returns_200" time="0.209" /><testcase classname="tests.test_iac_endpoints.TestIaCTerraform" name="test_terraform_has_main_tf" time="0.278" /><testcase classname="tests.test_iac_endpoints.TestIaCTerraform" name="test_terraform_has_environment_configs" time="0.145" /><testcase classname="tests.test_iac_endpoints.TestIaCLambda" name="test_lambda_returns_200" time="0.149" /><testcase classname="tests.test_iac_endpoints.TestIaCLambda" name="test_lambda_has_handler_info" time="0.121" /><testcase classname="tests.test_iac_endpoints.TestIaCLambda" name="test_lambda_has_requirements" time="0.242" /><testcase classname="tests.test_iac_endpoints.TestIaCLambda" name="test_lambda_has_runtime_details" time="0.148" /><testcase classname="tests.test_iac_endpoints.TestIaCWorkflow" name="test_workflow_returns_200" time="0.629" /><testcase classname="tests.test_iac_endpoints.TestIaCWorkflow" name="test_workflow_has_content" time="0.165" /><testcase classname="tests.test_iac_endpoints.TestIaCDeployments" name="test_get_deployments_returns_200" time="0.158" /><testcase classname="tests.test_iac_endpoints.TestIaCDeployments" name="test_get_deployments_returns_list" time="0.180" /><testcase classname="tests.test_iac_endpoints.TestIaCDeployments" name="test_post_deployment_creates_record" time="0.177" /><testcase classname="tests.test_iac_endpoints.TestIaCDeployments" name="test_post_deployment_with_all_fields" time="0.193" /><testcase classname="tests.test_iac_endpoints.TestIaCCommands" name="test_commands_dev_returns_200" time="0.193" /><testcase classname="tests.test_iac_endpoints.TestIaCCommands" name="test_commands_dev_has_steps" time="0.147" /><testcase classname="tests.test_iac_endpoints.TestIaCCommands" name="test_commands_staging_returns_200" time="0.163" /><testcase classname="tests.test_iac_endpoints.TestIaCCommands" name="test_commands_staging_has_correct_env" time="0.184" /><testcase classname="tests.test_iac_endpoints.TestIaCCommands" name="test_commands_prod_returns_200" time="0.144" /><testcase classname="tests.test_iac_endpoints.TestIaCCommands" name="test_commands_prod_has_correct_env" time="0.201" /><testcase classname="tests.test_iac_endpoints.TestIaCCommands" name="test_commands_invalid_env_returns_400" time="0.154" /><testcase classname="tests.test_iac_endpoints.TestIaCCommands" name="test_commands_invalid_env_error_message" time="0.145" /><testcase classname="tests.test_iac_endpoints.TestDeploymentPersistence" name="test_create_and_verify_deployment" time="0.436" /></testsuite></testsuites>