<?xml version="1.0" encoding="utf-8"?><testsuites name="pytest tests"><testsuite name="pytest" errors="0" failures="0" skipped="0" tests="43" time="61.853" timestamp="2026-02-27T22:34:55.340840+00:00" hostname="agent-env-3949ba94-465d-42fa-8325-d1cba63700f1"><testcase classname="tests.test_iac_live_infra_viz.TestLiveStatusCloudWatch" name="test_live_status_returns_200" time="22.447" /><testcase classname="tests.test_iac_live_infra_viz.TestLiveStatusCloudWatch" name="test_live_status_all_connections" time="0.730" /><testcase classname="tests.test_iac_live_infra_viz.TestLiveStatusCloudWatch" name="test_live_status_aws_lambda_connected" time="0.654" /><testcase classname="tests.test_iac_live_infra_viz.TestLiveStatusCloudWatch" name="test_live_status_aws_s3_connected" time="0.710" /><testcase classname="tests.test_iac_live_infra_viz.TestLiveStatusCloudWatch" name="test_live_status_github_connected" time="0.663" /><testcase classname="tests.test_iac_live_infra_viz.TestGitHubRepoInfo" name="test_github_repo_returns_200" time="1.642" /><testcase classname="tests.test_iac_live_infra_viz.TestGitHubRepoInfo" name="test_github_repo_connected" time="1.622" /><testcase classname="tests.test_iac_live_infra_viz.TestGitHubRepoInfo" name="test_github_repo_has_repo_info" time="1.639" /><testcase classname="tests.test_iac_live_infra_viz.TestGitHubRepoInfo" name="test_github_repo_has_commits" time="1.671" /><testcase classname="tests.test_iac_live_infra_viz.TestGitHubRepoInfo" name="test_github_repo_has_branches" time="1.935" /><testcase classname="tests.test_iac_live_infra_viz.TestGitHubRepoInfo" name="test_github_repo_has_pulls" time="1.654" /><testcase classname="tests.test_iac_live_infra_viz.TestS3Artifacts" name="test_s3_artifacts_returns_200" time="0.354" /><testcase classname="tests.test_iac_live_infra_viz.TestS3Artifacts" name="test_s3_artifacts_connected" time="0.288" /><testcase classname="tests.test_iac_live_infra_viz.TestS3Artifacts" name="test_s3_artifacts_has_bucket" time="0.335" /><testcase classname="tests.test_iac_live_infra_viz.TestS3Artifacts" name="test_s3_artifacts_has_objects" time="0.324" /><testcase classname="tests.test_iac_live_infra_viz.TestS3Artifacts" name="test_s3_artifacts_object_details" time="0.335" /><testcase classname="tests.test_iac_live_infra_viz.TestS3Artifacts" name="test_s3_artifacts_prefix_filter" time="0.290" /><testcase classname="tests.test_iac_live_infra_viz.TestS3Artifacts" name="test_s3_artifacts_max_keys" time="0.320" /><testcase classname="tests.test_iac_live_infra_viz.TestCloudWatchAlarms" name="test_cloudwatch_alarms_returns_200" time="0.431" /><testcase classname="tests.test_iac_live_infra_viz.TestCloudWatchAlarms" name="test_cloudwatch_alarms_connected" time="0.356" /><testcase classname="tests.test_iac_live_infra_viz.TestCloudWatchAlarms" name="test_cloudwatch_alarms_has_alarms_list" time="0.369" /><testcase classname="tests.test_iac_live_infra_viz.TestCloudWatchAlarms" name="test_cloudwatch_alarms_has_composite" time="0.481" /><testcase classname="tests.test_iac_live_infra_viz.TestCloudWatchAlarms" name="test_cloudwatch_alarm_details" time="0.352" /><testcase classname="tests.test_iac_live_infra_viz.TestTerraformModules" name="test_terraform_modules_returns_200" time="0.147" /><testcase classname="tests.test_iac_live_infra_viz.TestTerraformModules" name="test_terraform_modules_structure" time="0.154" /><testcase classname="tests.test_iac_live_infra_viz.TestTerraformModules" name="test_terraform_modules_totals" time="0.171" /><testcase classname="tests.test_iac_live_infra_viz.TestTerraformModules" name="test_terraform_module_details" time="0.154" /><testcase classname="tests.test_iac_live_infra_viz.TestCdkConstructs" name="test_cdk_constructs_returns_200" time="0.168" /><testcase classname="tests.test_iac_live_infra_viz.TestCdkConstructs" name="test_cdk_constructs_structure" time="0.176" /><testcase classname="tests.test_iac_live_infra_viz.TestCdkConstructs" name="test_cdk_constructs_totals" time="0.160" /><testcase classname="tests.test_iac_live_infra_viz.TestCdkConstructs" name="test_cdk_construct_details" time="0.164" /><testcase classname="tests.test_iac_live_infra_viz.TestOverviewLiveConnections" name="test_overview_returns_200" time="0.842" /><testcase classname="tests.test_iac_live_infra_viz.TestOverviewLiveConnections" name="test_overview_has_live_connections" time="0.897" /><testcase classname="tests.test_iac_live_infra_viz.TestOverviewLiveConnections" name="test_overview_live_connections_structure" time="0.684" /><testcase classname="tests.test_iac_live_infra_viz.TestOverviewLiveConnections" name="test_overview_live_all_connected" time="0.655" /><testcase classname="tests.test_iac_live_infra_viz.TestLambdaLive" name="test_lambda_live_returns_200" time="2.563" /><testcase classname="tests.test_iac_live_infra_viz.TestLambdaLive" name="test_lambda_live_connected" time="2.749" /><testcase classname="tests.test_iac_live_infra_viz.TestLambdaLive" name="test_lambda_live_has_functions" time="2.763" /><testcase classname="tests.test_iac_live_infra_viz.TestLambdaLive" name="test_lambda_live_function_metrics" time="2.693" /><testcase classname="tests.test_iac_live_infra_viz.TestGitHubRuns" name="test_github_runs_returns_200" time="1.911" /><testcase classname="tests.test_iac_live_infra_viz.TestGitHubRuns" name="test_github_runs_connected" time="1.680" /><testcase classname="tests.test_iac_live_infra_viz.TestGitHubRuns" name="test_github_runs_has_runs" time="1.456" /><testcase classname="tests.test_iac_live_infra_viz.TestGitHubRuns" name="test_github_runs_limit_param" time="1.678" /></testsuite></testsuites>