<?xml version="1.0" encoding="utf-8"?><testsuites name="pytest tests"><testsuite name="pytest" errors="0" failures="0" skipped="0" tests="20" time="21.249" timestamp="2026-04-12T01:12:54.420839+00:00" hostname="agent-env-d4fc0d90-fbb1-4f64-bba8-4e1d8bc02699"><testcase classname="tests.test_key_vault_secrets.TestKeyVaultAuth" name="test_vault_requires_auth" time="17.294" /><testcase classname="tests.test_key_vault_secrets.TestKeyVaultAuth" name="test_security_scan_requires_auth" time="0.155" /><testcase classname="tests.test_key_vault_secrets.TestKeyVaultAuth" name="test_audit_log_requires_auth" time="0.146" /><testcase classname="tests.test_key_vault_secrets.TestKeyVaultAuth" name="test_categories_requires_auth" time="0.172" /><testcase classname="tests.test_key_vault_secrets.TestKeyVaultAuth" name="test_rotate_requires_auth" time="0.137" /><testcase classname="tests.test_key_vault_secrets.TestKeyVaultEndpoints" name="test_get_vault_success" time="0.509" /><testcase classname="tests.test_key_vault_secrets.TestKeyVaultEndpoints" name="test_vault_keys_are_masked" time="0.323" /><testcase classname="tests.test_key_vault_secrets.TestKeyVaultEndpoints" name="test_vault_key_structure" time="0.130" /><testcase classname="tests.test_key_vault_secrets.TestKeyVaultEndpoints" name="test_get_security_scan" time="0.134" /><testcase classname="tests.test_key_vault_secrets.TestKeyVaultEndpoints" name="test_security_scan_issue_structure" time="0.184" /><testcase classname="tests.test_key_vault_secrets.TestKeyVaultEndpoints" name="test_get_audit_log" time="0.134" /><testcase classname="tests.test_key_vault_secrets.TestKeyVaultEndpoints" name="test_audit_log_with_limit" time="0.138" /><testcase classname="tests.test_key_vault_secrets.TestKeyVaultEndpoints" name="test_get_categories" time="0.142" /><testcase classname="tests.test_key_vault_secrets.TestKeyVaultEndpoints" name="test_rotate_key_success" time="0.136" /><testcase classname="tests.test_key_vault_secrets.TestKeyVaultEndpoints" name="test_rotate_invalid_key" time="0.127" /><testcase classname="tests.test_key_vault_secrets.TestKeyVaultEndpoints" name="test_audit_log_records_vault_access" time="0.268" /><testcase classname="tests.test_key_vault_secrets.TestKeyMaskingLogic" name="test_configured_keys_show_masked_value" time="0.517" /><testcase classname="tests.test_key_vault_secrets.TestKeyMaskingLogic" name="test_missing_keys_show_not_set" time="0.131" /><testcase classname="tests.test_key_vault_secrets.TestSecurityHeaders" name="test_csp_header_present" time="0.146" /><testcase classname="tests.test_key_vault_secrets.TestSecurityHeaders" name="test_security_headers_present" time="0.170" /></testsuite></testsuites>