<?xml version="1.0" encoding="utf-8"?><testsuites name="pytest tests"><testsuite name="pytest" errors="0" failures="0" skipped="0" tests="21" time="22.040" timestamp="2026-03-09T22:00:15.814521+00:00" hostname="agent-env-a11fcab8-2288-4d62-8c50-25286ec5c217"><testcase classname="tests.test_live_api_integration.TestLiveSupportedEndpoint" name="test_live_supported_returns_platform_list" time="16.120" /><testcase classname="tests.test_live_api_integration.TestLiveSupportedEndpoint" name="test_live_supported_includes_all_expected_platforms" time="0.154" /><testcase classname="tests.test_live_api_integration.TestLiveSupportedEndpoint" name="test_live_supported_is_public" time="0.130" /><testcase classname="tests.test_live_api_integration.TestConnectionsLiveApiFields" name="test_connections_have_has_live_api_field" time="0.560" /><testcase classname="tests.test_live_api_integration.TestConnectionsLiveApiFields" name="test_connections_have_has_real_credentials_field" time="0.173" /><testcase classname="tests.test_live_api_integration.TestConnectionsLiveApiFields" name="test_live_platforms_have_has_live_api_true" time="0.144" /><testcase classname="tests.test_live_api_integration.TestConnectionsLiveApiFields" name="test_non_live_platforms_have_has_live_api_false" time="0.153" /><testcase classname="tests.test_live_api_integration.TestDashboardMetricsLiveCount" name="test_dashboard_has_live_count_field" time="0.514" /><testcase classname="tests.test_live_api_integration.TestDashboardMetricsLiveCount" name="test_dashboard_has_simulated_count_field" time="0.158" /><testcase classname="tests.test_live_api_integration.TestDashboardMetricsLiveCount" name="test_dashboard_live_simulated_sum_equals_connected" time="0.177" /><testcase classname="tests.test_live_api_integration.TestDashboardMetricsLiveCount" name="test_dashboard_platforms_have_data_source_field" time="0.186" /><testcase classname="tests.test_live_api_integration.TestPlatformMetricsLiveFields" name="test_platform_metrics_has_live_count_top_level" time="0.674" /><testcase classname="tests.test_live_api_integration.TestPlatformMetricsLiveFields" name="test_platform_metrics_has_simulated_count_top_level" time="0.172" /><testcase classname="tests.test_live_api_integration.TestPlatformMetricsLiveFields" name="test_each_platform_has_data_source_field" time="0.170" /><testcase classname="tests.test_live_api_integration.TestPlatformMetricsLiveFields" name="test_each_platform_has_has_live_api_field" time="0.166" /><testcase classname="tests.test_live_api_integration.TestPlatformMetricsLiveFields" name="test_categories_have_live_count_field" time="0.169" /><testcase classname="tests.test_live_api_integration.TestMetricsRefreshLiveCount" name="test_refresh_returns_live_count" time="0.823" /><testcase classname="tests.test_live_api_integration.TestMetricsRefreshLiveCount" name="test_refresh_returns_simulated_count" time="0.241" /><testcase classname="tests.test_live_api_integration.TestMetricsRefreshLiveCount" name="test_refresh_live_simulated_sum_equals_refreshed" time="0.250" /><testcase classname="tests.test_live_api_integration.TestSimulatedFallbackBehavior" name="test_all_simulated_when_no_real_credentials" time="0.567" /><testcase classname="tests.test_live_api_integration.TestSimulatedFallbackBehavior" name="test_has_real_credentials_false_for_empty_creds" time="0.155" /></testsuite></testsuites>