<?xml version="1.0" encoding="utf-8"?><testsuites name="pytest tests"><testsuite name="pytest" errors="0" failures="0" skipped="0" tests="22" time="25.243" timestamp="2026-03-13T21:04:53.753171+00:00" hostname="agent-env-03f9a4e2-045a-4647-864a-ed164fe57bb9"><testcase classname="tests.test_live_integrations.TestIntegrationStatusAll" name="test_status_all_returns_200" time="18.094" /><testcase classname="tests.test_live_integrations.TestIntegrationStatusAll" name="test_status_all_has_platforms_object" time="0.164" /><testcase classname="tests.test_live_integrations.TestIntegrationStatusAll" name="test_status_all_includes_twitter" time="0.164" /><testcase classname="tests.test_live_integrations.TestIntegrationStatusAll" name="test_status_all_includes_tiktok" time="0.224" /><testcase classname="tests.test_live_integrations.TestIntegrationStatusAll" name="test_status_all_includes_snapchat" time="0.213" /><testcase classname="tests.test_live_integrations.TestIntegrationStatusAll" name="test_status_all_includes_cloudfront" time="0.137" /><testcase classname="tests.test_live_integrations.TestTwitterIntegration" name="test_twitter_test_connection" time="0.805" /><testcase classname="tests.test_live_integrations.TestTwitterIntegration" name="test_twitter_test_shows_connected" time="0.339" /><testcase classname="tests.test_live_integrations.TestTwitterIntegration" name="test_twitter_auth_url_generation" time="0.135" /><testcase classname="tests.test_live_integrations.TestTikTokIntegration" name="test_tiktok_test_connection" time="0.547" /><testcase classname="tests.test_live_integrations.TestTikTokIntegration" name="test_tiktok_auth_url_generation" time="0.179" /><testcase classname="tests.test_live_integrations.TestSnapchatIntegration" name="test_snapchat_test_connection" time="0.691" /><testcase classname="tests.test_live_integrations.TestSnapchatIntegration" name="test_snapchat_jwt_verified" time="0.225" /><testcase classname="tests.test_live_integrations.TestCloudFrontIntegration" name="test_cloudfront_status" time="0.760" /><testcase classname="tests.test_live_integrations.TestCloudFrontIntegration" name="test_cloudfront_shows_deployed" time="0.389" /><testcase classname="tests.test_live_integrations.TestCloudFrontIntegration" name="test_cloudfront_domain" time="0.399" /><testcase classname="tests.test_live_integrations.TestCloudFrontIntegration" name="test_cloudfront_setup_returns_already_exists" time="0.449" /><testcase classname="tests.test_live_integrations.TestCredentialManagement" name="test_get_twitter_credentials_masked" time="0.573" /><testcase classname="tests.test_live_integrations.TestCredentialManagement" name="test_save_credentials" time="0.149" /><testcase classname="tests.test_live_integrations.TestAuthRequired" name="test_status_all_requires_auth" time="0.151" /><testcase classname="tests.test_live_integrations.TestAuthRequired" name="test_twitter_test_requires_auth" time="0.151" /><testcase classname="tests.test_live_integrations.TestAuthRequired" name="test_cloudfront_status_requires_auth" time="0.153" /></testsuite></testsuites>