<?xml version="1.0" encoding="utf-8"?><testsuites name="pytest tests"><testsuite name="pytest" errors="0" failures="0" skipped="0" tests="19" time="19.689" timestamp="2026-02-09T20:07:15.936026+00:00" hostname="agent-env-3dd12516-a90e-4f1d-a11e-704426a25257"><testcase classname="tests.test_macie_notifications.TestMacieNotificationRules" name="test_get_notification_rules_returns_list" time="18.660" /><testcase classname="tests.test_macie_notifications.TestMacieNotificationRules" name="test_notification_rule_has_required_fields" time="0.043" /><testcase classname="tests.test_macie_notifications.TestMacieNotificationRules" name="test_notification_rules_have_channel_badges" time="0.030" /><testcase classname="tests.test_macie_notifications.TestMacieNotificationRules" name="test_create_notification_rule_sns" time="0.028" /><testcase classname="tests.test_macie_notifications.TestMacieNotificationRules" name="test_create_notification_rule_eventbridge" time="0.030" /><testcase classname="tests.test_macie_notifications.TestMacieNotificationRules" name="test_create_notification_rule_email" time="0.042" /><testcase classname="tests.test_macie_notifications.TestMacieNotificationToggle" name="test_toggle_notification_rule" time="0.124" /><testcase classname="tests.test_macie_notifications.TestMacieNotificationToggle" name="test_toggle_nonexistent_rule_returns_404" time="0.063" /><testcase classname="tests.test_macie_notifications.TestMacieNotificationTest" name="test_send_test_notification" time="0.085" /><testcase classname="tests.test_macie_notifications.TestMacieNotificationTest" name="test_test_nonexistent_rule_returns_404" time="0.023" /><testcase classname="tests.test_macie_notifications.TestMacieNotificationLogs" name="test_get_notification_logs" time="0.035" /><testcase classname="tests.test_macie_notifications.TestMacieNotificationLogs" name="test_notification_log_has_required_fields" time="0.025" /><testcase classname="tests.test_macie_notifications.TestMacieNotificationLogs" name="test_notification_logs_with_channel_filter" time="0.020" /><testcase classname="tests.test_macie_notifications.TestMacieNotificationLogs" name="test_notification_logs_have_channel_and_status_badges" time="0.020" /><testcase classname="tests.test_macie_notifications.TestMacieNotificationStats" name="test_get_notification_stats" time="0.028" /><testcase classname="tests.test_macie_notifications.TestMacieNotificationStats" name="test_stats_have_channel_breakdown" time="0.035" /><testcase classname="tests.test_macie_notifications.TestMacieNotificationDelete" name="test_delete_notification_rule" time="0.081" /><testcase classname="tests.test_macie_notifications.TestMacieNotificationDelete" name="test_delete_nonexistent_rule_returns_404" time="0.022" /><testcase classname="tests.test_macie_notifications.TestCleanupNotificationRules" name="test_cleanup_test_rules" time="0.092" /></testsuite></testsuites>