<?xml version="1.0" encoding="utf-8"?><testsuites name="pytest tests"><testsuite name="pytest" errors="0" failures="4" skipped="0" tests="19" time="19.603" timestamp="2026-02-09T20:06:35.678647+00:00" hostname="agent-env-3dd12516-a90e-4f1d-a11e-704426a25257"><testcase classname="tests.test_macie_notifications.TestMacieNotificationRules" name="test_get_notification_rules_returns_list" time="18.621" /><testcase classname="tests.test_macie_notifications.TestMacieNotificationRules" name="test_notification_rule_has_required_fields" time="0.049" /><testcase classname="tests.test_macie_notifications.TestMacieNotificationRules" name="test_notification_rules_have_channel_badges" time="0.023" /><testcase classname="tests.test_macie_notifications.TestMacieNotificationRules" name="test_create_notification_rule_sns" time="0.023"><failure message="AssertionError: Expected 200, got 422: {&quot;detail&quot;:[{&quot;type&quot;:&quot;enum&quot;,&quot;loc&quot;:[&quot;body&quot;,&quot;min_severity&quot;],&quot;msg&quot;:&quot;Input should be 'Low', 'Medium' or 'High'&quot;,&quot;input&quot;:&quot;HIGH&quot;,&quot;ctx&quot;:{&quot;expected&quot;:&quot;'Low', 'Medium' or 'High'&quot;}}]}&#10;assert 422 == 200&#10; +  where 422 = &lt;Response [422]&gt;.status_code">tests/test_macie_notifications.py:74: in test_create_notification_rule_sns
    assert response.status_code == 200, f"Expected 200, got {response.status_code}: {response.text}"
E   AssertionError: Expected 200, got 422: {"detail":[{"type":"enum","loc":["body","min_severity"],"msg":"Input should be 'Low', 'Medium' or 'High'","input":"HIGH","ctx":{"expected":"'Low', 'Medium' or 'High'"}}]}
E   assert 422 == 200
E    +  where 422 = &lt;Response [422]&gt;.status_code</failure></testcase><testcase classname="tests.test_macie_notifications.TestMacieNotificationRules" name="test_create_notification_rule_eventbridge" time="0.041"><failure message="AssertionError: Expected 200, got 422&#10;assert 422 == 200&#10; +  where 422 = &lt;Response [422]&gt;.status_code">tests/test_macie_notifications.py:102: in test_create_notification_rule_eventbridge
    assert response.status_code == 200, f"Expected 200, got {response.status_code}"
E   AssertionError: Expected 200, got 422
E   assert 422 == 200
E    +  where 422 = &lt;Response [422]&gt;.status_code</failure></testcase><testcase classname="tests.test_macie_notifications.TestMacieNotificationRules" name="test_create_notification_rule_email" time="0.026"><failure message="AssertionError: Expected 200, got 422&#10;assert 422 == 200&#10; +  where 422 = &lt;Response [422]&gt;.status_code">tests/test_macie_notifications.py:127: in test_create_notification_rule_email
    assert response.status_code == 200, f"Expected 200, got {response.status_code}"
E   AssertionError: Expected 200, got 422
E   assert 422 == 200
E    +  where 422 = &lt;Response [422]&gt;.status_code</failure></testcase><testcase classname="tests.test_macie_notifications.TestMacieNotificationToggle" name="test_toggle_notification_rule" time="0.091" /><testcase classname="tests.test_macie_notifications.TestMacieNotificationToggle" name="test_toggle_nonexistent_rule_returns_404" time="0.029" /><testcase classname="tests.test_macie_notifications.TestMacieNotificationTest" name="test_send_test_notification" time="0.046" /><testcase classname="tests.test_macie_notifications.TestMacieNotificationTest" name="test_test_nonexistent_rule_returns_404" time="0.020" /><testcase classname="tests.test_macie_notifications.TestMacieNotificationLogs" name="test_get_notification_logs" time="0.029" /><testcase classname="tests.test_macie_notifications.TestMacieNotificationLogs" name="test_notification_log_has_required_fields" time="0.022" /><testcase classname="tests.test_macie_notifications.TestMacieNotificationLogs" name="test_notification_logs_with_channel_filter" time="0.026" /><testcase classname="tests.test_macie_notifications.TestMacieNotificationLogs" name="test_notification_logs_have_channel_and_status_badges" time="0.027" /><testcase classname="tests.test_macie_notifications.TestMacieNotificationStats" name="test_get_notification_stats" time="0.025" /><testcase classname="tests.test_macie_notifications.TestMacieNotificationStats" name="test_stats_have_channel_breakdown" time="0.025" /><testcase classname="tests.test_macie_notifications.TestMacieNotificationDelete" name="test_delete_notification_rule" time="0.022"><failure message="assert 422 == 200&#10; +  where 422 = &lt;Response [422]&gt;.status_code">tests/test_macie_notifications.py:327: in test_delete_notification_rule
    assert create_response.status_code == 200
E   assert 422 == 200
E    +  where 422 = &lt;Response [422]&gt;.status_code</failure></testcase><testcase classname="tests.test_macie_notifications.TestMacieNotificationDelete" name="test_delete_nonexistent_rule_returns_404" time="0.026" /><testcase classname="tests.test_macie_notifications.TestCleanupNotificationRules" name="test_cleanup_test_rules" time="0.020" /></testsuite></testsuites>