<?xml version="1.0" encoding="utf-8"?><testsuites name="pytest tests"><testsuite name="pytest" errors="0" failures="2" skipped="0" tests="18" time="14.156" timestamp="2026-01-25T23:14:32.027252+00:00" hostname="agent-env-7d467563-a8dc-449f-93f4-313b0a53115b"><testcase classname="tests.test_royalty_marketplace.TestMarketplaceHealth" name="test_health_endpoint" time="11.337" /><testcase classname="tests.test_royalty_marketplace.TestMarketplaceStats" name="test_get_stats" time="0.049" /><testcase classname="tests.test_royalty_marketplace.TestListingsSearch" name="test_search_listings_default" time="0.029" /><testcase classname="tests.test_royalty_marketplace.TestListingsSearch" name="test_search_listings_with_sort" time="0.027" /><testcase classname="tests.test_royalty_marketplace.TestListingsSearch" name="test_search_listings_by_type" time="0.030" /><testcase classname="tests.test_royalty_marketplace.TestListingsSearch" name="test_search_listings_by_auction_type" time="0.025" /><testcase classname="tests.test_royalty_marketplace.TestListingsSearch" name="test_pagination" time="0.036" /><testcase classname="tests.test_royalty_marketplace.TestListingDetails" name="test_get_listing_details" time="0.055" /><testcase classname="tests.test_royalty_marketplace.TestListingDetails" name="test_get_listing_not_found" time="0.021" /><testcase classname="tests.test_royalty_marketplace.TestAuthenticatedEndpoints" name="test_get_my_listings" time="0.316" /><testcase classname="tests.test_royalty_marketplace.TestAuthenticatedEndpoints" name="test_get_my_bids" time="0.326" /><testcase classname="tests.test_royalty_marketplace.TestAuthenticatedEndpoints" name="test_get_watchlist" time="0.322" /><testcase classname="tests.test_royalty_marketplace.TestAuthenticatedEndpoints" name="test_get_my_stats" time="0.321" /><testcase classname="tests.test_royalty_marketplace.TestCreateListing" name="test_create_listing" time="0.298" /><testcase classname="tests.test_royalty_marketplace.TestWatchlistOperations" name="test_add_to_watchlist" time="0.330" /><testcase classname="tests.test_royalty_marketplace.TestBidding" name="test_place_bid_on_own_listing" time="0.349"><failure message="assert 422 in [400, 500]&#10; +  where 422 = &lt;Response [422]&gt;.status_code">tests/test_royalty_marketplace.py:330: in test_place_bid_on_own_listing
    assert response.status_code in [400, 500]
E   assert 422 in [400, 500]
E    +  where 422 = &lt;Response [422]&gt;.status_code</failure></testcase><testcase classname="tests.test_royalty_marketplace.TestFeaturedListings" name="test_get_featured_listings" time="0.026" /><testcase classname="tests.test_royalty_marketplace.TestEndingSoonListings" name="test_get_ending_soon_listings" time="0.023"><failure message="assert 520 == 200&#10; +  where 520 = &lt;Response [520]&gt;.status_code">tests/test_royalty_marketplace.py:353: in test_get_ending_soon_listings
    assert response.status_code == 200
E   assert 520 == 200
E    +  where 520 = &lt;Response [520]&gt;.status_code</failure></testcase></testsuite></testsuites>