<?xml version="1.0" encoding="utf-8"?><testsuites name="pytest tests"><testsuite name="pytest" errors="0" failures="0" skipped="0" tests="18" time="2.803" timestamp="2026-01-25T23:16:01.720425+00:00" hostname="agent-env-7d467563-a8dc-449f-93f4-313b0a53115b"><testcase classname="tests.test_royalty_marketplace.TestMarketplaceHealth" name="test_health_endpoint" time="0.050" /><testcase classname="tests.test_royalty_marketplace.TestMarketplaceStats" name="test_get_stats" time="0.029" /><testcase classname="tests.test_royalty_marketplace.TestListingsSearch" name="test_search_listings_default" time="0.033" /><testcase classname="tests.test_royalty_marketplace.TestListingsSearch" name="test_search_listings_with_sort" time="0.024" /><testcase classname="tests.test_royalty_marketplace.TestListingsSearch" name="test_search_listings_by_type" time="0.034" /><testcase classname="tests.test_royalty_marketplace.TestListingsSearch" name="test_search_listings_by_auction_type" time="0.028" /><testcase classname="tests.test_royalty_marketplace.TestListingsSearch" name="test_pagination" time="0.029" /><testcase classname="tests.test_royalty_marketplace.TestListingDetails" name="test_get_listing_details" time="0.057" /><testcase classname="tests.test_royalty_marketplace.TestListingDetails" name="test_get_listing_not_found" time="0.045" /><testcase classname="tests.test_royalty_marketplace.TestAuthenticatedEndpoints" name="test_get_my_listings" time="0.328" /><testcase classname="tests.test_royalty_marketplace.TestAuthenticatedEndpoints" name="test_get_my_bids" time="0.324" /><testcase classname="tests.test_royalty_marketplace.TestAuthenticatedEndpoints" name="test_get_watchlist" time="0.308" /><testcase classname="tests.test_royalty_marketplace.TestAuthenticatedEndpoints" name="test_get_my_stats" time="0.299" /><testcase classname="tests.test_royalty_marketplace.TestCreateListing" name="test_create_listing" time="0.285" /><testcase classname="tests.test_royalty_marketplace.TestWatchlistOperations" name="test_add_to_watchlist" time="0.331" /><testcase classname="tests.test_royalty_marketplace.TestBidding" name="test_place_bid_on_own_listing" time="0.378" /><testcase classname="tests.test_royalty_marketplace.TestFeaturedListings" name="test_get_featured_listings" time="0.024" /><testcase classname="tests.test_royalty_marketplace.TestEndingSoonListings" name="test_get_ending_soon_listings" time="0.027" /></testsuite></testsuites>