<?xml version="1.0" encoding="utf-8"?><testsuites name="pytest tests"><testsuite name="pytest" errors="0" failures="0" skipped="0" tests="22" time="26.967" timestamp="2026-03-08T17:12:18.426120+00:00" hostname="agent-env-abaa356f-3a88-4bf3-893a-32d5782db8ed"><testcase classname="tests.test_new_features.TestCreatorProfilesMe" name="test_get_my_profile_owner" time="22.371" /><testcase classname="tests.test_new_features.TestCreatorProfilesMe" name="test_get_my_profile_requires_auth" time="0.134" /><testcase classname="tests.test_new_features.TestCreatorProfilesCreate" name="test_create_profile_for_cveadmin" time="0.499" /><testcase classname="tests.test_new_features.TestCreatorProfilesUpdate" name="test_update_my_profile" time="0.276" /><testcase classname="tests.test_new_features.TestCreatorProfilesBrowse" name="test_browse_profiles_public" time="0.131" /><testcase classname="tests.test_new_features.TestCreatorProfilesBrowse" name="test_browse_profiles_with_search" time="0.124" /><testcase classname="tests.test_new_features.TestCreatorProfilesByUsername" name="test_get_public_profile_bigmann" time="0.127" /><testcase classname="tests.test_new_features.TestCreatorProfilesByUsername" name="test_get_nonexistent_profile" time="0.192" /><testcase classname="tests.test_new_features.TestWatermarkSettings" name="test_get_watermark_settings_default" time="0.146" /><testcase classname="tests.test_new_features.TestWatermarkSettings" name="test_get_watermark_settings_requires_auth" time="0.159" /><testcase classname="tests.test_new_features.TestWatermarkSettingsUpdate" name="test_save_watermark_settings" time="0.132" /><testcase classname="tests.test_new_features.TestWatermarkSettingsUpdate" name="test_get_saved_settings" time="0.266" /><testcase classname="tests.test_new_features.TestWatermarkPreview" name="test_watermark_preview_with_image" time="0.181" /><testcase classname="tests.test_new_features.TestWatermarkPreview" name="test_watermark_preview_requires_auth" time="0.130" /><testcase classname="tests.test_new_features.TestSubscriptionTiers" name="test_list_tiers" time="0.114" /><testcase classname="tests.test_new_features.TestSubscriptionMe" name="test_get_my_subscription" time="0.150" /><testcase classname="tests.test_new_features.TestSubscriptionMe" name="test_get_subscription_requires_auth" time="0.117" /><testcase classname="tests.test_new_features.TestSubscriptionCheckout" name="test_checkout_pro_tier" time="0.352" /><testcase classname="tests.test_new_features.TestSubscriptionCheckout" name="test_checkout_invalid_tier" time="0.134" /><testcase classname="tests.test_new_features.TestSubscriptionCheckout" name="test_checkout_free_tier_rejected" time="0.126" /><testcase classname="tests.test_new_features.TestSubscriptionCheckout" name="test_checkout_requires_auth" time="0.139" /><testcase classname="tests.test_new_features.TestSummary" name="test_all_endpoints_accessible" time="0.781" /></testsuite></testsuites>