<?xml version="1.0" encoding="utf-8"?><testsuites name="pytest tests"><testsuite name="pytest" errors="0" failures="0" skipped="0" tests="12" time="20.390" timestamp="2026-03-09T15:58:36.917698+00:00" hostname="agent-env-5f280bbf-9581-4049-82f2-6e30e0e39a4d"><testcase classname="tests.test_notifications.TestNotificationEndpoints" name="test_get_notifications_list" time="17.765" /><testcase classname="tests.test_notifications.TestNotificationEndpoints" name="test_get_notifications_with_pagination" time="0.081" /><testcase classname="tests.test_notifications.TestNotificationEndpoints" name="test_get_notifications_unread_only" time="0.060" /><testcase classname="tests.test_notifications.TestNotificationEndpoints" name="test_get_unread_count" time="0.051" /><testcase classname="tests.test_notifications.TestNotificationActions" name="test_mark_notification_read" time="0.113" /><testcase classname="tests.test_notifications.TestNotificationActions" name="test_mark_all_notifications_read" time="0.113" /><testcase classname="tests.test_notifications.TestNotificationActions" name="test_mark_invalid_notification_read" time="0.056" /><testcase classname="tests.test_notifications.TestNotificationCreationViaMessaging" name="test_send_message_creates_notification" time="1.081" /><testcase classname="tests.test_notifications.TestNotificationDelete" name="test_delete_notification" time="0.726" /><testcase classname="tests.test_notifications.TestNotificationDelete" name="test_delete_nonexistent_notification" time="0.081" /><testcase classname="tests.test_notifications.TestNotificationDelete" name="test_delete_invalid_id" time="0.054" /><testcase classname="tests.test_notifications.TestNotificationDataValidation" name="test_notification_structure" time="0.059" /></testsuite></testsuites>