<?xml version="1.0" encoding="utf-8"?><testsuites name="pytest tests"><testsuite name="pytest" errors="0" failures="0" skipped="0" tests="26" time="17.011" timestamp="2026-02-20T22:45:08.724967+00:00" hostname="agent-env-0054e319-9e6b-4c1e-97cb-517b5fef72ae"><testcase classname="tests.test_pdf_export_dashtrends.TestPDFExportEndpoints" name="test_executive_pdf_returns_200" time="12.230" /><testcase classname="tests.test_pdf_export_dashtrends.TestPDFExportEndpoints" name="test_executive_pdf_content_type" time="0.227" /><testcase classname="tests.test_pdf_export_dashtrends.TestPDFExportEndpoints" name="test_executive_pdf_valid_header" time="0.200" /><testcase classname="tests.test_pdf_export_dashtrends.TestPDFExportEndpoints" name="test_executive_pdf_has_content" time="0.215" /><testcase classname="tests.test_pdf_export_dashtrends.TestPDFExportEndpoints" name="test_cves_pdf_returns_200" time="0.219" /><testcase classname="tests.test_pdf_export_dashtrends.TestPDFExportEndpoints" name="test_cves_pdf_content_type" time="0.183" /><testcase classname="tests.test_pdf_export_dashtrends.TestPDFExportEndpoints" name="test_cves_pdf_valid_header" time="0.196" /><testcase classname="tests.test_pdf_export_dashtrends.TestPDFExportEndpoints" name="test_cves_pdf_with_severity_filter" time="0.189" /><testcase classname="tests.test_pdf_export_dashtrends.TestPDFExportEndpoints" name="test_cves_pdf_with_status_filter" time="0.175" /><testcase classname="tests.test_pdf_export_dashtrends.TestPDFExportEndpoints" name="test_team_pdf_returns_200" time="0.229" /><testcase classname="tests.test_pdf_export_dashtrends.TestPDFExportEndpoints" name="test_team_pdf_content_type" time="0.204" /><testcase classname="tests.test_pdf_export_dashtrends.TestPDFExportEndpoints" name="test_team_pdf_valid_header" time="0.185" /><testcase classname="tests.test_pdf_export_dashtrends.TestCSVExportsStillWork" name="test_cves_csv_returns_200" time="0.125" /><testcase classname="tests.test_pdf_export_dashtrends.TestCSVExportsStillWork" name="test_executive_csv_returns_200" time="0.145" /><testcase classname="tests.test_pdf_export_dashtrends.TestCSVExportsStillWork" name="test_team_csv_returns_200" time="0.150" /><testcase classname="tests.test_pdf_export_dashtrends.TestDashboardTrendsEndpoint" name="test_dashboard_trends_returns_200" time="0.150" /><testcase classname="tests.test_pdf_export_dashtrends.TestDashboardTrendsEndpoint" name="test_dashboard_trends_json_structure" time="0.149" /><testcase classname="tests.test_pdf_export_dashtrends.TestDashboardTrendsEndpoint" name="test_dashboard_trends_current_week_fields" time="0.151" /><testcase classname="tests.test_pdf_export_dashtrends.TestDashboardTrendsEndpoint" name="test_dashboard_trends_previous_week_fields" time="0.371" /><testcase classname="tests.test_pdf_export_dashtrends.TestDashboardTrendsEndpoint" name="test_dashboard_trends_deltas_fields" time="0.137" /><testcase classname="tests.test_pdf_export_dashtrends.TestDashboardTrendsEndpoint" name="test_dashboard_trends_mini_trend_array" time="0.170" /><testcase classname="tests.test_pdf_export_dashtrends.TestDashboardTrendsEndpoint" name="test_dashboard_trends_mini_trend_entry_structure" time="0.165" /><testcase classname="tests.test_pdf_export_dashtrends.TestSummaryAndDashboardEndpoints" name="test_reporting_summary_returns_200" time="0.154" /><testcase classname="tests.test_pdf_export_dashtrends.TestSummaryAndDashboardEndpoints" name="test_reporting_summary_has_severity_distribution" time="0.163" /><testcase classname="tests.test_pdf_export_dashtrends.TestSummaryAndDashboardEndpoints" name="test_dashboard_returns_200" time="0.143" /><testcase classname="tests.test_pdf_export_dashtrends.TestSummaryAndDashboardEndpoints" name="test_dashboard_has_severity_breakdown" time="0.171" /></testsuite></testsuites>