<?xml version="1.0" encoding="utf-8"?><testsuites name="pytest tests"><testsuite name="pytest" errors="0" failures="0" skipped="0" tests="15" time="0.867" timestamp="2026-02-11T18:35:49.487539+00:00" hostname="agent-env-9f029e24-0311-46ac-aece-14d70077be26"><testcase classname="tests.test_phase12_analytics_ai.TestUsageAnalyticsHealth" name="test_analytics_health" time="0.079" /><testcase classname="tests.test_phase12_analytics_ai.TestUsageAnalyticsTracking" name="test_track_single_event" time="0.026" /><testcase classname="tests.test_phase12_analytics_ai.TestUsageAnalyticsTracking" name="test_track_batch_events" time="0.025" /><testcase classname="tests.test_phase12_analytics_ai.TestUsageAnalyticsDashboard" name="test_dashboard_7d" time="0.031" /><testcase classname="tests.test_phase12_analytics_ai.TestUsageAnalyticsDashboard" name="test_dashboard_30d" time="0.032" /><testcase classname="tests.test_phase12_analytics_ai.TestUsageAnalyticsDashboard" name="test_dashboard_1d" time="0.028" /><testcase classname="tests.test_phase12_analytics_ai.TestUsageAnalyticsFeatures" name="test_features_7d" time="0.035" /><testcase classname="tests.test_phase12_analytics_ai.TestUsageAnalyticsUserActivity" name="test_user_activity" time="0.028" /><testcase classname="tests.test_phase12_analytics_ai.TestUsageAnalyticsRealtime" name="test_realtime_stats" time="0.033" /><testcase classname="tests.test_phase12_analytics_ai.TestEnhancedAILayoutSuggestions" name="test_suggest_layouts_with_content_type" time="0.102" /><testcase classname="tests.test_phase12_analytics_ai.TestEnhancedAILayoutSuggestions" name="test_suggest_layouts_linkedin_banner" time="0.072" /><testcase classname="tests.test_phase12_analytics_ai.TestEnhancedAILayoutSuggestions" name="test_suggest_layouts_pinterest_pin" time="0.053" /><testcase classname="tests.test_phase12_analytics_ai.TestEnhancedAILayoutSuggestions" name="test_suggest_layouts_tiktok_video" time="0.087" /><testcase classname="tests.test_phase12_analytics_ai.TestEnhancedAILayoutSuggestions" name="test_suggest_layouts_twitter_header" time="0.070" /><testcase classname="tests.test_phase12_analytics_ai.TestAIAssetsHealth" name="test_ai_assets_health" time="0.023" /></testsuite></testsuites>