<?xml version="1.0" encoding="utf-8"?><testsuites name="pytest tests"><testsuite name="pytest" errors="0" failures="0" skipped="0" tests="17" time="20.738" timestamp="2026-02-15T16:07:42.762118+00:00" hostname="agent-env-54d038ca-222f-4ebf-9ffa-9372a3156078"><testcase classname="tests.test_phase6_rbac.TestRBACRoles" name="test_get_roles_returns_all_roles" time="11.656" /><testcase classname="tests.test_phase6_rbac.TestRBACRoles" name="test_admin_role_has_user_permissions" time="0.192" /><testcase classname="tests.test_phase6_rbac.TestRBACRoles" name="test_manager_role_permissions" time="0.148" /><testcase classname="tests.test_phase6_rbac.TestRBACRoles" name="test_analyst_role_limited_permissions" time="0.167" /><testcase classname="tests.test_phase6_rbac.TestRBACMe" name="test_get_my_profile_returns_role_and_permissions" time="0.612" /><testcase classname="tests.test_phase6_rbac.TestRBACMe" name="test_me_requires_authentication" time="0.494" /><testcase classname="tests.test_phase6_rbac.TestRBACUsers" name="test_list_users_admin_only" time="0.516" /><testcase classname="tests.test_phase6_rbac.TestRBACUsers" name="test_list_users_requires_auth" time="0.549" /><testcase classname="tests.test_phase6_rbac.TestRBACInviteUser" name="test_invite_user_creates_cve_user" time="0.864" /><testcase classname="tests.test_phase6_rbac.TestRBACInviteUser" name="test_invite_user_invalid_role" time="0.505" /><testcase classname="tests.test_phase6_rbac.TestRBACInviteUser" name="test_invite_duplicate_email" time="0.658" /><testcase classname="tests.test_phase6_rbac.TestRBACUpdateUserRole" name="test_change_user_role" time="0.717" /><testcase classname="tests.test_phase6_rbac.TestRBACUpdateUserRole" name="test_change_role_invalid_role" time="0.685" /><testcase classname="tests.test_phase6_rbac.TestRBACUpdateUserStatus" name="test_deactivate_user" time="0.704" /><testcase classname="tests.test_phase6_rbac.TestRBACUpdateUserStatus" name="test_reactivate_user" time="0.806" /><testcase classname="tests.test_phase6_rbac.TestRBACUpdateUserStatus" name="test_cannot_deactivate_self" time="0.803" /><testcase classname="tests.test_phase6_rbac.TestRBACPermissionEnforcement" name="test_admin_has_all_permissions" time="0.500" /></testsuite></testsuites>