<?xml version="1.0" encoding="utf-8"?><testsuites name="pytest tests"><testsuite name="pytest" errors="0" failures="0" skipped="1" tests="18" time="27.446" timestamp="2026-02-15T00:00:11.595472+00:00" hostname="agent-env-206b83d7-f935-443a-a0f6-21b11c084fda"><testcase classname="tests.test_phase3_remediation.TestRemediationConfig" name="test_get_remediation_config" time="18.034" /><testcase classname="tests.test_phase3_remediation.TestRemediationConfig" name="test_config_stats_structure" time="0.300" /><testcase classname="tests.test_phase3_remediation.TestRemediationConfig" name="test_get_remediation_stats_endpoint" time="0.070" /><testcase classname="tests.test_phase3_remediation.TestRemediationItems" name="test_list_remediation_items" time="0.069" /><testcase classname="tests.test_phase3_remediation.TestRemediationItems" name="test_list_items_with_status_filter" time="0.061" /><testcase classname="tests.test_phase3_remediation.TestRemediationItems" name="test_list_items_with_severity_filter" time="0.060" /><testcase classname="tests.test_phase3_remediation.TestRemediationItems" name="test_list_items_with_pagination" time="0.062" /><testcase classname="tests.test_phase3_remediation.TestGitHubIntegration" name="test_create_github_issue_permission_error" time="4.286" /><testcase classname="tests.test_phase3_remediation.TestGitHubIntegration" name="test_create_github_pr_permission_error" time="1.115" /><testcase classname="tests.test_phase3_remediation.TestGitHubIntegration" name="test_create_issue_nonexistent_cve" time="0.073" /><testcase classname="tests.test_phase3_remediation.TestBulkOperations" name="test_bulk_create_issues" time="0.062" /><testcase classname="tests.test_phase3_remediation.TestGitHubSync" name="test_sync_github_status" time="0.243" /><testcase classname="tests.test_phase3_remediation.TestAWSIntegration" name="test_get_aws_findings" time="0.863" /><testcase classname="tests.test_phase3_remediation.TestAWSIntegration" name="test_get_security_hub_summary" time="0.556" /><testcase classname="tests.test_phase3_remediation.TestAWSIntegration" name="test_sync_aws_findings" time="0.230" /><testcase classname="tests.test_phase3_remediation.TestRemediationStatusUpdate" name="test_update_item_status_invalid_id" time="0.084" /><testcase classname="tests.test_phase3_remediation.TestRemediationStatusUpdate" name="test_update_item_status_invalid_status" time="0.069"><skipped type="pytest.skip" message="No remediation items to test status update">/app/backend/tests/test_phase3_remediation.py:306: No remediation items to test status update</skipped></testcase><testcase classname="tests.test_phase3_remediation.TestRemediationWorkflow" name="test_full_remediation_flow" time="1.025" /></testsuite></testsuites>