<?xml version="1.0" encoding="utf-8"?><testsuites name="pytest tests"><testsuite name="pytest" errors="0" failures="0" skipped="0" tests="26" time="30.625" timestamp="2026-02-15T00:31:29.727762+00:00" hostname="agent-env-14c7c4f5-8168-4351-8d06-de64ef79bef7"><testcase classname="tests.test_phase4_governance.TestGovernanceMetrics" name="test_metrics_returns_200" time="23.313" /><testcase classname="tests.test_phase4_governance.TestGovernanceMetrics" name="test_metrics_response_structure" time="0.168" /><testcase classname="tests.test_phase4_governance.TestGovernanceMetrics" name="test_metrics_additional_fields" time="0.113" /><testcase classname="tests.test_phase4_governance.TestGovernanceTrends" name="test_trends_returns_200" time="0.150" /><testcase classname="tests.test_phase4_governance.TestGovernanceTrends" name="test_trends_response_structure" time="0.164" /><testcase classname="tests.test_phase4_governance.TestGovernanceTrends" name="test_trends_days_parameter" time="0.111" /><testcase classname="tests.test_phase4_governance.TestGovernanceSLA" name="test_sla_returns_200" time="0.103" /><testcase classname="tests.test_phase4_governance.TestGovernanceSLA" name="test_sla_response_structure" time="0.122" /><testcase classname="tests.test_phase4_governance.TestGovernanceSLA" name="test_sla_severity_structure" time="0.123" /><testcase classname="tests.test_phase4_governance.TestGovernanceOwnership" name="test_ownership_returns_200" time="0.156" /><testcase classname="tests.test_phase4_governance.TestGovernanceOwnership" name="test_ownership_response_structure" time="0.106" /><testcase classname="tests.test_phase4_governance.TestGovernanceOwnership" name="test_ownership_data_structure" time="0.119" /><testcase classname="tests.test_phase4_governance.TestGovernanceMTTR" name="test_mttr_returns_200" time="0.165" /><testcase classname="tests.test_phase4_governance.TestGovernanceMTTR" name="test_mttr_response_structure" time="0.099" /><testcase classname="tests.test_phase4_governance.TestGovernanceMTTR" name="test_mttr_additional_fields" time="0.096" /><testcase classname="tests.test_phase4_governance.TestGovernanceScanActivity" name="test_scan_activity_returns_200" time="0.103" /><testcase classname="tests.test_phase4_governance.TestGovernanceScanActivity" name="test_scan_activity_response_structure" time="0.117" /><testcase classname="tests.test_phase4_governance.TestGovernanceScanActivity" name="test_scan_activity_recent_scans_structure" time="0.106" /><testcase classname="tests.test_phase4_governance.TestAWSIntegration" name="test_aws_findings_returns_200" time="0.883" /><testcase classname="tests.test_phase4_governance.TestAWSIntegration" name="test_aws_findings_response_structure" time="0.257" /><testcase classname="tests.test_phase4_governance.TestAWSIntegration" name="test_aws_inspector_connection" time="0.362" /><testcase classname="tests.test_phase4_governance.TestAWSIntegration" name="test_security_hub_returns_200" time="0.600" /><testcase classname="tests.test_phase4_governance.TestAWSIntegration" name="test_security_hub_response_structure" time="0.660" /><testcase classname="tests.test_phase4_governance.TestAWSIntegration" name="test_security_hub_finding_structure" time="0.938" /><testcase classname="tests.test_phase4_governance.TestGovernanceEndToEnd" name="test_full_governance_data_load" time="0.860" /><testcase classname="tests.test_phase4_governance.TestGovernanceEndToEnd" name="test_governance_data_consistency" time="0.430" /></testsuite></testsuites>