<?xml version="1.0" encoding="utf-8"?><testsuites name="pytest tests"><testsuite name="pytest" errors="0" failures="0" skipped="0" tests="22" time="18.810" timestamp="2026-02-14T23:22:18.504726+00:00" hostname="agent-env-77365b34-8cc0-49ec-abb4-3bd9e1b24373"><testcase classname="tests.test_phase2_scanners.TestToolStatus" name="test_get_tool_status" time="3.570" /><testcase classname="tests.test_phase2_scanners.TestTrivyScanner" name="test_trivy_filesystem_scan" time="0.217" /><testcase classname="tests.test_phase2_scanners.TestTrivyScanner" name="test_trivy_iac_scan" time="3.442" /><testcase classname="tests.test_phase2_scanners.TestGrypeScanner" name="test_grype_scan" time="2.458" /><testcase classname="tests.test_phase2_scanners.TestSyftScanner" name="test_syft_sbom_generation" time="2.067" /><testcase classname="tests.test_phase2_scanners.TestCheckovScanner" name="test_checkov_iac_scan" time="4.037" /><testcase classname="tests.test_phase2_scanners.TestScanHistory" name="test_list_scan_results" time="0.117" /><testcase classname="tests.test_phase2_scanners.TestScanHistory" name="test_get_scan_result_by_id" time="0.200" /><testcase classname="tests.test_phase2_scanners.TestScanHistory" name="test_get_nonexistent_scan_result" time="0.102" /><testcase classname="tests.test_phase2_scanners.TestPolicyRules" name="test_list_policy_rules" time="0.095" /><testcase classname="tests.test_phase2_scanners.TestPolicyRules" name="test_seed_default_rules" time="0.110" /><testcase classname="tests.test_phase2_scanners.TestPolicyRules" name="test_create_custom_policy_rule" time="0.111" /><testcase classname="tests.test_phase2_scanners.TestPolicyRules" name="test_update_policy_rule_toggle" time="0.424" /><testcase classname="tests.test_phase2_scanners.TestPolicyRules" name="test_delete_policy_rule" time="0.358" /><testcase classname="tests.test_phase2_scanners.TestPolicyRules" name="test_delete_nonexistent_rule" time="0.088" /><testcase classname="tests.test_phase2_scanners.TestPolicyEvaluation" name="test_evaluate_policies_against_scan" time="0.231" /><testcase classname="tests.test_phase2_scanners.TestPolicyEvaluation" name="test_evaluate_nonexistent_scan" time="0.097" /><testcase classname="tests.test_phase2_scanners.TestPipelineGenerator" name="test_generate_github_actions_pipeline" time="0.104" /><testcase classname="tests.test_phase2_scanners.TestPipelineGenerator" name="test_list_generated_pipelines" time="0.120" /><testcase classname="tests.test_phase2_scanners.TestPipelineGenerator" name="test_get_pipeline_by_id" time="0.202" /><testcase classname="tests.test_phase2_scanners.TestPipelineGenerator" name="test_get_nonexistent_pipeline" time="0.110" /><testcase classname="tests.test_phase2_scanners.TestCleanup" name="test_cleanup_test_rules" time="0.388" /></testsuite></testsuites>