<?xml version="1.0" encoding="utf-8"?><testsuites name="pytest tests"><testsuite name="pytest" errors="0" failures="0" skipped="0" tests="24" time="24.412" timestamp="2026-02-15T15:16:42.046437+00:00" hostname="agent-env-f6323122-ed52-4ccb-8fb1-30d1f0a2bf6a"><testcase classname="tests.test_phase4_complete.TestGitHubRemediationConfig" name="test_config_returns_200" time="21.223" /><testcase classname="tests.test_phase4_complete.TestGitHubRemediationConfig" name="test_config_has_write_access" time="0.324" /><testcase classname="tests.test_phase4_complete.TestGitHubRemediationConfig" name="test_config_has_stats" time="0.317" /><testcase classname="tests.test_phase4_complete.TestGitHubRemediationItems" name="test_items_returns_200" time="0.306" /><testcase classname="tests.test_phase4_complete.TestGitHubRemediationItems" name="test_items_has_at_least_one" time="0.064" /><testcase classname="tests.test_phase4_complete.TestGitHubRemediationItems" name="test_items_have_github_links" time="0.058" /><testcase classname="tests.test_phase4_complete.TestGitHubRemediationStats" name="test_stats_returns_200" time="0.105" /><testcase classname="tests.test_phase4_complete.TestGitHubRemediationStats" name="test_stats_structure" time="0.140" /><testcase classname="tests.test_phase4_complete.TestCVEOwnership" name="test_assign_owner_returns_200" time="0.100" /><testcase classname="tests.test_phase4_complete.TestCVEOwnership" name="test_assign_owner_invalid_cve_returns_404" time="0.101" /><testcase classname="tests.test_phase4_complete.TestCVEBulkAssign" name="test_bulk_assign_returns_200" time="0.116" /><testcase classname="tests.test_phase4_complete.TestCVEOwners" name="test_owners_returns_200" time="0.122" /><testcase classname="tests.test_phase4_complete.TestCVEOwners" name="test_owners_structure" time="0.070" /><testcase classname="tests.test_phase4_complete.TestCVEUnassigned" name="test_unassigned_returns_200" time="0.094" /><testcase classname="tests.test_phase4_complete.TestCVEUnassigned" name="test_unassigned_structure" time="0.103" /><testcase classname="tests.test_phase4_complete.TestCoreCVE" name="test_dashboard_returns_200" time="0.123" /><testcase classname="tests.test_phase4_complete.TestCoreCVE" name="test_dashboard_structure" time="0.104" /><testcase classname="tests.test_phase4_complete.TestCoreCVE" name="test_entries_returns_200" time="0.074" /><testcase classname="tests.test_phase4_complete.TestCoreCVE" name="test_entries_structure" time="0.055" /><testcase classname="tests.test_phase4_complete.TestGovernance" name="test_metrics_returns_200" time="0.089" /><testcase classname="tests.test_phase4_complete.TestGovernance" name="test_sla_returns_200" time="0.077" /><testcase classname="tests.test_phase4_complete.TestGovernance" name="test_ownership_returns_200" time="0.076" /><testcase classname="tests.test_phase4_complete.TestExistingGitHubIssue" name="test_issue_2_exists_in_remediation_items" time="0.056" /><testcase classname="tests.test_phase4_complete.TestExistingGitHubIssue" name="test_create_issue_already_exists" time="0.339" /></testsuite></testsuites>