<?xml version="1.0" encoding="utf-8"?><testsuites name="pytest tests"><testsuite name="pytest" errors="0" failures="0" skipped="0" tests="9" time="21.649" timestamp="2026-02-11T19:04:05.943628+00:00" hostname="agent-env-508a0e65-63df-4ef0-9b79-8d8cc3784458"><testcase classname="tests.test_phase13_real_aws.TestCloudWatchHealth" name="test_cloudwatch_health_endpoint" time="19.807" /><testcase classname="tests.test_phase13_real_aws.TestCloudWatchDashboard" name="test_dashboard_returns_real_data" time="0.565" /><testcase classname="tests.test_phase13_real_aws.TestCloudWatchAlarms" name="test_alarms_endpoint_returns_3_alarms" time="0.107" /><testcase classname="tests.test_phase13_real_aws.TestCloudWatchSNSTopics" name="test_sns_topics_returns_4_topics" time="0.190" /><testcase classname="tests.test_phase13_real_aws.TestCloudWatchEventBridge" name="test_eventbridge_rules_returns_5_rules" time="0.325" /><testcase classname="tests.test_phase13_real_aws.TestSNSPublish" name="test_sns_publish_message" time="0.246" /><testcase classname="tests.test_phase13_real_aws.TestGuardDutyHealth" name="test_guardduty_health_aws_connected" time="0.161" /><testcase classname="tests.test_phase13_real_aws.TestGuardDutyDashboard" name="test_guardduty_dashboard_real_data" time="0.044" /><testcase classname="tests.test_phase13_real_aws.TestMacieBuckets" name="test_macie_buckets_returns_14_real_buckets" time="0.028" /></testsuite></testsuites>