<?xml version="1.0" encoding="utf-8"?><testsuites name="pytest tests"><testsuite name="pytest" errors="0" failures="0" skipped="0" tests="22" time="28.120" timestamp="2026-02-15T15:35:17.667527+00:00" hostname="agent-env-67066040-3fab-498c-a0a4-6cc11d2eecc5"><testcase classname="tests.test_phase5_notifications.TestNotificationEndpoints" name="test_list_notifications" time="18.304" /><testcase classname="tests.test_phase5_notifications.TestNotificationEndpoints" name="test_list_notifications_with_filters" time="0.452" /><testcase classname="tests.test_phase5_notifications.TestNotificationEndpoints" name="test_get_unread_count" time="0.133" /><testcase classname="tests.test_phase5_notifications.TestNotificationEndpoints" name="test_create_notification" time="0.123" /><testcase classname="tests.test_phase5_notifications.TestNotificationEndpoints" name="test_create_notification_all_types" time="1.225" /><testcase classname="tests.test_phase5_notifications.TestNotificationEndpoints" name="test_mark_notification_read" time="0.399" /><testcase classname="tests.test_phase5_notifications.TestNotificationEndpoints" name="test_mark_all_read" time="0.750" /><testcase classname="tests.test_phase5_notifications.TestNotificationEndpoints" name="test_dismiss_notification" time="0.409" /><testcase classname="tests.test_phase5_notifications.TestSLACompliance" name="test_check_sla_compliance" time="0.138" /><testcase classname="tests.test_phase5_notifications.TestNotificationPreferences" name="test_get_preferences" time="0.116" /><testcase classname="tests.test_phase5_notifications.TestNotificationPreferences" name="test_update_preferences" time="0.531" /><testcase classname="tests.test_phase5_notifications.TestNotificationPreferences" name="test_update_email_enabled" time="0.596" /><testcase classname="tests.test_phase5_notifications.TestNotificationPreferences" name="test_update_email_types" time="0.879" /><testcase classname="tests.test_phase5_notifications.TestEmailEndpoints" name="test_send_test_email" time="0.378" /><testcase classname="tests.test_phase5_notifications.TestEmailEndpoints" name="test_generate_weekly_digest" time="0.349" /><testcase classname="tests.test_phase5_notifications.TestReportExports" name="test_export_cves_csv" time="0.155" /><testcase classname="tests.test_phase5_notifications.TestReportExports" name="test_export_cves_csv_with_filters" time="0.289" /><testcase classname="tests.test_phase5_notifications.TestReportExports" name="test_export_governance_csv" time="0.131" /><testcase classname="tests.test_phase5_notifications.TestNotificationEndpointEdgeCases" name="test_mark_read_invalid_id" time="0.129" /><testcase classname="tests.test_phase5_notifications.TestNotificationEndpointEdgeCases" name="test_dismiss_invalid_id" time="0.121" /><testcase classname="tests.test_phase5_notifications.TestNotificationEndpointEdgeCases" name="test_create_notification_invalid_type" time="0.125" /><testcase classname="tests.test_phase5_notifications.TestCleanup" name="test_cleanup_test_notifications" time="2.195" /></testsuite></testsuites>