<?xml version="1.0" encoding="utf-8"?><testsuites name="pytest tests"><testsuite name="pytest" errors="0" failures="0" skipped="0" tests="24" time="23.112" timestamp="2026-03-13T21:22:21.602719+00:00" hostname="agent-env-656025b0-bdee-4412-ab78-f997c0e73963"><testcase classname="tests.test_publish_write_actions.TestWriteActionsIntegration" name="test_status_all_returns_200" time="18.053" /><testcase classname="tests.test_publish_write_actions.TestWriteActionsIntegration" name="test_status_all_has_platforms_object" time="0.149" /><testcase classname="tests.test_publish_write_actions.TestWriteActionsIntegration" name="test_status_twitter_has_can_write_flag" time="0.137" /><testcase classname="tests.test_publish_write_actions.TestWriteActionsIntegration" name="test_status_tiktok_has_can_write_flag" time="0.133" /><testcase classname="tests.test_publish_write_actions.TestWriteActionsIntegration" name="test_status_snapchat_has_can_write_flag" time="0.174" /><testcase classname="tests.test_publish_write_actions.TestWriteActionsIntegration" name="test_unified_publish_endpoint_returns_valid_response" time="0.264" /><testcase classname="tests.test_publish_write_actions.TestWriteActionsIntegration" name="test_unified_publish_results_contain_platform_responses" time="0.206" /><testcase classname="tests.test_publish_write_actions.TestWriteActionsIntegration" name="test_unified_publish_with_media_url" time="0.146" /><testcase classname="tests.test_publish_write_actions.TestWriteActionsIntegration" name="test_unified_publish_single_platform" time="0.242" /><testcase classname="tests.test_publish_write_actions.TestWriteActionsIntegration" name="test_unified_publish_unsupported_platform" time="0.155" /><testcase classname="tests.test_publish_write_actions.TestWriteActionsIntegration" name="test_publish_history_returns_200" time="0.142" /><testcase classname="tests.test_publish_write_actions.TestWriteActionsIntegration" name="test_publish_history_has_correct_structure" time="0.136" /><testcase classname="tests.test_publish_write_actions.TestWriteActionsIntegration" name="test_publish_history_contains_recent_publish" time="0.393" /><testcase classname="tests.test_publish_write_actions.TestWriteActionsIntegration" name="test_publish_history_respects_limit" time="0.140" /><testcase classname="tests.test_publish_write_actions.TestWriteActionsIntegration" name="test_twitter_tweet_requires_oauth" time="0.155" /><testcase classname="tests.test_publish_write_actions.TestWriteActionsIntegration" name="test_tiktok_publish_requires_oauth" time="0.140" /><testcase classname="tests.test_publish_write_actions.TestWriteActionsIntegration" name="test_tiktok_publish_requires_media" time="0.138" /><testcase classname="tests.test_publish_write_actions.TestWriteActionsIntegration" name="test_snapchat_publish_attempts_api_call" time="0.199" /><testcase classname="tests.test_publish_write_actions.TestWriteActionsIntegration" name="test_publish_requires_auth" time="0.171" /><testcase classname="tests.test_publish_write_actions.TestWriteActionsIntegration" name="test_history_requires_auth" time="0.137" /><testcase classname="tests.test_publish_write_actions.TestWriteActionsIntegration" name="test_twitter_tweet_requires_auth" time="0.134" /><testcase classname="tests.test_publish_write_actions.TestPublishHistoryPersistence" name="test_publish_history_persists_text" time="0.747" /><testcase classname="tests.test_publish_write_actions.TestPublishHistoryPersistence" name="test_publish_history_persists_platforms" time="0.357" /><testcase classname="tests.test_publish_write_actions.TestPublishHistoryPersistence" name="test_publish_history_includes_results" time="0.315" /></testsuite></testsuites>