<?xml version="1.0" encoding="utf-8"?><testsuites name="pytest tests"><testsuite name="pytest" errors="0" failures="0" skipped="0" tests="16" time="19.897" timestamp="2026-02-09T19:22:57.154105+00:00" hostname="agent-env-a908d075-2071-480c-a798-c7ade37613e8"><testcase classname="tests.test_qldb.TestQLDBHealth" name="test_health_endpoint" time="17.483" /><testcase classname="tests.test_qldb.TestQLDBHealth" name="test_dashboard_stats" time="0.232" /><testcase classname="tests.test_qldb.TestQLDBDisputes" name="test_list_disputes" time="0.131" /><testcase classname="tests.test_qldb.TestQLDBDisputes" name="test_disputes_have_required_fields" time="0.105" /><testcase classname="tests.test_qldb.TestQLDBDisputes" name="test_create_dispute" time="0.248" /><testcase classname="tests.test_qldb.TestQLDBDisputes" name="test_create_and_verify_persistence" time="0.310" /><testcase classname="tests.test_qldb.TestQLDBDisputes" name="test_get_nonexistent_dispute" time="0.179" /><testcase classname="tests.test_qldb.TestQLDBAudit" name="test_list_audit_entries" time="0.128" /><testcase classname="tests.test_qldb.TestQLDBAudit" name="test_audit_entries_have_required_fields" time="0.097" /><testcase classname="tests.test_qldb.TestQLDBAudit" name="test_verify_chain_integrity" time="0.017" /><testcase classname="tests.test_qldb.TestQLDBReferenceData" name="test_dispute_types" time="0.021" /><testcase classname="tests.test_qldb.TestQLDBReferenceData" name="test_dispute_statuses" time="0.019" /><testcase classname="tests.test_qldb.TestQLDBReferenceData" name="test_priorities" time="0.019" /><testcase classname="tests.test_qldb.TestQLDBReferenceData" name="test_event_types" time="0.030" /><testcase classname="tests.test_qldb.TestQLDBDataIntegrity" name="test_create_dispute_creates_audit_entry" time="0.428" /><testcase classname="tests.test_qldb.TestQLDBDataIntegrity" name="test_dashboard_stats_reflect_disputes" time="0.280" /></testsuite></testsuites>