<?xml version="1.0" encoding="utf-8"?><testsuites name="pytest tests"><testsuite name="pytest" errors="0" failures="0" skipped="0" tests="25" time="24.176" timestamp="2026-02-09T19:44:18.360703+00:00" hostname="agent-env-3dd12516-a90e-4f1d-a11e-704426a25257"><testcase classname="tests.test_qldb.TestQLDBHealth" name="test_health_endpoint" time="17.562" /><testcase classname="tests.test_qldb.TestQLDBHealth" name="test_dashboard_stats" time="0.258" /><testcase classname="tests.test_qldb.TestQLDBDisputes" name="test_list_disputes" time="0.106" /><testcase classname="tests.test_qldb.TestQLDBDisputes" name="test_disputes_have_required_fields" time="0.104" /><testcase classname="tests.test_qldb.TestQLDBDisputes" name="test_create_dispute" time="0.286" /><testcase classname="tests.test_qldb.TestQLDBDisputes" name="test_create_and_verify_persistence" time="0.398" /><testcase classname="tests.test_qldb.TestQLDBDisputes" name="test_get_nonexistent_dispute" time="0.186" /><testcase classname="tests.test_qldb.TestQLDBAudit" name="test_list_audit_entries" time="0.143" /><testcase classname="tests.test_qldb.TestQLDBAudit" name="test_audit_entries_have_required_fields" time="0.102" /><testcase classname="tests.test_qldb.TestQLDBAudit" name="test_verify_chain_integrity" time="0.022" /><testcase classname="tests.test_qldb.TestQLDBReferenceData" name="test_dispute_types" time="0.028" /><testcase classname="tests.test_qldb.TestQLDBReferenceData" name="test_dispute_statuses" time="0.018" /><testcase classname="tests.test_qldb.TestQLDBReferenceData" name="test_priorities" time="0.019" /><testcase classname="tests.test_qldb.TestQLDBReferenceData" name="test_event_types" time="0.018" /><testcase classname="tests.test_qldb.TestP1EnhancedDisputeCreation" name="test_create_dispute_with_high_priority" time="0.296" /><testcase classname="tests.test_qldb.TestP1EnhancedDisputeCreation" name="test_create_dispute_with_critical_priority" time="0.241" /><testcase classname="tests.test_qldb.TestP1EnhancedDisputeCreation" name="test_create_dispute_with_low_priority" time="0.189" /><testcase classname="tests.test_qldb.TestP1EnhancedDisputeCreation" name="test_create_dispute_with_respondent_fields" time="0.289" /><testcase classname="tests.test_qldb.TestP1EnhancedDisputeCreation" name="test_create_dispute_all_8_types" time="1.496" /><testcase classname="tests.test_qldb.TestP1EnhancedDisputeCreation" name="test_create_dispute_with_all_currencies" time="1.038" /><testcase classname="tests.test_qldb.TestP2AuditTrailEnhancements" name="test_audit_entries_have_event_type" time="0.136" /><testcase classname="tests.test_qldb.TestP2AuditTrailEnhancements" name="test_filter_audit_by_event_type" time="0.133" /><testcase classname="tests.test_qldb.TestP2AuditTrailEnhancements" name="test_audit_entry_has_metadata" time="0.108" /><testcase classname="tests.test_qldb.TestQLDBDataIntegrity" name="test_create_dispute_creates_audit_entry" time="0.409" /><testcase classname="tests.test_qldb.TestQLDBDataIntegrity" name="test_dashboard_stats_reflect_disputes" time="0.292" /></testsuite></testsuites>