<?xml version="1.0" encoding="utf-8"?><testsuites name="pytest tests"><testsuite name="pytest" errors="0" failures="0" skipped="0" tests="12" time="22.069" timestamp="2026-04-07T15:24:19.622538+00:00" hostname="agent-env-c036ed5c-49ec-44a6-9744-bbe8c6187bd7"><testcase classname="tests.test_quick_actions_panel.TestQuickActionsSummary" name="test_quick_actions_summary_returns_200" time="16.800" /><testcase classname="tests.test_quick_actions_panel.TestQuickActionsSummary" name="test_quick_actions_summary_has_required_fields" time="0.238" /><testcase classname="tests.test_quick_actions_panel.TestQuickActionsSummary" name="test_quick_actions_summary_values_are_non_negative" time="0.156" /><testcase classname="tests.test_quick_actions_panel.TestLicenseAllPlatforms" name="test_license_all_requires_auth" time="0.140" /><testcase classname="tests.test_quick_actions_panel.TestLicenseAllPlatforms" name="test_license_all_platforms_success" time="0.620" /><testcase classname="tests.test_quick_actions_panel.TestLicenseAllPlatforms" name="test_license_all_returns_platform_details" time="0.551" /><testcase classname="tests.test_quick_actions_panel.TestGenerateComprehensiveLicenses" name="test_generate_comprehensive_requires_auth" time="0.156" /><testcase classname="tests.test_quick_actions_panel.TestGenerateComprehensiveLicenses" name="test_generate_comprehensive_success" time="0.513" /><testcase classname="tests.test_quick_actions_panel.TestGenerateComprehensiveLicenses" name="test_generate_comprehensive_returns_agreement_details" time="0.570" /><testcase classname="tests.test_quick_actions_panel.TestGenerateComprehensiveLicenses" name="test_generate_comprehensive_includes_business_info" time="0.531" /><testcase classname="tests.test_quick_actions_panel.TestQuickActionsPanelIntegration" name="test_summary_updates_after_license_all" time="0.872" /><testcase classname="tests.test_quick_actions_panel.TestQuickActionsPanelIntegration" name="test_summary_updates_after_generate_comprehensive" time="0.794" /></testsuite></testsuites>