<?xml version="1.0" encoding="utf-8"?><testsuites name="pytest tests"><testsuite name="pytest" errors="0" failures="0" skipped="0" tests="5" time="26.031" timestamp="2026-03-06T21:55:09.382989+00:00" hostname="agent-env-e03710a3-733f-4616-a733-ba57337557b8"><testcase classname="tests.test_rds_upgrade.TestRDSInstances" name="test_get_rds_instances_success" time="23.520" /><testcase classname="tests.test_rds_upgrade.TestRDSUpgradeTargets" name="test_get_upgrade_targets_success" time="1.560" /><testcase classname="tests.test_rds_upgrade.TestRDSUpgradeTargets" name="test_get_upgrade_targets_nonexistent_instance" time="0.561" /><testcase classname="tests.test_rds_upgrade.TestRDSUpgradeEndpoint" name="test_upgrade_endpoint_exists" time="0.105" /><testcase classname="tests.test_rds_upgrade.TestRDSUpgradeEndpoint" name="test_upgrade_endpoint_validation" time="0.141" /></testsuite></testsuites>