<?xml version="1.0" encoding="utf-8"?><testsuites name="pytest tests"><testsuite name="pytest" errors="0" failures="0" skipped="0" tests="22" time="26.692" timestamp="2026-02-27T17:15:32.270478+00:00" hostname="agent-env-31cb99bc-27c6-4ca6-9027-c11ce9d89327"><testcase classname="tests.test_refactoring_regression.TestHealthEndpoint" name="test_health_returns_200" time="20.467" /><testcase classname="tests.test_refactoring_regression.TestHealthEndpoint" name="test_health_returns_119_platforms" time="0.217" /><testcase classname="tests.test_refactoring_regression.TestHealthEndpoint" name="test_health_services_operational" time="0.339" /><testcase classname="tests.test_refactoring_regression.TestAuthentication" name="test_login_success" time="0.428" /><testcase classname="tests.test_refactoring_regression.TestAuthentication" name="test_login_invalid_credentials" time="0.152" /><testcase classname="tests.test_refactoring_regression.TestAuthentication" name="test_protected_route_without_token" time="0.157" /><testcase classname="tests.test_refactoring_regression.TestProtectedEndpoints" name="test_cve_dashboard" time="0.550" /><testcase classname="tests.test_refactoring_regression.TestProtectedEndpoints" name="test_cve_reporting_summary" time="0.147" /><testcase classname="tests.test_refactoring_regression.TestProtectedEndpoints" name="test_sla_dashboard" time="0.147" /><testcase classname="tests.test_refactoring_regression.TestProtectedEndpoints" name="test_iac_overview" time="0.807" /><testcase classname="tests.test_refactoring_regression.TestUnprotectedEndpoints" name="test_agency_status" time="0.148" /><testcase classname="tests.test_refactoring_regression.TestUnprotectedEndpoints" name="test_distribution_platforms" time="0.153" /><testcase classname="tests.test_refactoring_regression.TestUnprotectedEndpoints" name="test_licensing_health" time="0.148" /><testcase classname="tests.test_refactoring_regression.TestModuleImports" name="test_config_database_module" time="0.138" /><testcase classname="tests.test_refactoring_regression.TestModuleImports" name="test_config_platforms_module" time="0.149" /><testcase classname="tests.test_refactoring_regression.TestModuleImports" name="test_config_settings_module" time="0.393" /><testcase classname="tests.test_refactoring_regression.TestModuleImports" name="test_models_core_module" time="0.786" /><testcase classname="tests.test_refactoring_regression.TestModuleImports" name="test_models_agency_module" time="0.136" /><testcase classname="tests.test_refactoring_regression.TestModuleImports" name="test_auth_service_module" time="0.175" /><testcase classname="tests.test_refactoring_regression.TestAdditionalEndpoints" name="test_cve_dashboard_trends" time="0.542" /><testcase classname="tests.test_refactoring_regression.TestAdditionalEndpoints" name="test_rights_compliance" time="0.135" /><testcase classname="tests.test_refactoring_regression.TestAdditionalEndpoints" name="test_licensing_comprehensive" time="0.195" /></testsuite></testsuites>