<?xml version="1.0" encoding="utf-8"?><testsuites name="pytest tests"><testsuite name="pytest" errors="0" failures="4" skipped="0" tests="22" time="25.695" timestamp="2026-02-27T17:13:46.575730+00:00" hostname="agent-env-31cb99bc-27c6-4ca6-9027-c11ce9d89327"><testcase classname="tests.test_refactoring_regression.TestHealthEndpoint" name="test_health_returns_200" time="19.414" /><testcase classname="tests.test_refactoring_regression.TestHealthEndpoint" name="test_health_returns_119_platforms" time="0.275" /><testcase classname="tests.test_refactoring_regression.TestHealthEndpoint" name="test_health_services_operational" time="0.129" /><testcase classname="tests.test_refactoring_regression.TestAuthentication" name="test_login_success" time="0.455" /><testcase classname="tests.test_refactoring_regression.TestAuthentication" name="test_login_invalid_credentials" time="0.256" /><testcase classname="tests.test_refactoring_regression.TestAuthentication" name="test_protected_route_without_token" time="0.141"><failure message="assert 200 in [401, 403]&#10; +  where 200 = &lt;Response [200]&gt;.status_code">tests/test_refactoring_regression.py:83: in test_protected_route_without_token
    assert response.status_code in [401, 403]
E   assert 200 in [401, 403]
E    +  where 200 = &lt;Response [200]&gt;.status_code</failure></testcase><testcase classname="tests.test_refactoring_regression.TestProtectedEndpoints" name="test_cve_dashboard" time="0.539" /><testcase classname="tests.test_refactoring_regression.TestProtectedEndpoints" name="test_cve_reporting_summary" time="0.189" /><testcase classname="tests.test_refactoring_regression.TestProtectedEndpoints" name="test_sla_dashboard" time="0.125" /><testcase classname="tests.test_refactoring_regression.TestProtectedEndpoints" name="test_iac_overview" time="0.788" /><testcase classname="tests.test_refactoring_regression.TestUnprotectedEndpoints" name="test_agency_status" time="0.157" /><testcase classname="tests.test_refactoring_regression.TestUnprotectedEndpoints" name="test_distribution_platforms" time="0.148" /><testcase classname="tests.test_refactoring_regression.TestUnprotectedEndpoints" name="test_licensing_health" time="0.197" /><testcase classname="tests.test_refactoring_regression.TestModuleImports" name="test_config_database_module" time="0.153" /><testcase classname="tests.test_refactoring_regression.TestModuleImports" name="test_config_platforms_module" time="0.127" /><testcase classname="tests.test_refactoring_regression.TestModuleImports" name="test_config_settings_module" time="0.418" /><testcase classname="tests.test_refactoring_regression.TestModuleImports" name="test_models_core_module" time="0.773" /><testcase classname="tests.test_refactoring_regression.TestModuleImports" name="test_models_agency_module" time="0.152" /><testcase classname="tests.test_refactoring_regression.TestModuleImports" name="test_auth_service_module" time="0.185" /><testcase classname="tests.test_refactoring_regression.TestAdditionalEndpoints" name="test_cve_list" time="0.528"><failure message="assert 404 == 200&#10; +  where 404 = &lt;Response [404]&gt;.status_code">tests/test_refactoring_regression.py:295: in test_cve_list
    assert response.status_code == 200
E   assert 404 == 200
E    +  where 404 = &lt;Response [404]&gt;.status_code</failure></testcase><testcase classname="tests.test_refactoring_regression.TestAdditionalEndpoints" name="test_governance_dashboard" time="0.163"><failure message="assert 404 == 200&#10; +  where 404 = &lt;Response [404]&gt;.status_code">tests/test_refactoring_regression.py:306: in test_governance_dashboard
    assert response.status_code == 200
E   assert 404 == 200
E    +  where 404 = &lt;Response [404]&gt;.status_code</failure></testcase><testcase classname="tests.test_refactoring_regression.TestAdditionalEndpoints" name="test_scanner_status" time="0.160"><failure message="assert 404 == 200&#10; +  where 404 = &lt;Response [404]&gt;.status_code">tests/test_refactoring_regression.py:314: in test_scanner_status
    assert response.status_code == 200
E   assert 404 == 200
E    +  where 404 = &lt;Response [404]&gt;.status_code</failure></testcase></testsuite></testsuites>