<?xml version="1.0" encoding="utf-8"?><testsuites name="pytest tests"><testsuite name="pytest" errors="0" failures="0" skipped="0" tests="11" time="20.282" timestamp="2026-04-09T17:27:02.705176+00:00" hostname="agent-env-dd101f5f-60ba-4c70-bbc2-ddf2150bb7c2"><testcase classname="tests.test_revenue_export.TestRevenueExportAuth" name="test_export_without_auth_returns_401_or_403" time="17.176" /><testcase classname="tests.test_revenue_export.TestRevenueExportBasic" name="test_export_returns_200_with_csv_content_type" time="0.571" /><testcase classname="tests.test_revenue_export.TestRevenueExportBasic" name="test_export_has_content_disposition_header" time="0.152" /><testcase classname="tests.test_revenue_export.TestRevenueExportBasic" name="test_export_csv_has_correct_header_row" time="0.179" /><testcase classname="tests.test_revenue_export.TestRevenueExportBasic" name="test_export_csv_has_data_rows" time="0.147" /><testcase classname="tests.test_revenue_export.TestRevenueExportFilters" name="test_export_filter_by_platform_id" time="0.515" /><testcase classname="tests.test_revenue_export.TestRevenueExportFilters" name="test_export_filter_by_source" time="0.140" /><testcase classname="tests.test_revenue_export.TestRevenueExportFilters" name="test_export_filter_by_platform_and_source" time="0.157" /><testcase classname="tests.test_revenue_export.TestRevenueExportFilters" name="test_export_filter_by_date_range" time="0.151" /><testcase classname="tests.test_revenue_export.TestRevenueExportDataIntegrity" name="test_export_matches_transactions_count" time="0.665" /><testcase classname="tests.test_revenue_export.TestRevenueExportDataIntegrity" name="test_export_filtered_matches_transactions_filtered" time="0.314" /></testsuite></testsuites>