<?xml version="1.0" encoding="utf-8"?><testsuites name="pytest tests"><testsuite name="pytest" errors="0" failures="0" skipped="0" tests="18" time="21.876" timestamp="2026-04-09T16:55:39.345294+00:00" hostname="agent-env-5d326a29-42f6-4b51-bc88-3818f2fb008d"><testcase classname="tests.test_revenue_tracking.TestRevenueTrackingAuth" name="test_overview_requires_auth" time="17.512" /><testcase classname="tests.test_revenue_tracking.TestRevenueTrackingAuth" name="test_transactions_requires_auth" time="0.238" /><testcase classname="tests.test_revenue_tracking.TestRevenueTrackingAuth" name="test_record_requires_auth" time="0.179" /><testcase classname="tests.test_revenue_tracking.TestRevenueTrackingAuth" name="test_platform_detail_requires_auth" time="0.161" /><testcase classname="tests.test_revenue_tracking.TestRevenueOverview" name="test_overview_returns_data" time="0.521" /><testcase classname="tests.test_revenue_tracking.TestRevenueOverview" name="test_overview_platform_structure" time="0.186" /><testcase classname="tests.test_revenue_tracking.TestRevenueOverview" name="test_overview_monthly_trend_structure" time="0.154" /><testcase classname="tests.test_revenue_tracking.TestRevenueTransactions" name="test_transactions_returns_list" time="0.136" /><testcase classname="tests.test_revenue_tracking.TestRevenueTransactions" name="test_transactions_filter_by_platform" time="0.141" /><testcase classname="tests.test_revenue_tracking.TestRevenueTransactions" name="test_transactions_filter_by_source" time="0.142" /><testcase classname="tests.test_revenue_tracking.TestRevenueTransactions" name="test_transactions_pagination" time="0.140" /><testcase classname="tests.test_revenue_tracking.TestRecordRevenue" name="test_record_revenue_success" time="0.148" /><testcase classname="tests.test_revenue_tracking.TestRecordRevenue" name="test_record_revenue_appears_in_transactions" time="0.280" /><testcase classname="tests.test_revenue_tracking.TestRecordRevenue" name="test_record_revenue_updates_overview" time="0.434" /><testcase classname="tests.test_revenue_tracking.TestPlatformDetail" name="test_platform_detail_returns_data" time="0.345" /><testcase classname="tests.test_revenue_tracking.TestPlatformDetail" name="test_platform_detail_recent_transactions" time="0.320" /><testcase classname="tests.test_revenue_tracking.TestRevenueDataIntegrity" name="test_overview_totals_match_transactions" time="0.306" /><testcase classname="tests.test_revenue_tracking.TestRevenueDataIntegrity" name="test_no_mongodb_id_in_responses" time="0.286" /></testsuite></testsuites>