<?xml version="1.0" encoding="utf-8"?><testsuites name="pytest tests"><testsuite name="pytest" errors="0" failures="0" skipped="0" tests="13" time="15.036" timestamp="2026-03-01T03:16:52.697899+00:00" hostname="agent-env-6210d801-f6a4-4f64-b0e1-77bc844f2d28"><testcase classname="tests.test_route53_integration.TestRoute53Integration" name="test_route53_zone_info" time="8.047" /><testcase classname="tests.test_route53_integration.TestRoute53Integration" name="test_route53_list_records" time="0.377" /><testcase classname="tests.test_route53_integration.TestRoute53Integration" name="test_domain_status_includes_route53" time="0.977" /><testcase classname="tests.test_route53_integration.TestRoute53Integration" name="test_route53_upsert_record_requires_auth" time="0.148" /><testcase classname="tests.test_route53_integration.TestRoute53Integration" name="test_route53_upsert_record_with_auth" time="0.594" /><testcase classname="tests.test_route53_integration.TestRoute53Integration" name="test_route53_upsert_record_validation" time="0.538" /><testcase classname="tests.test_route53_integration.TestRoute53Integration" name="test_route53_delete_record_requires_auth" time="0.131" /><testcase classname="tests.test_route53_integration.TestRoute53Integration" name="test_route53_delete_record_with_auth" time="0.862" /><testcase classname="tests.test_route53_integration.TestRoute53Integration" name="test_route53_auto_configure_requires_auth" time="0.130" /><testcase classname="tests.test_route53_integration.TestRoute53Integration" name="test_route53_auto_configure_with_auth" time="2.184" /><testcase classname="tests.test_route53_integration.TestRoute53Integration" name="test_verify_auto_configured_records" time="0.315" /><testcase classname="tests.test_route53_integration.TestRoute53EdgeCases" name="test_route53_zone_unavailable_handling" time="0.293" /><testcase classname="tests.test_route53_integration.TestRoute53EdgeCases" name="test_route53_records_unavailable_handling" time="0.285" /></testsuite></testsuites>