<?xml version="1.0" encoding="utf-8"?><testsuites name="pytest tests"><testsuite name="pytest" errors="0" failures="0" skipped="1" tests="13" time="25.031" timestamp="2026-03-16T18:14:53.876998+00:00" hostname="agent-env-ae2db6fd-6ddc-470d-aa70-21c86f55986b"><testcase classname="tests.test_scheduled_posts.TestScheduledPostsAPI" name="test_create_scheduled_post_success" time="17.716" /><testcase classname="tests.test_scheduled_posts.TestScheduledPostsAPI" name="test_create_scheduled_post_reject_past_time" time="0.533" /><testcase classname="tests.test_scheduled_posts.TestScheduledPostsAPI" name="test_create_scheduled_post_reject_invalid_time_format" time="0.452" /><testcase classname="tests.test_scheduled_posts.TestScheduledPostsAPI" name="test_create_scheduled_post_multiple_platforms" time="0.575" /><testcase classname="tests.test_scheduled_posts.TestScheduledPostsAPI" name="test_list_scheduled_posts_success" time="0.528" /><testcase classname="tests.test_scheduled_posts.TestScheduledPostsAPI" name="test_list_scheduled_posts_filter_by_status" time="0.660" /><testcase classname="tests.test_scheduled_posts.TestScheduledPostsAPI" name="test_list_scheduled_posts_with_limit" time="0.498" /><testcase classname="tests.test_scheduled_posts.TestScheduledPostsAPI" name="test_update_scheduled_post_success" time="0.679" /><testcase classname="tests.test_scheduled_posts.TestScheduledPostsAPI" name="test_update_scheduled_post_reject_non_pending" time="0.435"><skipped type="pytest.skip" message="No non-pending posts available to test this case">/app/backend/tests/test_scheduled_posts.py:281: No non-pending posts available to test this case</skipped></testcase><testcase classname="tests.test_scheduled_posts.TestScheduledPostsAPI" name="test_update_scheduled_post_not_found" time="0.450" /><testcase classname="tests.test_scheduled_posts.TestScheduledPostsAPI" name="test_delete_scheduled_post_success" time="1.476" /><testcase classname="tests.test_scheduled_posts.TestScheduledPostsAPI" name="test_delete_scheduled_post_not_found" time="0.481" /><testcase classname="tests.test_scheduled_posts.TestScheduledPostsAPI" name="test_create_scheduled_post_requires_auth" time="0.425" /></testsuite></testsuites>