<?xml version="1.0" encoding="utf-8"?><testsuites name="pytest tests"><testsuite name="pytest" errors="0" failures="0" skipped="0" tests="21" time="20.394" timestamp="2026-03-09T17:29:57.395553+00:00" hostname="agent-env-e5b344cf-a269-432e-99ea-d7f901f26cc7"><testcase classname="tests.test_server_refactoring_regression.TestRefactoringRegression" name="test_health_endpoint" time="14.202" /><testcase classname="tests.test_server_refactoring_regression.TestRefactoringRegression" name="test_root_endpoint" time="0.252" /><testcase classname="tests.test_server_refactoring_regression.TestRefactoringRegression" name="test_auth_login_owner" time="0.423" /><testcase classname="tests.test_server_refactoring_regression.TestRefactoringRegression" name="test_auth_login_admin" time="0.367" /><testcase classname="tests.test_server_refactoring_regression.TestRefactoringRegression" name="test_auth_login_invalid" time="0.136" /><testcase classname="tests.test_server_refactoring_regression.TestRefactoringRegression" name="test_auth_me_endpoint" time="0.435" /><testcase classname="tests.test_server_refactoring_regression.TestRefactoringRegression" name="test_user_content_list" time="0.489" /><testcase classname="tests.test_server_refactoring_regression.TestRefactoringRegression" name="test_user_content_unauthorized" time="0.137" /><testcase classname="tests.test_server_refactoring_regression.TestRefactoringRegression" name="test_comments_list" time="0.163" /><testcase classname="tests.test_server_refactoring_regression.TestRefactoringRegression" name="test_comments_invalid_id" time="0.153" /><testcase classname="tests.test_server_refactoring_regression.TestRefactoringRegression" name="test_analytics_overview" time="0.468" /><testcase classname="tests.test_server_refactoring_regression.TestRefactoringRegression" name="test_analytics_content_performance" time="0.457" /><testcase classname="tests.test_server_refactoring_regression.TestRefactoringRegression" name="test_notifications_unread_count" time="0.442" /><testcase classname="tests.test_server_refactoring_regression.TestRefactoringRegression" name="test_notifications_list" time="0.444" /><testcase classname="tests.test_server_refactoring_regression.TestRefactoringRegression" name="test_messages_conversations" time="0.474" /><testcase classname="tests.test_server_refactoring_regression.TestRefactoringRegression" name="test_messages_unread_count" time="0.430" /><testcase classname="tests.test_server_refactoring_regression.TestRefactoringRegression" name="test_stripe_webhook_missing_signature" time="0.182" /><testcase classname="tests.test_server_refactoring_regression.TestRefactoringRegression" name="test_response_headers" time="0.131" /><testcase classname="tests.test_server_refactoring_regression.TestRefactoringRegression" name="test_api_health_route" time="0.169" /><testcase classname="tests.test_server_refactoring_regression.TestWebSocketEndpoints" name="test_ws_sla_endpoint_exists" time="0.134" /><testcase classname="tests.test_server_refactoring_regression.TestWebSocketEndpoints" name="test_ws_notifications_endpoint_exists" time="0.142" /></testsuite></testsuites>