<?xml version="1.0" encoding="utf-8"?><testsuites name="pytest tests"><testsuite name="pytest" errors="0" failures="0" skipped="0" tests="28" time="26.772" timestamp="2026-02-15T18:00:57.482049+00:00" hostname="agent-env-91ec0af5-11e2-4ce8-acb7-121859803562"><testcase classname="tests.test_sla_tracker_phase2.TestPhase1SLADashboard" name="test_dashboard_returns_200" time="18.782" /><testcase classname="tests.test_sla_tracker_phase2.TestPhase1SLADashboard" name="test_dashboard_severity_stats" time="0.176" /><testcase classname="tests.test_sla_tracker_phase2.TestPhase1AtRisk" name="test_at_risk_returns_200" time="0.170" /><testcase classname="tests.test_sla_tracker_phase2.TestPhase1EscalationRules" name="test_get_escalation_rules" time="0.187" /><testcase classname="tests.test_sla_tracker_phase2.TestPhase1EscalationRules" name="test_update_escalation_rules" time="0.295" /><testcase classname="tests.test_sla_tracker_phase2.TestPhase1EscalationLog" name="test_escalation_log_returns_200" time="0.143" /><testcase classname="tests.test_sla_tracker_phase2.TestPhase1History" name="test_history_returns_200" time="0.190" /><testcase classname="tests.test_sla_tracker_phase2.TestPhase1Snapshot" name="test_snapshot_returns_200" time="0.154" /><testcase classname="tests.test_sla_tracker_phase2.TestPhase2AutoEscalationConfig" name="test_get_auto_escalation_config_returns_200" time="0.166" /><testcase classname="tests.test_sla_tracker_phase2.TestPhase2AutoEscalationConfig" name="test_get_auto_escalation_config_structure" time="0.142" /><testcase classname="tests.test_sla_tracker_phase2.TestPhase2AutoEscalationConfig" name="test_update_auto_escalation_config" time="0.454" /><testcase classname="tests.test_sla_tracker_phase2.TestPhase2AutoEscalationConfig" name="test_update_config_add_remove_recipients" time="0.796" /><testcase classname="tests.test_sla_tracker_phase2.TestPhase2NotificationPreferences" name="test_get_notification_preferences_returns_200" time="0.176" /><testcase classname="tests.test_sla_tracker_phase2.TestPhase2NotificationPreferences" name="test_get_notification_preferences_structure" time="0.245" /><testcase classname="tests.test_sla_tracker_phase2.TestPhase2NotificationPreferences" name="test_update_notification_preferences" time="0.422" /><testcase classname="tests.test_sla_tracker_phase2.TestPhase2EscalationStats" name="test_escalation_stats_returns_200" time="0.139" /><testcase classname="tests.test_sla_tracker_phase2.TestPhase2EscalationStats" name="test_escalation_stats_structure" time="0.153" /><testcase classname="tests.test_sla_tracker_phase2.TestPhase2EscalationWorkflowActions" name="test_acknowledge_nonexistent_escalation" time="0.144" /><testcase classname="tests.test_sla_tracker_phase2.TestPhase2EscalationWorkflowActions" name="test_assign_nonexistent_escalation" time="0.152" /><testcase classname="tests.test_sla_tracker_phase2.TestPhase2EscalationWorkflowActions" name="test_resolve_nonexistent_escalation" time="0.138" /><testcase classname="tests.test_sla_tracker_phase2.TestPhase2EscalationWorkflowActions" name="test_workflow_action_endpoints_accept_body" time="0.424" /><testcase classname="tests.test_sla_tracker_phase2.TestPhase2SLADigest" name="test_send_digest_returns_200" time="0.498" /><testcase classname="tests.test_sla_tracker_phase2.TestPhase2SLADigest" name="test_send_digest_response_structure" time="0.437" /><testcase classname="tests.test_sla_tracker_phase2.TestPhase2EnhancedRunEscalations" name="test_run_escalations_returns_200" time="0.135" /><testcase classname="tests.test_sla_tracker_phase2.TestPhase2EnhancedRunEscalations" name="test_run_escalations_enhanced_response" time="0.242" /><testcase classname="tests.test_sla_tracker_phase2.TestPhase2Integration" name="test_full_sla_data_flow" time="0.500" /><testcase classname="tests.test_sla_tracker_phase2.TestPhase2Integration" name="test_config_and_digest_integration" time="0.639" /><testcase classname="tests.test_sla_tracker_phase2.TestPhase2Integration" name="test_notification_prefs_and_escalation_config_independent" time="0.336" /></testsuite></testsuites>