<?xml version="1.0" encoding="utf-8"?><testsuites name="pytest tests"><testsuite name="pytest" errors="0" failures="0" skipped="0" tests="22" time="26.831" timestamp="2026-02-15T17:08:53.019742+00:00" hostname="agent-env-d361cce8-0c2b-4ea7-abc9-dd7a1f2e5007"><testcase classname="tests.test_sla_tracker.TestSLADashboard" name="test_dashboard_returns_200" time="23.269" /><testcase classname="tests.test_sla_tracker.TestSLADashboard" name="test_dashboard_structure" time="0.179" /><testcase classname="tests.test_sla_tracker.TestSLADashboard" name="test_dashboard_severity_stats_structure" time="0.136" /><testcase classname="tests.test_sla_tracker.TestAtRiskCVEs" name="test_at_risk_returns_200" time="0.133" /><testcase classname="tests.test_sla_tracker.TestAtRiskCVEs" name="test_at_risk_with_limit" time="0.147" /><testcase classname="tests.test_sla_tracker.TestAtRiskCVEs" name="test_at_risk_item_structure" time="0.156" /><testcase classname="tests.test_sla_tracker.TestEscalationRules" name="test_get_escalation_rules_returns_200" time="0.300" /><testcase classname="tests.test_sla_tracker.TestEscalationRules" name="test_default_escalation_rules" time="0.134" /><testcase classname="tests.test_sla_tracker.TestEscalationRules" name="test_escalation_rule_structure" time="0.181" /><testcase classname="tests.test_sla_tracker.TestEscalationRules" name="test_update_escalation_rules" time="0.292" /><testcase classname="tests.test_sla_tracker.TestRunEscalations" name="test_run_escalations_returns_200" time="0.150" /><testcase classname="tests.test_sla_tracker.TestRunEscalations" name="test_run_escalations_response_structure" time="0.194" /><testcase classname="tests.test_sla_tracker.TestEscalationLog" name="test_escalation_log_returns_200" time="0.142" /><testcase classname="tests.test_sla_tracker.TestEscalationLog" name="test_escalation_log_structure" time="0.135" /><testcase classname="tests.test_sla_tracker.TestSLAHistory" name="test_history_returns_200" time="0.131" /><testcase classname="tests.test_sla_tracker.TestSLAHistory" name="test_history_with_days_parameter" time="0.124" /><testcase classname="tests.test_sla_tracker.TestSLAHistory" name="test_history_entry_structure" time="0.143" /><testcase classname="tests.test_sla_tracker.TestSLASnapshot" name="test_snapshot_returns_200" time="0.139" /><testcase classname="tests.test_sla_tracker.TestSLASnapshot" name="test_snapshot_response_structure" time="0.157" /><testcase classname="tests.test_sla_tracker.TestEdgeCases" name="test_at_risk_limit_validation" time="0.145" /><testcase classname="tests.test_sla_tracker.TestEdgeCases" name="test_history_days_validation" time="0.144" /><testcase classname="tests.test_sla_tracker.TestEdgeCases" name="test_escalation_rules_invalid_json" time="0.127" /></testsuite></testsuites>