<?xml version="1.0" encoding="utf-8"?><testsuites name="pytest tests"><testsuite name="pytest" errors="0" failures="0" skipped="0" tests="13" time="24.201" timestamp="2026-02-28T01:01:09.373851+00:00" hostname="agent-env-5db13896-b014-49e8-9e77-29fbb6f2ffb7"><testcase classname="tests.test_sla_dashboard.TestSLADashboard" name="test_get_sla_dashboard" time="21.765" /><testcase classname="tests.test_sla_dashboard.TestSLAMetrics" name="test_get_sla_metrics" time="0.161" /><testcase classname="tests.test_sla_dashboard.TestTeamPerformance" name="test_get_team_performance" time="0.138" /><testcase classname="tests.test_sla_dashboard.TestSLAPolicies" name="test_get_sla_policies" time="0.153" /><testcase classname="tests.test_sla_dashboard.TestSLAPolicies" name="test_update_sla_policies" time="0.429" /><testcase classname="tests.test_sla_dashboard.TestBreachTimeline" name="test_get_breach_timeline_default" time="0.136" /><testcase classname="tests.test_sla_dashboard.TestBreachTimeline" name="test_get_breach_timeline_custom_days" time="0.131" /><testcase classname="tests.test_sla_dashboard.TestAtRiskCVEs" name="test_get_at_risk_cves" time="0.189" /><testcase classname="tests.test_sla_dashboard.TestEscalationRules" name="test_get_escalation_rules" time="0.142" /><testcase classname="tests.test_sla_dashboard.TestEscalationStats" name="test_get_escalation_stats" time="0.161" /><testcase classname="tests.test_sla_dashboard.TestSLAHistory" name="test_get_sla_history_default" time="0.145" /><testcase classname="tests.test_sla_dashboard.TestDataIntegrity" name="test_dashboard_matches_at_risk_totals" time="0.295" /><testcase classname="tests.test_sla_dashboard.TestDataIntegrity" name="test_team_performance_totals_make_sense" time="0.156" /></testsuite></testsuites>