<?xml version="1.0" encoding="utf-8"?><testsuites name="pytest tests"><testsuite name="pytest" errors="0" failures="0" skipped="0" tests="13" time="22.107" timestamp="2026-03-09T21:14:06.339727+00:00" hostname="agent-env-9780a8df-3834-4047-8aaa-bd3877dfa471"><testcase classname="tests.test_social_metrics_analytics.TestDashboardMetrics" name="test_dashboard_metrics_returns_aggregate_data" time="18.336" /><testcase classname="tests.test_social_metrics_analytics.TestDashboardMetrics" name="test_dashboard_metrics_has_platforms_array" time="0.169" /><testcase classname="tests.test_social_metrics_analytics.TestDashboardMetrics" name="test_dashboard_metrics_without_auth_returns_401" time="0.147" /><testcase classname="tests.test_social_metrics_analytics.TestPlatformMetrics" name="test_platform_metrics_returns_categories_breakdown" time="0.525" /><testcase classname="tests.test_social_metrics_analytics.TestPlatformMetrics" name="test_platform_metrics_returns_per_platform_data" time="0.155" /><testcase classname="tests.test_social_metrics_analytics.TestPlatformMetrics" name="test_platform_metrics_has_growth_indicators" time="0.170" /><testcase classname="tests.test_social_metrics_analytics.TestPlatformMetrics" name="test_platform_metrics_without_auth_returns_401" time="0.177" /><testcase classname="tests.test_social_metrics_analytics.TestMetricsRefresh" name="test_refresh_metrics_returns_success" time="0.641" /><testcase classname="tests.test_social_metrics_analytics.TestMetricsRefresh" name="test_refresh_metrics_updates_all_connected" time="0.456" /><testcase classname="tests.test_social_metrics_analytics.TestMetricsRefresh" name="test_refresh_metrics_without_auth_returns_401" time="0.129" /><testcase classname="tests.test_social_metrics_analytics.TestMetricsDataIntegrity" name="test_metrics_are_deterministic" time="0.688" /><testcase classname="tests.test_social_metrics_analytics.TestMetricsDataIntegrity" name="test_category_counts_match_platform_counts" time="0.163" /><testcase classname="tests.test_social_metrics_analytics.TestMetricsDataIntegrity" name="test_all_16_categories_present" time="0.208" /></testsuite></testsuites>