<?xml version="1.0" encoding="utf-8"?><testsuites name="pytest tests"><testsuite name="pytest" errors="0" failures="0" skipped="0" tests="17" time="6.394" timestamp="2026-03-09T20:47:28.438326+00:00" hostname="agent-env-eedc7cba-48b4-4efa-93a9-ee261eca6f95"><testcase classname="tests.test_social_connections.TestSocialPlatforms" name="test_get_all_platforms" time="0.189" /><testcase classname="tests.test_social_connections.TestSocialPlatforms" name="test_platforms_have_required_fields" time="0.163" /><testcase classname="tests.test_social_connections.TestAuthenticatedEndpoints" name="test_connections_without_auth_returns_401" time="0.151" /><testcase classname="tests.test_social_connections.TestAuthenticatedEndpoints" name="test_get_connections_with_auth" time="0.539" /><testcase classname="tests.test_social_connections.TestAuthenticatedEndpoints" name="test_dashboard_metrics_with_auth" time="0.132" /><testcase classname="tests.test_social_connections.TestAuthenticatedEndpoints" name="test_dashboard_metrics_without_auth_returns_401" time="0.129" /><testcase classname="tests.test_social_connections.TestCredentialsCRUD" name="test_save_credentials_for_instagram" time="0.545" /><testcase classname="tests.test_social_connections.TestCredentialsCRUD" name="test_get_credentials_returns_masked" time="0.316" /><testcase classname="tests.test_social_connections.TestCredentialsCRUD" name="test_save_credentials_invalid_platform_returns_404" time="0.132" /><testcase classname="tests.test_social_connections.TestCredentialsCRUD" name="test_get_credentials_nonexistent_returns_404" time="0.121" /><testcase classname="tests.test_social_connections.TestCredentialsCRUD" name="test_delete_credentials_removes_connection" time="0.444" /><testcase classname="tests.test_social_connections.TestCredentialsCRUD" name="test_disconnect_alias_endpoint" time="0.249" /><testcase classname="tests.test_social_connections.TestBulkConnect" name="test_bulk_connect_multiple_platforms" time="0.627" /><testcase classname="tests.test_social_connections.TestPosts" name="test_create_post_requires_connected_platform" time="0.657" /><testcase classname="tests.test_social_connections.TestPosts" name="test_create_post_success_when_connected" time="0.278" /><testcase classname="tests.test_social_connections.TestPosts" name="test_list_posts" time="0.131" /><testcase classname="tests.test_social_connections.TestCleanup" name="test_cleanup_test_connections" time="1.476" /></testsuite></testsuites>