<?xml version="1.0" encoding="utf-8"?><testsuites name="pytest tests"><testsuite name="pytest" errors="0" failures="0" skipped="0" tests="19" time="24.996" timestamp="2026-02-27T23:15:07.198230+00:00" hostname="agent-env-fb03636e-dffc-45c7-9985-4ea5a6ec0ece"><testcase classname="tests.test_tenant_data_migration.TestMigrationAnalysis" name="test_migration_analysis_returns_200" time="21.797" /><testcase classname="tests.test_tenant_data_migration.TestMigrationAnalysis" name="test_migration_analysis_has_required_fields" time="0.267" /><testcase classname="tests.test_tenant_data_migration.TestMigrationAnalysis" name="test_migration_analysis_collections_count" time="0.177" /><testcase classname="tests.test_tenant_data_migration.TestMigrationAnalysis" name="test_migration_analysis_expected_collections" time="0.166" /><testcase classname="tests.test_tenant_data_migration.TestMigrationAnalysis" name="test_migration_analysis_collection_structure" time="0.258" /><testcase classname="tests.test_tenant_data_migration.TestMigrationAnalysis" name="test_migration_complete_no_legacy_docs" time="0.160" /><testcase classname="tests.test_tenant_data_migration.TestMigrationAnalysis" name="test_available_tenants_structure" time="0.170" /><testcase classname="tests.test_tenant_data_migration.TestMigrateData" name="test_migrate_invalid_tenant_returns_400" time="0.138" /><testcase classname="tests.test_tenant_data_migration.TestMigrateData" name="test_migrate_valid_tenant_returns_success" time="0.198" /><testcase classname="tests.test_tenant_data_migration.TestMigrateData" name="test_migrate_returns_collection_breakdown" time="0.170" /><testcase classname="tests.test_tenant_data_migration.TestCVEDashboardAfterMigration" name="test_dashboard_returns_correct_total_cves" time="0.164" /><testcase classname="tests.test_tenant_data_migration.TestCVEDashboardAfterMigration" name="test_dashboard_has_severity_breakdown" time="0.156" /><testcase classname="tests.test_tenant_data_migration.TestCVEEntriesAfterMigration" name="test_cve_entries_returns_all_23_cves" time="0.137" /><testcase classname="tests.test_tenant_data_migration.TestCVEEntriesAfterMigration" name="test_cve_entries_have_tenant_id" time="0.146" /><testcase classname="tests.test_tenant_data_migration.TestCVEEntriesAfterMigration" name="test_cve_entries_have_default_tenant" time="0.168" /><testcase classname="tests.test_tenant_data_migration.TestTicketsAfterMigration" name="test_tickets_endpoint_returns_200" time="0.136" /><testcase classname="tests.test_tenant_data_migration.TestTicketsAfterMigration" name="test_tickets_have_required_fields" time="0.141" /><testcase classname="tests.test_tenant_data_migration.TestTicketsAfterMigration" name="test_tickets_have_tenant_id" time="0.137" /><testcase classname="tests.test_tenant_data_migration.TestTenantFilterSimplification" name="test_dashboard_respects_tenant_filter" time="0.159" /></testsuite></testsuites>