<?xml version="1.0" encoding="utf-8"?><testsuites name="pytest tests"><testsuite name="pytest" errors="0" failures="2" skipped="0" tests="19" time="18.256" timestamp="2026-02-27T21:51:28.359910+00:00" hostname="agent-env-f8cc3080-0208-4ca9-ad93-e585708f644a"><testcase classname="tests.test_tenant_ticketing_notifications.TestAuthAndTenantContext" name="test_login_returns_tenant_info" time="11.410" /><testcase classname="tests.test_tenant_ticketing_notifications.TestCVEDashboardTenantScoping" name="test_dashboard_without_auth_returns_all_data" time="0.169" /><testcase classname="tests.test_tenant_ticketing_notifications.TestCVEDashboardTenantScoping" name="test_dashboard_with_auth_returns_tenant_scoped_data" time="0.551" /><testcase classname="tests.test_tenant_ticketing_notifications.TestCVEEntriesTenantScoping" name="test_list_cves_without_auth_returns_all" time="0.147" /><testcase classname="tests.test_tenant_ticketing_notifications.TestCVEEntriesTenantScoping" name="test_list_cves_with_auth_returns_tenant_scoped" time="0.497" /><testcase classname="tests.test_tenant_ticketing_notifications.TestCVEEntriesTenantScoping" name="test_create_cve_sets_tenant_id_from_user" time="0.518" /><testcase classname="tests.test_tenant_ticketing_notifications.TestTicketingIntegrationSimulationMode" name="test_get_ticketing_config" time="0.228" /><testcase classname="tests.test_tenant_ticketing_notifications.TestTicketingIntegrationSimulationMode" name="test_save_jira_config_simulation_mode" time="0.815" /><testcase classname="tests.test_tenant_ticketing_notifications.TestTicketingIntegrationSimulationMode" name="test_save_servicenow_config_simulation_mode" time="0.143" /><testcase classname="tests.test_tenant_ticketing_notifications.TestTicketingIntegrationSimulationMode" name="test_test_connection_simulation_mode" time="0.277" /><testcase classname="tests.test_tenant_ticketing_notifications.TestTicketingIntegrationSimulationMode" name="test_list_tickets_with_tenant_scoping" time="0.515" /><testcase classname="tests.test_tenant_ticketing_notifications.TestTicketingIntegrationSimulationMode" name="test_ticketing_stats_with_tenant_scoping" time="0.510" /><testcase classname="tests.test_tenant_ticketing_notifications.TestPerUserNotificationPreferences" name="test_get_default_notification_preferences" time="0.131"><failure message="AssertionError: assert 'muted_severities' in {'notify_on_breach': True, 'notify_on_escalation': True, 'notify_on_warning': True, 'per_severity': {'critical': {'email': True, 'in_app': True}, 'high': {'email': True, 'in_app': True}, 'low': {'email': False, 'in_app': True}, 'medium': {'email': False, 'in_app': True}}, ...}">tests/test_tenant_ticketing_notifications.py:213: in test_get_default_notification_preferences
    assert "muted_severities" in data
E   AssertionError: assert 'muted_severities' in {'notify_on_breach': True, 'notify_on_escalation': True, 'notify_on_warning': True, 'per_severity': {'critical': {'email': True, 'in_app': True}, 'high': {'email': True, 'in_app': True}, 'low': {'email': False, 'in_app': True}, 'medium': {'email': False, 'in_app': True}}, ...}</failure></testcase><testcase classname="tests.test_tenant_ticketing_notifications.TestPerUserNotificationPreferences" name="test_get_user_specific_notification_preferences" time="0.136"><failure message="AssertionError: assert 'muted_severities' in {'notify_on_breach': True, 'notify_on_escalation': True, 'notify_on_warning': True, 'per_severity': {'critical': {'email': True, 'in_app': True}, 'high': {'email': True, 'in_app': True}, 'low': {'email': False, 'in_app': True}, 'medium': {'email': False, 'in_app': True}}, ...}">tests/test_tenant_ticketing_notifications.py:225: in test_get_user_specific_notification_preferences
    assert "muted_severities" in data
E   AssertionError: assert 'muted_severities' in {'notify_on_breach': True, 'notify_on_escalation': True, 'notify_on_warning': True, 'per_severity': {'critical': {'email': True, 'in_app': True}, 'high': {'email': True, 'in_app': True}, 'low': {'email': False, 'in_app': True}, 'medium': {'email': False, 'in_app': True}}, ...}</failure></testcase><testcase classname="tests.test_tenant_ticketing_notifications.TestPerUserNotificationPreferences" name="test_update_user_notification_preferences" time="0.124" /><testcase classname="tests.test_tenant_ticketing_notifications.TestPerUserNotificationPreferences" name="test_check_should_notify_muted_severity" time="0.264" /><testcase classname="tests.test_tenant_ticketing_notifications.TestPerUserNotificationPreferences" name="test_check_should_notify_normal_severity" time="0.158" /><testcase classname="tests.test_tenant_ticketing_notifications.TestTicketCreationSimulationMode" name="test_create_ticket_simulation" time="0.900" /><testcase classname="tests.test_tenant_ticketing_notifications.TestBackwardCompatibility" name="test_cve_list_includes_legacy_data" time="0.493" /></testsuite></testsuites>