<?xml version="1.0" encoding="utf-8"?><testsuites name="pytest tests"><testsuite name="pytest" errors="0" failures="0" skipped="0" tests="15" time="21.809" timestamp="2026-02-19T00:52:48.877090+00:00" hostname="agent-env-8936b67a-6b16-4dd5-928a-b9b6fecdcdbf"><testcase classname="tests.test_terraform_modules_endpoint.TestTerraformModulesEndpoint" name="test_terraform_modules_endpoint_returns_200" time="14.370" /><testcase classname="tests.test_terraform_modules_endpoint.TestTerraformModulesEndpoint" name="test_terraform_modules_count_is_11" time="0.170" /><testcase classname="tests.test_terraform_modules_endpoint.TestTerraformModulesEndpoint" name="test_terraform_total_resources_is_30" time="0.177" /><testcase classname="tests.test_terraform_modules_endpoint.TestTerraformModulesEndpoint" name="test_terraform_environments_count_is_2" time="0.221" /><testcase classname="tests.test_terraform_modules_endpoint.TestTerraformModulesEndpoint" name="test_all_11_modules_present" time="0.154" /><testcase classname="tests.test_terraform_modules_endpoint.TestTerraformModulesEndpoint" name="test_module_has_required_fields" time="0.174" /><testcase classname="tests.test_terraform_modules_endpoint.TestTerraformModulesEndpoint" name="test_cognito_module_structure" time="0.178" /><testcase classname="tests.test_terraform_modules_endpoint.TestTerraformModulesEndpoint" name="test_lambda_module_has_6_resources" time="0.156" /><testcase classname="tests.test_terraform_modules_endpoint.TestTerraformModulesEndpoint" name="test_dynamodb_module_has_4_resources" time="0.169" /><testcase classname="tests.test_terraform_modules_endpoint.TestTerraformModulesEndpoint" name="test_environment_prod_has_files" time="0.168" /><testcase classname="tests.test_terraform_modules_endpoint.TestTerraformModulesEndpoint" name="test_environment_staging_has_files" time="0.180" /><testcase classname="tests.test_terraform_modules_endpoint.TestExistingIACEndpoints" name="test_overview_endpoint" time="0.748" /><testcase classname="tests.test_terraform_modules_endpoint.TestExistingIACEndpoints" name="test_lambda_live_endpoint" time="2.858" /><testcase classname="tests.test_terraform_modules_endpoint.TestExistingIACEndpoints" name="test_github_runs_endpoint" time="1.538" /><testcase classname="tests.test_terraform_modules_endpoint.TestExistingIACEndpoints" name="test_terraform_state_endpoint" time="0.411" /></testsuite></testsuites>