<?xml version="1.0" encoding="utf-8"?><testsuites name="pytest tests"><testsuite name="pytest" errors="0" failures="0" skipped="3" tests="25" time="18.389" timestamp="2026-03-09T15:25:36.561439+00:00" hostname="agent-env-d0388ba0-8e86-4255-b072-93e582272cab"><testcase classname="tests.test_three_new_features.TestContentManagement" name="test_list_content_requires_auth" time="13.681" /><testcase classname="tests.test_three_new_features.TestContentManagement" name="test_list_content" time="0.581" /><testcase classname="tests.test_three_new_features.TestContentManagement" name="test_upload_content" time="0.174" /><testcase classname="tests.test_three_new_features.TestContentManagement" name="test_get_content_by_id" time="0.001"><skipped type="pytest.skip" message="Route conflict: media_routes catches /content/{id} before content_routes">/app/backend/tests/test_three_new_features.py:115: Route conflict: media_routes catches /content/{id} before content_routes</skipped></testcase><testcase classname="tests.test_three_new_features.TestContentManagement" name="test_update_content_metadata" time="0.000"><skipped type="pytest.skip" message="Route conflict: media_routes catches /content/{id} before content_routes">/app/backend/tests/test_three_new_features.py:133: Route conflict: media_routes catches /content/{id} before content_routes</skipped></testcase><testcase classname="tests.test_three_new_features.TestContentManagement" name="test_delete_content" time="0.000"><skipped type="pytest.skip" message="Route conflict: media_routes catches /content/{id} before content_routes">/app/backend/tests/test_three_new_features.py:163: Route conflict: media_routes catches /content/{id} before content_routes</skipped></testcase><testcase classname="tests.test_three_new_features.TestContentManagement" name="test_content_type_filter" time="0.160" /><testcase classname="tests.test_three_new_features.TestContentManagement" name="test_content_search" time="0.142" /><testcase classname="tests.test_three_new_features.TestDirectMessaging" name="test_conversations_requires_auth" time="0.121" /><testcase classname="tests.test_three_new_features.TestDirectMessaging" name="test_list_conversations" time="0.133" /><testcase classname="tests.test_three_new_features.TestDirectMessaging" name="test_send_message" time="0.133" /><testcase classname="tests.test_three_new_features.TestDirectMessaging" name="test_send_message_to_self_fails" time="0.148" /><testcase classname="tests.test_three_new_features.TestDirectMessaging" name="test_get_conversation_messages" time="0.169" /><testcase classname="tests.test_three_new_features.TestDirectMessaging" name="test_mark_messages_as_read" time="0.545" /><testcase classname="tests.test_three_new_features.TestDirectMessaging" name="test_delete_message" time="0.276" /><testcase classname="tests.test_three_new_features.TestDirectMessaging" name="test_delete_others_message_fails" time="0.286" /><testcase classname="tests.test_three_new_features.TestDirectMessaging" name="test_unread_count" time="0.133" /><testcase classname="tests.test_three_new_features.TestAnalyticsDashboard" name="test_overview_requires_auth" time="0.139" /><testcase classname="tests.test_three_new_features.TestAnalyticsDashboard" name="test_overview" time="0.152" /><testcase classname="tests.test_three_new_features.TestAnalyticsDashboard" name="test_content_performance" time="0.145" /><testcase classname="tests.test_three_new_features.TestAnalyticsDashboard" name="test_content_performance_sorting" time="0.137" /><testcase classname="tests.test_three_new_features.TestAnalyticsDashboard" name="test_audience_insights" time="0.159" /><testcase classname="tests.test_three_new_features.TestAnalyticsDashboard" name="test_revenue_insights" time="0.138" /><testcase classname="tests.test_three_new_features.TestAnalyticsDashboard" name="test_track_event" time="0.125" /><testcase classname="tests.test_three_new_features.TestCleanup" name="test_cleanup_test_content" time="0.532" /></testsuite></testsuites>