<?xml version="1.0" encoding="utf-8"?><testsuites name="pytest tests"><testsuite name="pytest" errors="0" failures="0" skipped="0" tests="12" time="3.367" timestamp="2026-02-28T00:36:05.591562+00:00" hostname="agent-env-e286ba95-6531-4041-8e63-a793d0d07098"><testcase classname="tests.test_ticketing_config.TestTicketingConfigAuth" name="test_get_providers_returns_jira_and_servicenow" time="0.180" /><testcase classname="tests.test_ticketing_config.TestTicketingConfigAuth" name="test_get_config_returns_masked_credentials" time="0.497" /><testcase classname="tests.test_ticketing_config.TestTicketingConfigAuth" name="test_put_config_requires_auth" time="0.151" /><testcase classname="tests.test_ticketing_config.TestTicketingConfigAuth" name="test_put_config_with_super_admin_succeeds" time="0.153" /><testcase classname="tests.test_ticketing_config.TestTicketingConfigAuth" name="test_put_config_preserves_token_on_masked_save" time="0.282" /><testcase classname="tests.test_ticketing_config.TestTicketingConfigAuth" name="test_test_connection_requires_auth" time="0.128" /><testcase classname="tests.test_ticketing_config.TestTicketingConfigAuth" name="test_test_connection_with_super_admin" time="0.483" /><testcase classname="tests.test_ticketing_config.TestTicketingConfigAuth" name="test_get_stats_returns_ticket_counts" time="0.169" /><testcase classname="tests.test_ticketing_config.TestTicketingConfigAuth" name="test_get_tickets_returns_list" time="0.160" /><testcase classname="tests.test_ticketing_config.TestTicketingConfigAuth" name="test_config_includes_tenant_id" time="0.140" /><testcase classname="tests.test_ticketing_config.TestTicketingConfigNonAdmin" name="test_analyst_cannot_save_config" time="0.121" /><testcase classname="tests.test_ticketing_config.TestTicketingDisconnect" name="test_disconnect_clears_provider" time="0.800" /></testsuite></testsuites>