<?xml version="1.0" encoding="utf-8"?><testsuites name="pytest tests"><testsuite name="pytest" errors="0" failures="0" skipped="0" tests="30" time="30.705" timestamp="2026-03-25T17:31:17.096620+00:00" hostname="agent-env-9a8d262e-7692-4883-afbb-9317b4946188"><testcase classname="tests.test_uln_phase_b_crud.TestAssetCRUD" name="test_create_asset_success" time="21.365" /><testcase classname="tests.test_uln_phase_b_crud.TestAssetCRUD" name="test_create_asset_requires_title" time="0.149" /><testcase classname="tests.test_uln_phase_b_crud.TestAssetCRUD" name="test_create_asset_invalid_label" time="0.151" /><testcase classname="tests.test_uln_phase_b_crud.TestAssetCRUD" name="test_get_catalog_shows_created_asset" time="0.343" /><testcase classname="tests.test_uln_phase_b_crud.TestAssetCRUD" name="test_catalog_is_seed_data_false" time="0.157" /><testcase classname="tests.test_uln_phase_b_crud.TestAssetCRUD" name="test_update_asset_success" time="0.195" /><testcase classname="tests.test_uln_phase_b_crud.TestAssetCRUD" name="test_update_asset_verify_persistence" time="0.314" /><testcase classname="tests.test_uln_phase_b_crud.TestAssetCRUD" name="test_update_nonexistent_asset" time="0.148" /><testcase classname="tests.test_uln_phase_b_crud.TestAssetCRUD" name="test_delete_asset_success" time="0.411" /><testcase classname="tests.test_uln_phase_b_crud.TestAssetCRUD" name="test_delete_nonexistent_asset" time="0.293" /><testcase classname="tests.test_uln_phase_b_crud.TestRightsCRUD" name="test_get_rights_no_rights_configured" time="0.633" /><testcase classname="tests.test_uln_phase_b_crud.TestRightsCRUD" name="test_upsert_rights_create" time="0.159" /><testcase classname="tests.test_uln_phase_b_crud.TestRightsCRUD" name="test_get_rights_after_create" time="0.134" /><testcase classname="tests.test_uln_phase_b_crud.TestRightsCRUD" name="test_upsert_rights_update" time="0.146" /><testcase classname="tests.test_uln_phase_b_crud.TestRightsCRUD" name="test_rights_for_nonexistent_asset" time="0.283" /><testcase classname="tests.test_uln_phase_b_crud.TestEndpointCRUD" name="test_create_endpoint_success" time="0.673" /><testcase classname="tests.test_uln_phase_b_crud.TestEndpointCRUD" name="test_create_endpoint_requires_platform" time="0.150" /><testcase classname="tests.test_uln_phase_b_crud.TestEndpointCRUD" name="test_create_endpoint_invalid_label" time="0.127" /><testcase classname="tests.test_uln_phase_b_crud.TestEndpointCRUD" name="test_get_distribution_shows_created_endpoint" time="0.296" /><testcase classname="tests.test_uln_phase_b_crud.TestEndpointCRUD" name="test_distribution_summary_updates" time="0.163" /><testcase classname="tests.test_uln_phase_b_crud.TestEndpointCRUD" name="test_update_endpoint_success" time="0.142" /><testcase classname="tests.test_uln_phase_b_crud.TestEndpointCRUD" name="test_update_endpoint_verify_persistence" time="0.298" /><testcase classname="tests.test_uln_phase_b_crud.TestEndpointCRUD" name="test_update_nonexistent_endpoint" time="0.151" /><testcase classname="tests.test_uln_phase_b_crud.TestEndpointCRUD" name="test_delete_endpoint_success" time="0.475" /><testcase classname="tests.test_uln_phase_b_crud.TestEndpointCRUD" name="test_delete_nonexistent_endpoint" time="0.269" /><testcase classname="tests.test_uln_phase_b_crud.TestAuditSnapshotV2" name="test_audit_snapshot_v2_schema" time="0.988" /><testcase classname="tests.test_uln_phase_b_crud.TestAuditSnapshotV2" name="test_audit_snapshot_includes_rights" time="0.213" /><testcase classname="tests.test_uln_phase_b_crud.TestAuditSnapshotV2" name="test_audit_snapshot_includes_catalog" time="0.166" /><testcase classname="tests.test_uln_phase_b_crud.TestAuditSnapshotV2" name="test_audit_snapshot_includes_distribution" time="0.442" /><testcase classname="tests.test_uln_phase_b_crud.TestDeleteCascade" name="test_delete_asset_removes_rights" time="1.028" /></testsuite></testsuites>