<?xml version="1.0" encoding="utf-8"?><testsuites name="pytest tests"><testsuite name="pytest" errors="0" failures="0" skipped="0" tests="14" time="25.464" timestamp="2026-03-25T15:49:16.046159+00:00" hostname="agent-env-44628e9c-6883-45a4-8322-a35968218d88"><testcase classname="tests.test_uln_label_members.TestULNLabelMembersAuth" name="test_login_success" time="19.170" /><testcase classname="tests.test_uln_label_members.TestMyLabelsEndpoint" name="test_get_my_labels_returns_list" time="0.606" /><testcase classname="tests.test_uln_label_members.TestMyLabelsEndpoint" name="test_my_labels_without_auth_fails" time="0.373" /><testcase classname="tests.test_uln_label_members.TestRolesEndpoint" name="test_get_roles_returns_valid_roles" time="0.536" /><testcase classname="tests.test_uln_label_members.TestLabelMembersEndpoints" name="test_get_label_members" time="0.807" /><testcase classname="tests.test_uln_label_members.TestLabelMembersEndpoints" name="test_get_my_role_in_label" time="0.132" /><testcase classname="tests.test_uln_label_members.TestLabelMembersEndpoints" name="test_add_member_rejects_invalid_role" time="0.152" /><testcase classname="tests.test_uln_label_members.TestLabelMembersEndpoints" name="test_add_member_rejects_duplicate" time="0.160" /><testcase classname="tests.test_uln_label_members.TestLabelMembersEndpoints" name="test_add_member_requires_email_or_user_id" time="0.140" /><testcase classname="tests.test_uln_label_members.TestOwnerProtection" name="test_cannot_remove_last_owner" time="0.892" /><testcase classname="tests.test_uln_label_members.TestOwnerProtection" name="test_cannot_demote_last_owner" time="0.146" /><testcase classname="tests.test_uln_label_members.TestRoleChangeEndpoint" name="test_change_role_rejects_invalid_role" time="0.982" /><testcase classname="tests.test_uln_label_members.TestRoleChangeEndpoint" name="test_change_role_for_nonexistent_member" time="0.158" /><testcase classname="tests.test_uln_label_members.TestRemoveMemberEndpoint" name="test_remove_nonexistent_member" time="0.775" /></testsuite></testsuites>