<?xml version="1.0" encoding="utf-8"?><testsuites name="pytest tests"><testsuite name="pytest" errors="0" failures="0" skipped="0" tests="23" time="24.164" timestamp="2026-03-23T16:30:43.678286+00:00" hostname="agent-env-d5bf208a-da56-4c95-8ee2-18f59e6d9bed"><testcase classname="tests.test_uln_enhanced_features.TestBlockchainEndpoints" name="test_blockchain_stats" time="17.630" /><testcase classname="tests.test_uln_enhanced_features.TestBlockchainEndpoints" name="test_get_blocks" time="0.174" /><testcase classname="tests.test_uln_enhanced_features.TestBlockchainEndpoints" name="test_add_transaction" time="0.214" /><testcase classname="tests.test_uln_enhanced_features.TestBlockchainEndpoints" name="test_get_transactions" time="0.145" /><testcase classname="tests.test_uln_enhanced_features.TestBlockchainEndpoints" name="test_mine_block" time="0.331" /><testcase classname="tests.test_uln_enhanced_features.TestBlockchainEndpoints" name="test_verify_chain" time="0.164" /><testcase classname="tests.test_uln_enhanced_features.TestBlockchainEndpoints" name="test_deploy_contract" time="0.196" /><testcase classname="tests.test_uln_enhanced_features.TestBlockchainEndpoints" name="test_get_contracts" time="0.134" /><testcase classname="tests.test_uln_enhanced_features.TestAnalyticsEndpoints" name="test_seed_royalties" time="0.536" /><testcase classname="tests.test_uln_enhanced_features.TestAnalyticsEndpoints" name="test_cross_label_performance" time="0.363" /><testcase classname="tests.test_uln_enhanced_features.TestAnalyticsEndpoints" name="test_revenue_trends" time="0.179" /><testcase classname="tests.test_uln_enhanced_features.TestAnalyticsEndpoints" name="test_genre_breakdown" time="0.172" /><testcase classname="tests.test_uln_enhanced_features.TestAnalyticsEndpoints" name="test_territory_breakdown" time="0.200" /><testcase classname="tests.test_uln_enhanced_features.TestAnalyticsEndpoints" name="test_content_sharing_analytics" time="0.237" /><testcase classname="tests.test_uln_enhanced_features.TestAnalyticsEndpoints" name="test_dao_analytics" time="0.146" /><testcase classname="tests.test_uln_enhanced_features.TestOnboardingEndpoints" name="test_start_onboarding" time="0.513" /><testcase classname="tests.test_uln_enhanced_features.TestOnboardingEndpoints" name="test_save_step" time="0.336" /><testcase classname="tests.test_uln_enhanced_features.TestOnboardingEndpoints" name="test_get_session" time="0.124" /><testcase classname="tests.test_uln_enhanced_features.TestOnboardingEndpoints" name="test_complete_onboarding_flow" time="0.937" /><testcase classname="tests.test_uln_enhanced_features.TestMessagingEndpoints" name="test_create_thread" time="0.570" /><testcase classname="tests.test_uln_enhanced_features.TestMessagingEndpoints" name="test_send_message" time="0.294" /><testcase classname="tests.test_uln_enhanced_features.TestMessagingEndpoints" name="test_get_threads" time="0.151" /><testcase classname="tests.test_uln_enhanced_features.TestMessagingEndpoints" name="test_get_thread_messages" time="0.146" /></testsuite></testsuites>