<?xml version="1.0" encoding="utf-8"?><testsuites name="pytest tests"><testsuite name="pytest" errors="0" failures="0" skipped="0" tests="22" time="27.446" timestamp="2026-03-27T23:16:52.298236+00:00" hostname="agent-env-9011f490-0735-4aa9-be48-fdd31ecd7e99"><testcase classname="tests.test_uln_notifications.TestNotificationCRUD" name="test_list_notifications" time="18.155" /><testcase classname="tests.test_uln_notifications.TestNotificationCRUD" name="test_list_notifications_with_label_filter" time="0.160" /><testcase classname="tests.test_uln_notifications.TestNotificationCRUD" name="test_list_notifications_with_type_filter" time="0.167" /><testcase classname="tests.test_uln_notifications.TestNotificationCRUD" name="test_list_notifications_unread_only" time="0.148" /><testcase classname="tests.test_uln_notifications.TestNotificationCRUD" name="test_get_unread_count" time="0.135" /><testcase classname="tests.test_uln_notifications.TestNotificationCRUD" name="test_get_unread_count_with_label" time="0.134" /><testcase classname="tests.test_uln_notifications.TestNotificationCRUD" name="test_create_notification" time="0.173" /><testcase classname="tests.test_uln_notifications.TestNotificationCRUD" name="test_create_and_verify_notification" time="0.313" /><testcase classname="tests.test_uln_notifications.TestNotificationActions" name="test_mark_notification_read" time="0.825" /><testcase classname="tests.test_uln_notifications.TestNotificationActions" name="test_mark_notification_read_not_found" time="0.135" /><testcase classname="tests.test_uln_notifications.TestNotificationActions" name="test_mark_all_read" time="0.561" /><testcase classname="tests.test_uln_notifications.TestNotificationActions" name="test_delete_notification" time="0.412" /><testcase classname="tests.test_uln_notifications.TestNotificationActions" name="test_delete_notification_not_found" time="0.142" /><testcase classname="tests.test_uln_notifications.TestNotificationActions" name="test_clear_all_notifications" time="0.560" /><testcase classname="tests.test_uln_notifications.TestNotificationPreferences" name="test_get_preferences" time="0.499" /><testcase classname="tests.test_uln_notifications.TestNotificationPreferences" name="test_update_preferences_enabled" time="0.555" /><testcase classname="tests.test_uln_notifications.TestNotificationPreferences" name="test_update_preferences_muted_types" time="0.431" /><testcase classname="tests.test_uln_notifications.TestNotificationPagination" name="test_pagination_params" time="0.527" /><testcase classname="tests.test_uln_notifications.TestNotificationPagination" name="test_pagination_has_more" time="0.123" /><testcase classname="tests.test_uln_notifications.TestNotificationTypes" name="test_create_all_notification_types" time="2.306" /><testcase classname="tests.test_uln_notifications.TestNotificationTypes" name="test_create_all_severities" time="0.524" /><testcase classname="tests.test_uln_notifications.TestNotificationTypes" name="test_invalid_type_defaults_to_system" time="0.277" /></testsuite></testsuites>