<?xml version="1.0" encoding="utf-8"?><testsuites name="pytest tests"><testsuite name="pytest" errors="0" failures="0" skipped="0" tests="20" time="22.674" timestamp="2026-03-25T17:02:43.634712+00:00" hostname="agent-env-96b11902-af85-4ada-9e31-c12f620d60b3"><testcase classname="tests.test_uln_catalog_distribution.TestAuthentication" name="test_catalog_requires_auth" time="17.730" /><testcase classname="tests.test_uln_catalog_distribution.TestAuthentication" name="test_distribution_requires_auth" time="0.185" /><testcase classname="tests.test_uln_catalog_distribution.TestAuthentication" name="test_audit_snapshot_requires_auth" time="0.144" /><testcase classname="tests.test_uln_catalog_distribution.TestCatalogEndpoint" name="test_catalog_returns_200_for_valid_label" time="0.689" /><testcase classname="tests.test_uln_catalog_distribution.TestCatalogEndpoint" name="test_catalog_assets_have_required_fields" time="0.152" /><testcase classname="tests.test_uln_catalog_distribution.TestCatalogEndpoint" name="test_catalog_returns_404_for_nonexistent_label" time="0.150" /><testcase classname="tests.test_uln_catalog_distribution.TestCatalogEndpoint" name="test_catalog_seed_data_indicator" time="0.220" /><testcase classname="tests.test_uln_catalog_distribution.TestDistributionStatusEndpoint" name="test_distribution_returns_200_for_valid_label" time="0.509" /><testcase classname="tests.test_uln_catalog_distribution.TestDistributionStatusEndpoint" name="test_distribution_summary_has_metrics" time="0.151" /><testcase classname="tests.test_uln_catalog_distribution.TestDistributionStatusEndpoint" name="test_distribution_endpoints_have_required_fields" time="0.150" /><testcase classname="tests.test_uln_catalog_distribution.TestDistributionStatusEndpoint" name="test_distribution_returns_404_for_nonexistent_label" time="0.145" /><testcase classname="tests.test_uln_catalog_distribution.TestDistributionStatusEndpoint" name="test_distribution_health_percentage_calculation" time="0.149" /><testcase classname="tests.test_uln_catalog_distribution.TestAuditSnapshotEndpoint" name="test_audit_snapshot_returns_200_for_valid_label" time="0.577" /><testcase classname="tests.test_uln_catalog_distribution.TestAuditSnapshotEndpoint" name="test_audit_snapshot_has_content_disposition_header" time="0.174" /><testcase classname="tests.test_uln_catalog_distribution.TestAuditSnapshotEndpoint" name="test_audit_snapshot_is_valid_json" time="0.147" /><testcase classname="tests.test_uln_catalog_distribution.TestAuditSnapshotEndpoint" name="test_audit_snapshot_contains_required_sections" time="0.137" /><testcase classname="tests.test_uln_catalog_distribution.TestAuditSnapshotEndpoint" name="test_audit_snapshot_returns_404_for_nonexistent_label" time="0.149" /><testcase classname="tests.test_uln_catalog_distribution.TestAuditSnapshotEndpoint" name="test_audit_snapshot_content_type_is_json" time="0.171" /><testcase classname="tests.test_uln_catalog_distribution.TestLabelSwitcherIntegration" name="test_me_labels_endpoint_still_works" time="0.556" /><testcase classname="tests.test_uln_catalog_distribution.TestLabelSwitcherIntegration" name="test_members_endpoint_still_works" time="0.233" /></testsuite></testsuites>