<?xml version="1.0" encoding="utf-8"?><testsuites name="pytest tests"><testsuite name="pytest" errors="0" failures="0" skipped="0" tests="30" time="27.190" timestamp="2026-03-25T18:22:03.800263+00:00" hostname="agent-env-2c9df8e7-b7ff-4968-b4c1-c577542e99ff"><testcase classname="tests.test_uln_governance_disputes.TestGovernanceRules" name="test_01_list_governance_rules" time="19.803" /><testcase classname="tests.test_uln_governance_disputes.TestGovernanceRules" name="test_02_create_governance_rule_voting" time="0.132" /><testcase classname="tests.test_uln_governance_disputes.TestGovernanceRules" name="test_03_create_governance_rule_content_approval" time="0.149" /><testcase classname="tests.test_uln_governance_disputes.TestGovernanceRules" name="test_04_create_governance_rule_financial" time="0.158" /><testcase classname="tests.test_uln_governance_disputes.TestGovernanceRules" name="test_05_create_governance_rule_distribution" time="0.139" /><testcase classname="tests.test_uln_governance_disputes.TestGovernanceRules" name="test_06_create_governance_rule_membership" time="0.143" /><testcase classname="tests.test_uln_governance_disputes.TestGovernanceRules" name="test_07_create_governance_rule_invalid_type" time="0.199" /><testcase classname="tests.test_uln_governance_disputes.TestGovernanceRules" name="test_08_update_governance_rule" time="0.169" /><testcase classname="tests.test_uln_governance_disputes.TestGovernanceRules" name="test_09_verify_update_persisted" time="0.187" /><testcase classname="tests.test_uln_governance_disputes.TestGovernanceRules" name="test_10_delete_governance_rule" time="0.153" /><testcase classname="tests.test_uln_governance_disputes.TestGovernanceRules" name="test_11_verify_delete" time="0.180" /><testcase classname="tests.test_uln_governance_disputes.TestDisputes" name="test_01_list_disputes" time="0.536" /><testcase classname="tests.test_uln_governance_disputes.TestDisputes" name="test_02_create_dispute_royalty_split" time="0.153" /><testcase classname="tests.test_uln_governance_disputes.TestDisputes" name="test_03_create_dispute_rights_ownership" time="0.201" /><testcase classname="tests.test_uln_governance_disputes.TestDisputes" name="test_04_create_dispute_distribution" time="0.185" /><testcase classname="tests.test_uln_governance_disputes.TestDisputes" name="test_05_create_dispute_content_takedown" time="0.174" /><testcase classname="tests.test_uln_governance_disputes.TestDisputes" name="test_06_create_dispute_membership" time="0.226" /><testcase classname="tests.test_uln_governance_disputes.TestDisputes" name="test_07_create_dispute_other" time="0.130" /><testcase classname="tests.test_uln_governance_disputes.TestDisputes" name="test_08_create_dispute_invalid_type" time="0.144" /><testcase classname="tests.test_uln_governance_disputes.TestDisputes" name="test_09_get_dispute_detail" time="0.144" /><testcase classname="tests.test_uln_governance_disputes.TestDisputes" name="test_10_update_dispute" time="0.165" /><testcase classname="tests.test_uln_governance_disputes.TestDisputes" name="test_11_respond_to_dispute_comment" time="0.182" /><testcase classname="tests.test_uln_governance_disputes.TestDisputes" name="test_12_respond_to_dispute_status_change_under_review" time="0.143" /><testcase classname="tests.test_uln_governance_disputes.TestDisputes" name="test_13_respond_to_dispute_escalate" time="0.183" /><testcase classname="tests.test_uln_governance_disputes.TestDisputes" name="test_14_respond_to_dispute_resolve" time="0.147" /><testcase classname="tests.test_uln_governance_disputes.TestDisputes" name="test_15_list_disputes_with_status_filter" time="0.163" /><testcase classname="tests.test_uln_governance_disputes.TestDisputes" name="test_16_verify_dispute_timeline" time="0.135" /><testcase classname="tests.test_uln_governance_disputes.TestGovernanceDisputesSummary" name="test_01_get_summary" time="0.559" /><testcase classname="tests.test_uln_governance_disputes.TestCleanup" name="test_cleanup_test_governance_rules" time="1.071" /><testcase classname="tests.test_uln_governance_disputes.TestCleanup" name="test_cleanup_test_disputes" time="0.876" /></testsuite></testsuites>