<?xml version="1.0" encoding="utf-8"?><testsuites name="pytest tests"><testsuite name="pytest" errors="0" failures="0" skipped="0" tests="15" time="29.648" timestamp="2026-03-23T22:51:40.664775+00:00" hostname="agent-env-44628e9c-6883-45a4-8322-a35968218d88"><testcase classname="tests.test_url_scrapers_manual_metrics.TestURLScrapersManualMetrics" name="test_url_detect_facebook_page" time="17.102" /><testcase classname="tests.test_url_scrapers_manual_metrics.TestURLScrapersManualMetrics" name="test_url_detect_facebook_profile_id" time="0.522" /><testcase classname="tests.test_url_scrapers_manual_metrics.TestURLScrapersManualMetrics" name="test_url_detect_instagram_profile" time="0.445" /><testcase classname="tests.test_url_scrapers_manual_metrics.TestURLScrapersManualMetrics" name="test_url_detect_instagram_with_at_symbol" time="0.427" /><testcase classname="tests.test_url_scrapers_manual_metrics.TestURLScrapersManualMetrics" name="test_url_detect_invalid_url" time="0.462" /><testcase classname="tests.test_url_scrapers_manual_metrics.TestURLScrapersManualMetrics" name="test_connect_url_facebook" time="1.811" /><testcase classname="tests.test_url_scrapers_manual_metrics.TestURLScrapersManualMetrics" name="test_connect_url_instagram" time="1.090" /><testcase classname="tests.test_url_scrapers_manual_metrics.TestURLScrapersManualMetrics" name="test_connect_url_with_manual_metrics" time="0.878" /><testcase classname="tests.test_url_scrapers_manual_metrics.TestURLScrapersManualMetrics" name="test_connect_url_instagram_with_manual_metrics" time="0.927" /><testcase classname="tests.test_url_scrapers_manual_metrics.TestURLScrapersManualMetrics" name="test_dashboard_metrics_includes_manual" time="2.055" /><testcase classname="tests.test_url_scrapers_manual_metrics.TestURLScrapersManualMetrics" name="test_platform_metrics_shows_fb_ig" time="1.845" /><testcase classname="tests.test_url_scrapers_manual_metrics.TestURLScrapersManualMetrics" name="test_url_supported_platforms" time="0.437" /><testcase classname="tests.test_url_scrapers_manual_metrics.TestURLScrapersManualMetrics" name="test_connections_shows_url_connect_info" time="0.465" /><testcase classname="tests.test_url_scrapers_manual_metrics.TestURLDetectionFormats" name="test_facebook_url_formats" time="0.427" /><testcase classname="tests.test_url_scrapers_manual_metrics.TestURLDetectionFormats" name="test_instagram_url_formats" time="0.625" /></testsuite></testsuites>