<?xml version="1.0" encoding="utf-8"?><testsuites name="pytest tests"><testsuite name="pytest" errors="0" failures="0" skipped="0" tests="30" time="39.594" timestamp="2026-03-09T22:46:50.117492+00:00" hostname="agent-env-a11fcab8-2288-4d62-8c50-25286ec5c217"><testcase classname="tests.test_url_connections.TestURLConnections" name="test_url_supported_returns_platforms" time="16.648" /><testcase classname="tests.test_url_connections.TestURLConnections" name="test_url_supported_includes_expected_platforms" time="0.507" /><testcase classname="tests.test_url_connections.TestURLConnections" name="test_url_supported_has_url_examples" time="0.562" /><testcase classname="tests.test_url_connections.TestURLConnections" name="test_url_detect_youtube" time="0.516" /><testcase classname="tests.test_url_connections.TestURLConnections" name="test_url_detect_twitter_x" time="0.504" /><testcase classname="tests.test_url_connections.TestURLConnections" name="test_url_detect_reddit" time="0.563" /><testcase classname="tests.test_url_connections.TestURLConnections" name="test_url_detect_tiktok" time="0.484" /><testcase classname="tests.test_url_connections.TestURLConnections" name="test_url_detect_instagram" time="0.584" /><testcase classname="tests.test_url_connections.TestURLConnections" name="test_url_detect_invalid_url_returns_400" time="0.494" /><testcase classname="tests.test_url_connections.TestURLConnections" name="test_url_detect_empty_url_returns_400" time="0.532" /><testcase classname="tests.test_url_connections.TestURLConnections" name="test_connect_url_tiktok" time="1.101" /><testcase classname="tests.test_url_connections.TestURLConnections" name="test_connect_url_auto_detects_platform" time="0.785" /><testcase classname="tests.test_url_connections.TestURLConnections" name="test_connect_url_returns_initial_metrics" time="1.074" /><testcase classname="tests.test_url_connections.TestURLConnections" name="test_connect_url_saves_credentials_with_profile_url" time="0.754" /><testcase classname="tests.test_url_connections.TestURLConnections" name="test_bulk_connect_urls" time="0.486" /><testcase classname="tests.test_url_connections.TestURLConnections" name="test_bulk_connect_handles_invalid_urls" time="0.514" /><testcase classname="tests.test_url_connections.TestURLConnections" name="test_connections_includes_url_fields" time="0.555" /><testcase classname="tests.test_url_connections.TestURLConnections" name="test_connections_url_connected_platforms_have_via_url" time="1.086" /><testcase classname="tests.test_url_connections.TestURLConnections" name="test_dashboard_metrics_includes_source_method" time="4.536" /><testcase classname="tests.test_url_connections.TestURLConnections" name="test_dashboard_live_count_includes_url_connections" time="1.849" /><testcase classname="tests.test_url_connections.TestURLDetectionPatterns" name="test_twitter_old_domain" time="0.519" /><testcase classname="tests.test_url_connections.TestURLDetectionPatterns" name="test_twitter_with_at_symbol" time="0.521" /><testcase classname="tests.test_url_connections.TestURLDetectionPatterns" name="test_youtube_channel_format" time="0.502" /><testcase classname="tests.test_url_connections.TestURLDetectionPatterns" name="test_youtube_user_format" time="0.499" /><testcase classname="tests.test_url_connections.TestURLDetectionPatterns" name="test_reddit_u_format" time="0.525" /><testcase classname="tests.test_url_connections.TestURLDetectionPatterns" name="test_spotify_artist_format" time="0.532" /><testcase classname="tests.test_url_connections.TestURLDetectionPatterns" name="test_linkedin_in_format" time="0.523" /><testcase classname="tests.test_url_connections.TestURLDetectionPatterns" name="test_linkedin_company_format" time="0.633" /><testcase classname="tests.test_url_connections.TestURLDetectionPatterns" name="test_twitch_format" time="0.496" /><testcase classname="tests.test_url_connections.TestURLDetectionPatterns" name="test_threads_format" time="0.495" /></testsuite></testsuites>