<?xml version="1.0" encoding="utf-8"?><testsuites name="pytest tests"><testsuite name="pytest" errors="0" failures="0" skipped="0" tests="25" time="25.256" timestamp="2026-03-11T16:00:09.823155+00:00" hostname="agent-env-7ed89503-793a-4d1f-b7d3-087432336b38"><testcase classname="tests.test_url_adapters_25.TestURLSupportedEndpoint" name="test_url_supported_returns_25_platforms" time="16.138" /><testcase classname="tests.test_url_adapters_25.TestURLSupportedEndpoint" name="test_url_supported_includes_all_25_platforms" time="0.186" /><testcase classname="tests.test_url_adapters_25.TestURLSupportedEndpoint" name="test_url_supported_has_examples" time="0.201" /><testcase classname="tests.test_url_adapters_25.TestURLDetectNewPlatforms" name="test_detect_github" time="0.178" /><testcase classname="tests.test_url_adapters_25.TestURLDetectNewPlatforms" name="test_detect_medium" time="0.139" /><testcase classname="tests.test_url_adapters_25.TestURLDetectNewPlatforms" name="test_detect_kick" time="0.156" /><testcase classname="tests.test_url_adapters_25.TestURLDetectNewPlatforms" name="test_detect_bluesky" time="0.156" /><testcase classname="tests.test_url_adapters_25.TestURLDetectNewPlatforms" name="test_detect_telegram" time="0.161" /><testcase classname="tests.test_url_adapters_25.TestURLDetectNewPlatforms" name="test_detect_discord" time="0.174" /><testcase classname="tests.test_url_adapters_25.TestURLDetectNewPlatforms" name="test_detect_tumblr" time="0.156" /><testcase classname="tests.test_url_adapters_25.TestURLDetectNewPlatforms" name="test_detect_dailymotion" time="0.146" /><testcase classname="tests.test_url_adapters_25.TestURLDetectNewPlatforms" name="test_detect_bandcamp" time="0.178" /><testcase classname="tests.test_url_adapters_25.TestURLDetectNewPlatforms" name="test_detect_audiomack" time="0.133" /><testcase classname="tests.test_url_adapters_25.TestURLDetectNewPlatforms" name="test_detect_mixcloud" time="0.142" /><testcase classname="tests.test_url_adapters_25.TestURLDetectNewPlatforms" name="test_detect_snapchat" time="0.173" /><testcase classname="tests.test_url_adapters_25.TestConnectURLNewPlatforms" name="test_connect_bluesky_via_url" time="0.644" /><testcase classname="tests.test_url_adapters_25.TestConnectURLNewPlatforms" name="test_connect_discord_via_url" time="0.770" /><testcase classname="tests.test_url_adapters_25.TestConnectURLNewPlatforms" name="test_connect_github_via_url" time="0.706" /><testcase classname="tests.test_url_adapters_25.TestConnectURLNewPlatforms" name="test_connect_telegram_via_url" time="0.922" /><testcase classname="tests.test_url_adapters_25.TestBulkConnectNewPlatforms" name="test_bulk_connect_new_platforms" time="0.571" /><testcase classname="tests.test_url_adapters_25.TestDashboardWithNewPlatforms" name="test_dashboard_shows_connected_platforms" time="1.621" /><testcase classname="tests.test_url_adapters_25.TestConnectionsMetadata" name="test_connections_include_url_metadata" time="0.535" /><testcase classname="tests.test_url_adapters_25.TestConnectionsMetadata" name="test_connections_include_url_examples" time="0.556" /><testcase classname="tests.test_url_adapters_25.TestPlatformConfig" name="test_platforms_endpoint_returns_123" time="0.162" /><testcase classname="tests.test_url_adapters_25.TestPlatformConfig" name="test_new_platforms_in_config" time="0.158" /></testsuite></testsuites>