<?xml version="1.0" encoding="utf-8"?><testsuites name="pytest tests"><testsuite name="pytest" errors="0" failures="0" skipped="0" tests="20" time="19.469" timestamp="2026-03-12T20:34:43.010720+00:00" hostname="agent-env-b917022c-d4d9-4c00-9409-1d82ea77680e"><testcase classname="tests.test_verification_features.TestAuthentication" name="test_login_returns_access_token" time="14.999" /><testcase classname="tests.test_verification_features.TestDistributionHubAdapters" name="test_adapters_endpoint_returns_10_platforms" time="0.159" /><testcase classname="tests.test_verification_features.TestDistributionHubAdapters" name="test_adapters_include_app_base_url" time="0.151" /><testcase classname="tests.test_verification_features.TestCredentialsGuide" name="test_credentials_guide_endpoint" time="0.149" /><testcase classname="tests.test_verification_features.TestCredentialsGuide" name="test_bluesky_credentials_structure" time="0.170" /><testcase classname="tests.test_verification_features.TestCredentialsGuide" name="test_telegram_credentials_structure" time="0.141" /><testcase classname="tests.test_verification_features.TestCreatorAnalytics" name="test_anomalies_endpoint_structure" time="0.515" /><testcase classname="tests.test_verification_features.TestCreatorAnalytics" name="test_demographics_endpoint_structure" time="0.155" /><testcase classname="tests.test_verification_features.TestCreatorAnalytics" name="test_revenue_overview_endpoint_structure" time="0.138" /><testcase classname="tests.test_verification_features.TestCreatorAnalytics" name="test_best_times_endpoint_structure" time="0.138" /><testcase classname="tests.test_verification_features.TestCreatorAnalytics" name="test_geo_endpoint_structure" time="0.161" /><testcase classname="tests.test_verification_features.TestNotifications" name="test_notifications_endpoint" time="0.536" /><testcase classname="tests.test_verification_features.TestNotifications" name="test_notifications_unread_count" time="0.140" /><testcase classname="tests.test_verification_features.TestSocialPlatforms" name="test_platforms_endpoint_returns_123" time="0.187" /><testcase classname="tests.test_verification_features.TestSocialPlatforms" name="test_platforms_categorized_properly" time="0.148" /><testcase classname="tests.test_verification_features.TestDistributionHubContent" name="test_content_library_endpoint" time="0.574" /><testcase classname="tests.test_verification_features.TestDistributionHubContent" name="test_create_content_with_file_url" time="0.170" /><testcase classname="tests.test_verification_features.TestDistributionHubContent" name="test_hub_stats_endpoint" time="0.198" /><testcase classname="tests.test_verification_features.TestHealthAndConnectivity" name="test_api_health" time="0.135" /><testcase classname="tests.test_verification_features.TestHealthAndConnectivity" name="test_root_endpoint" time="0.328" /></testsuite></testsuites>