<?xml version="1.0" encoding="utf-8"?><testsuites name="pytest tests"><testsuite name="pytest" errors="0" failures="0" skipped="0" tests="17" time="24.918" timestamp="2026-04-08T13:21:00.461670+00:00" hostname="agent-env-3dad495d-aa4a-4dab-9ca6-6cc7cd5874f4"><testcase classname="tests.test_vite_migration.TestHealthEndpoints" name="test_root_endpoint" time="20.939" /><testcase classname="tests.test_vite_migration.TestHealthEndpoints" name="test_cve_monitor_health" time="0.250" /><testcase classname="tests.test_vite_migration.TestAuthEndpoints" name="test_owner_login_success" time="0.452" /><testcase classname="tests.test_vite_migration.TestAuthEndpoints" name="test_cve_admin_login_success" time="0.423" /><testcase classname="tests.test_vite_migration.TestAuthEndpoints" name="test_login_invalid_credentials" time="0.180" /><testcase classname="tests.test_vite_migration.TestGS1Endpoints" name="test_quick_actions_summary" time="0.197" /><testcase classname="tests.test_vite_migration.TestGS1Endpoints" name="test_governance_overview" time="0.171" /><testcase classname="tests.test_vite_migration.TestCVEMonitorEndpoints" name="test_cve_monitor_stats" time="0.173" /><testcase classname="tests.test_vite_migration.TestCVEMonitorEndpoints" name="test_cve_monitor_feed" time="0.163" /><testcase classname="tests.test_vite_migration.TestCVEMonitorEndpoints" name="test_cve_monitor_alerts" time="0.148" /><testcase classname="tests.test_vite_migration.TestProtectedEndpoints" name="test_auth_me_endpoint" time="0.652" /><testcase classname="tests.test_vite_migration.TestProtectedEndpoints" name="test_auth_me_without_token" time="0.158" /><testcase classname="tests.test_vite_migration.TestFrontendRoutes" name="test_homepage" time="0.168" /><testcase classname="tests.test_vite_migration.TestFrontendRoutes" name="test_login_page" time="0.178" /><testcase classname="tests.test_vite_migration.TestFrontendRoutes" name="test_about_page" time="0.163" /><testcase classname="tests.test_vite_migration.TestFrontendRoutes" name="test_platforms_page" time="0.149" /><testcase classname="tests.test_vite_migration.TestFrontendRoutes" name="test_register_page" time="0.179" /></testsuite></testsuites>