<?xml version="1.0" encoding="utf-8"?><testsuites name="pytest tests"><testsuite name="pytest" errors="0" failures="0" skipped="1" tests="10" time="31.858" timestamp="2026-03-15T19:12:55.606592+00:00" hostname="agent-env-6b2762e8-46b0-4125-8f04-244e16ab7ca1"><testcase classname="tests.test_websocket_delivery.TestWebSocketDeliveryEndpoint" name="test_websocket_rejects_connection_without_user_id" time="2.002" /><testcase classname="tests.test_websocket_delivery.TestWebSocketDeliveryEndpoint" name="test_websocket_accepts_connection_with_user_id" time="17.510" /><testcase classname="tests.test_websocket_delivery.TestWebSocketDeliveryEndpoint" name="test_websocket_responds_to_ping_with_pong" time="3.049" /><testcase classname="tests.test_websocket_delivery.TestBatchProgressHTTPEndpoint" name="test_batch_progress_endpoint_exists" time="0.578" /><testcase classname="tests.test_websocket_delivery.TestBatchProgressHTTPEndpoint" name="test_batch_progress_unauthorized_access" time="0.170" /><testcase classname="tests.test_websocket_delivery.TestDeliveryEngineIntegration" name="test_distribution_hub_stats_endpoint" time="0.571" /><testcase classname="tests.test_websocket_delivery.TestDeliveryEngineIntegration" name="test_distribution_hub_content_endpoint" time="0.165" /><testcase classname="tests.test_websocket_delivery.TestDeliveryEngineIntegration" name="test_distribution_hub_deliveries_endpoint" time="0.165" /><testcase classname="tests.test_websocket_delivery.TestDeliveryEngineIntegration" name="test_full_websocket_delivery_flow" time="7.529" /><testcase classname="tests.test_websocket_delivery.TestDeliveryWebSocketManager" name="test_manager_module_import" time="0.001"><skipped type="pytest.skip" message="Module import test requires backend context">/app/backend/tests/test_websocket_delivery.py:405: Module import test requires backend context</skipped></testcase></testsuite></testsuites>